{"C:\\Users\\KreshOS\\Documents\\00-Progetti\\VisTest\\components\\index.ts": {"path":"C:\\Users\\KreshOS\\Documents\\00-Progetti\\VisTest\\components\\index.ts","statementMap":{},"fnMap":{},"branchMap":{},"s":{},"f":{},"b":{}}
,"C:\\Users\\KreshOS\\Documents\\00-Progetti\\VisTest\\components\\Assignment\\index.ts": {"path":"C:\\Users\\KreshOS\\Documents\\00-Progetti\\VisTest\\components\\Assignment\\index.ts","statementMap":{},"fnMap":{},"branchMap":{},"s":{},"f":{},"b":{}}
,"C:\\Users\\KreshOS\\Documents\\00-Progetti\\VisTest\\components\\Brand\\index.ts": {"path":"C:\\Users\\KreshOS\\Documents\\00-Progetti\\VisTest\\components\\Brand\\index.ts","statementMap":{},"fnMap":{},"branchMap":{},"s":{},"f":{},"b":{}}
,"C:\\Users\\KreshOS\\Documents\\00-Progetti\\VisTest\\components\\Dashboard\\index.ts": {"path":"C:\\Users\\KreshOS\\Documents\\00-Progetti\\VisTest\\components\\Dashboard\\index.ts","statementMap":{},"fnMap":{},"branchMap":{},"s":{},"f":{},"b":{}}
,"C:\\Users\\KreshOS\\Documents\\00-Progetti\\VisTest\\components\\Foundation\\index.ts": {"path":"C:\\Users\\KreshOS\\Documents\\00-Progetti\\VisTest\\components\\Foundation\\index.ts","statementMap":{},"fnMap":{},"branchMap":{},"s":{},"f":{},"b":{}}
,"C:\\Users\\KreshOS\\Documents\\00-Progetti\\VisTest\\components\\Hierarchy\\index.ts": {"path":"C:\\Users\\KreshOS\\Documents\\00-Progetti\\VisTest\\components\\Hierarchy\\index.ts","statementMap":{},"fnMap":{},"branchMap":{},"s":{},"f":{},"b":{}}
,"C:\\Users\\KreshOS\\Documents\\00-Progetti\\VisTest\\components\\Icons\\index.ts": {"path":"C:\\Users\\KreshOS\\Documents\\00-Progetti\\VisTest\\components\\Icons\\index.ts","statementMap":{},"fnMap":{},"branchMap":{},"s":{},"f":{},"b":{}}
,"C:\\Users\\KreshOS\\Documents\\00-Progetti\\VisTest\\components\\MatchResult\\index.ts": {"path":"C:\\Users\\KreshOS\\Documents\\00-Progetti\\VisTest\\components\\MatchResult\\index.ts","statementMap":{},"fnMap":{},"branchMap":{},"s":{},"f":{},"b":{}}
,"C:\\Users\\KreshOS\\Documents\\00-Progetti\\VisTest\\components\\Status\\StatusSizeSystem.tsx": {"path":"C:\\Users\\KreshOS\\Documents\\00-Progetti\\VisTest\\components\\Status\\StatusSizeSystem.tsx","statementMap":{"0":{"start":{"line":42,"column":80},"end":{"line":121,"column":1}},"1":{"start":{"line":125,"column":35},"end":{"line":127,"column":1}},"2":{"start":{"line":126,"column":2},"end":{"line":126,"column":33}},"3":{"start":{"line":129,"column":33},"end":{"line":183,"column":1}},"4":{"start":{"line":133,"column":17},"end":{"line":133,"column":42}},"5":{"start":{"line":135,"column":31},"end":{"line":139,"column":3}},"6":{"start":{"line":141,"column":2},"end":{"line":182,"column":3}},"7":{"start":{"line":143,"column":6},"end":{"line":149,"column":8}},"8":{"start":{"line":152,"column":6},"end":{"line":157,"column":8}},"9":{"start":{"line":160,"column":6},"end":{"line":164,"column":8}},"10":{"start":{"line":167,"column":6},"end":{"line":171,"column":8}},"11":{"start":{"line":175,"column":6},"end":{"line":181,"column":8}},"12":{"start":{"line":185,"column":28},"end":{"line":191,"column":1}},"13":{"start":{"line":186,"column":17},"end":{"line":186,"column":42}},"14":{"start":{"line":187,"column":2},"end":{"line":190,"column":4}},"15":{"start":{"line":193,"column":28},"end":{"line":200,"column":1}},"16":{"start":{"line":194,"column":17},"end":{"line":194,"column":42}},"17":{"start":{"line":195,"column":2},"end":{"line":199,"column":4}},"18":{"start":{"line":202,"column":35},"end":{"line":210,"column":1}},"19":{"start":{"line":203,"column":17},"end":{"line":203,"column":42}},"20":{"start":{"line":204,"column":2},"end":{"line":209,"column":4}},"21":{"start":{"line":212,"column":31},"end":{"line":217,"column":1}},"22":{"start":{"line":213,"column":17},"end":{"line":213,"column":42}},"23":{"start":{"line":214,"column":2},"end":{"line":216,"column":4}},"24":{"start":{"line":227,"column":33},"end":{"line":259,"column":1}},"25":{"start":{"line":231,"column":72},"end":{"line":231,"column":79}},"26":{"start":{"line":234,"column":2},"end":{"line":241,"column":3}},"27":{"start":{"line":236,"column":4},"end":{"line":240,"column":5}},"28":{"start":{"line":237,"column":20},"end":{"line":237,"column":36}},"29":{"start":{"line":238,"column":21},"end":{"line":238,"column":36}},"30":{"start":{"line":239,"column":20},"end":{"line":239,"column":35}},"31":{"start":{"line":244,"column":2},"end":{"line":256,"column":3}},"32":{"start":{"line":245,"column":4},"end":{"line":249,"column":5}},"33":{"start":{"line":246,"column":20},"end":{"line":246,"column":36}},"34":{"start":{"line":247,"column":21},"end":{"line":247,"column":36}},"35":{"start":{"line":248,"column":20},"end":{"line":248,"column":35}},"36":{"start":{"line":250,"column":9},"end":{"line":256,"column":3}},"37":{"start":{"line":251,"column":4},"end":{"line":255,"column":5}},"38":{"start":{"line":252,"column":20},"end":{"line":252,"column":35}},"39":{"start":{"line":253,"column":21},"end":{"line":253,"column":36}},"40":{"start":{"line":254,"column":20},"end":{"line":254,"column":36}},"41":{"start":{"line":258,"column":2},"end":{"line":258,"column":18}},"42":{"start":{"line":262,"column":45},"end":{"line":270,"column":1}},"43":{"start":{"line":263,"column":17},"end":{"line":263,"column":42}},"44":{"start":{"line":264,"column":25},"end":{"line":264,"column":81}},"45":{"start":{"line":266,"column":2},"end":{"line":269,"column":4}},"46":{"start":{"line":273,"column":33},"end":{"line":275,"column":1}},"47":{"start":{"line":274,"column":2},"end":{"line":274,"column":65}},"48":{"start":{"line":278,"column":28},"end":{"line":286,"column":1}},"49":{"start":{"line":279,"column":57},"end":{"line":283,"column":3}},"50":{"start":{"line":285,"column":2},"end":{"line":285,"column":45}}},"fnMap":{"0":{"name":"(anonymous_0)","decl":{"start":{"line":125,"column":35},"end":{"line":125,"column":36}},"loc":{"start":{"line":125,"column":84},"end":{"line":127,"column":1}},"line":125},"1":{"name":"(anonymous_1)","decl":{"start":{"line":129,"column":33},"end":{"line":129,"column":34}},"loc":{"start":{"line":132,"column":16},"end":{"line":183,"column":1}},"line":132},"2":{"name":"(anonymous_2)","decl":{"start":{"line":185,"column":28},"end":{"line":185,"column":29}},"loc":{"start":{"line":185,"column":98},"end":{"line":191,"column":1}},"line":185},"3":{"name":"(anonymous_3)","decl":{"start":{"line":193,"column":28},"end":{"line":193,"column":29}},"loc":{"start":{"line":193,"column":70},"end":{"line":200,"column":1}},"line":193},"4":{"name":"(anonymous_4)","decl":{"start":{"line":202,"column":35},"end":{"line":202,"column":36}},"loc":{"start":{"line":202,"column":77},"end":{"line":210,"column":1}},"line":202},"5":{"name":"(anonymous_5)","decl":{"start":{"line":212,"column":31},"end":{"line":212,"column":32}},"loc":{"start":{"line":212,"column":73},"end":{"line":217,"column":1}},"line":212},"6":{"name":"(anonymous_6)","decl":{"start":{"line":227,"column":33},"end":{"line":227,"column":34}},"loc":{"start":{"line":230,"column":26},"end":{"line":259,"column":1}},"line":230},"7":{"name":"(anonymous_7)","decl":{"start":{"line":262,"column":45},"end":{"line":262,"column":46}},"loc":{"start":{"line":262,"column":85},"end":{"line":270,"column":1}},"line":262},"8":{"name":"(anonymous_8)","decl":{"start":{"line":273,"column":33},"end":{"line":273,"column":34}},"loc":{"start":{"line":273,"column":62},"end":{"line":275,"column":1}},"line":273},"9":{"name":"(anonymous_9)","decl":{"start":{"line":278,"column":28},"end":{"line":278,"column":29}},"loc":{"start":{"line":278,"column":96},"end":{"line":286,"column":1}},"line":278}},"branchMap":{"0":{"loc":{"start":{"line":131,"column":2},"end":{"line":131,"column":78}},"type":"default-arg","locations":[{"start":{"line":131,"column":72},"end":{"line":131,"column":78}}],"line":131},"1":{"loc":{"start":{"line":141,"column":2},"end":{"line":182,"column":3}},"type":"switch","locations":[{"start":{"line":142,"column":4},"end":{"line":149,"column":8}},{"start":{"line":151,"column":4},"end":{"line":157,"column":8}},{"start":{"line":159,"column":4},"end":{"line":164,"column":8}},{"start":{"line":166,"column":4},"end":{"line":171,"column":8}},{"start":{"line":173,"column":4},"end":{"line":173,"column":16}},{"start":{"line":174,"column":4},"end":{"line":181,"column":8}}],"line":141},"2":{"loc":{"start":{"line":229,"column":2},"end":{"line":229,"column":37}},"type":"default-arg","locations":[{"start":{"line":229,"column":35},"end":{"line":229,"column":37}}],"line":229},"3":{"loc":{"start":{"line":231,"column":10},"end":{"line":231,"column":27}},"type":"default-arg","locations":[{"start":{"line":231,"column":24},"end":{"line":231,"column":27}}],"line":231},"4":{"loc":{"start":{"line":231,"column":29},"end":{"line":231,"column":47}},"type":"default-arg","locations":[{"start":{"line":231,"column":39},"end":{"line":231,"column":47}}],"line":231},"5":{"loc":{"start":{"line":231,"column":49},"end":{"line":231,"column":67}},"type":"default-arg","locations":[{"start":{"line":231,"column":59},"end":{"line":231,"column":67}}],"line":231},"6":{"loc":{"start":{"line":234,"column":2},"end":{"line":241,"column":3}},"type":"if","locations":[{"start":{"line":234,"column":2},"end":{"line":241,"column":3}},{"start":{},"end":{}}],"line":234},"7":{"loc":{"start":{"line":234,"column":6},"end":{"line":234,"column":47}},"type":"binary-expr","locations":[{"start":{"line":234,"column":6},"end":{"line":234,"column":26}},{"start":{"line":234,"column":30},"end":{"line":234,"column":47}}],"line":234},"8":{"loc":{"start":{"line":236,"column":4},"end":{"line":240,"column":5}},"type":"switch","locations":[{"start":{"line":237,"column":6},"end":{"line":237,"column":36}},{"start":{"line":238,"column":6},"end":{"line":238,"column":36}},{"start":{"line":239,"column":6},"end":{"line":239,"column":35}}],"line":236},"9":{"loc":{"start":{"line":244,"column":2},"end":{"line":256,"column":3}},"type":"if","locations":[{"start":{"line":244,"column":2},"end":{"line":256,"column":3}},{"start":{"line":250,"column":9},"end":{"line":256,"column":3}}],"line":244},"10":{"loc":{"start":{"line":245,"column":4},"end":{"line":249,"column":5}},"type":"switch","locations":[{"start":{"line":246,"column":6},"end":{"line":246,"column":36}},{"start":{"line":247,"column":6},"end":{"line":247,"column":36}},{"start":{"line":248,"column":6},"end":{"line":248,"column":35}}],"line":245},"11":{"loc":{"start":{"line":250,"column":9},"end":{"line":256,"column":3}},"type":"if","locations":[{"start":{"line":250,"column":9},"end":{"line":256,"column":3}},{"start":{},"end":{}}],"line":250},"12":{"loc":{"start":{"line":251,"column":4},"end":{"line":255,"column":5}},"type":"switch","locations":[{"start":{"line":252,"column":6},"end":{"line":252,"column":35}},{"start":{"line":253,"column":6},"end":{"line":253,"column":36}},{"start":{"line":254,"column":6},"end":{"line":254,"column":36}}],"line":251},"13":{"loc":{"start":{"line":267,"column":4},"end":{"line":268,"column":50}},"type":"binary-expr","locations":[{"start":{"line":267,"column":4},"end":{"line":267,"column":49}},{"start":{"line":268,"column":4},"end":{"line":268,"column":50}}],"line":267}},"s":{"0":0,"1":0,"2":0,"3":0,"4":0,"5":0,"6":0,"7":0,"8":0,"9":0,"10":0,"11":0,"12":0,"13":0,"14":0,"15":0,"16":0,"17":0,"18":0,"19":0,"20":0,"21":0,"22":0,"23":0,"24":0,"25":0,"26":0,"27":0,"28":0,"29":0,"30":0,"31":0,"32":0,"33":0,"34":0,"35":0,"36":0,"37":0,"38":0,"39":0,"40":0,"41":0,"42":0,"43":0,"44":0,"45":0,"46":0,"47":0,"48":0,"49":0,"50":0},"f":{"0":0,"1":0,"2":0,"3":0,"4":0,"5":0,"6":0,"7":0,"8":0,"9":0},"b":{"0":[0],"1":[0,0,0,0,0,0],"2":[0],"3":[0],"4":[0],"5":[0],"6":[0,0],"7":[0,0],"8":[0,0,0],"9":[0,0],"10":[0,0,0],"11":[0,0],"12":[0,0,0],"13":[0,0]}}
,"C:\\Users\\KreshOS\\Documents\\00-Progetti\\VisTest\\components\\Status\\index.ts": {"path":"C:\\Users\\KreshOS\\Documents\\00-Progetti\\VisTest\\components\\Status\\index.ts","statementMap":{},"fnMap":{},"branchMap":{},"s":{},"f":{},"b":{}}
,"C:\\Users\\KreshOS\\Documents\\00-Progetti\\VisTest\\components\\TouchTarget\\index.ts": {"path":"C:\\Users\\KreshOS\\Documents\\00-Progetti\\VisTest\\components\\TouchTarget\\index.ts","statementMap":{},"fnMap":{},"branchMap":{},"s":{},"f":{},"b":{}}
,"C:\\Users\\KreshOS\\Documents\\00-Progetti\\VisTest\\components\\TouchTarget\\types.ts": {"path":"C:\\Users\\KreshOS\\Documents\\00-Progetti\\VisTest\\components\\TouchTarget\\types.ts","statementMap":{},"fnMap":{},"branchMap":{},"s":{},"f":{},"b":{}}
,"C:\\Users\\KreshOS\\Documents\\00-Progetti\\VisTest\\components\\TournamentInfo\\index.ts": {"path":"C:\\Users\\KreshOS\\Documents\\00-Progetti\\VisTest\\components\\TournamentInfo\\index.ts","statementMap":{},"fnMap":{},"branchMap":{},"s":{},"f":{},"b":{}}
,"C:\\Users\\KreshOS\\Documents\\00-Progetti\\VisTest\\components\\Typography\\index.ts": {"path":"C:\\Users\\KreshOS\\Documents\\00-Progetti\\VisTest\\components\\Typography\\index.ts","statementMap":{},"fnMap":{},"branchMap":{},"s":{},"f":{},"b":{}}
,"C:\\Users\\KreshOS\\Documents\\00-Progetti\\VisTest\\components\\offline\\index.ts": {"path":"C:\\Users\\KreshOS\\Documents\\00-Progetti\\VisTest\\components\\offline\\index.ts","statementMap":{},"fnMap":{},"branchMap":{},"s":{},"f":{},"b":{}}
,"C:\\Users\\KreshOS\\Documents\\00-Progetti\\VisTest\\hooks\\useAppState.ts": {"path":"C:\\Users\\KreshOS\\Documents\\00-Progetti\\VisTest\\hooks\\useAppState.ts","statementMap":{"0":{"start":{"line":60,"column":42},"end":{"line":60,"column":106}},"1":{"start":{"line":61,"column":44},"end":{"line":61,"column":84}},"2":{"start":{"line":62,"column":46},"end":{"line":69,"column":4}},"3":{"start":{"line":70,"column":42},"end":{"line":70,"column":71}},"4":{"start":{"line":71,"column":48},"end":{"line":71,"column":77}},"5":{"start":{"line":72,"column":50},"end":{"line":77,"column":4}},"6":{"start":{"line":79,"column":2},"end":{"line":125,"column":9}},"7":{"start":{"line":80,"column":28},"end":{"line":80,"column":57}},"8":{"start":{"line":83,"column":25},"end":{"line":83,"column":58}},"9":{"start":{"line":84,"column":25},"end":{"line":84,"column":60}},"10":{"start":{"line":85,"column":27},"end":{"line":85,"column":60}},"11":{"start":{"line":87,"column":4},"end":{"line":87,"column":34}},"12":{"start":{"line":88,"column":4},"end":{"line":88,"column":36}},"13":{"start":{"line":89,"column":4},"end":{"line":89,"column":36}},"14":{"start":{"line":90,"column":4},"end":{"line":90,"column":35}},"15":{"start":{"line":92,"column":4},"end":{"line":92,"column":69}},"16":{"start":{"line":95,"column":24},"end":{"line":113,"column":6}},"17":{"start":{"line":96,"column":6},"end":{"line":96,"column":44}},"18":{"start":{"line":97,"column":6},"end":{"line":97,"column":42}},"19":{"start":{"line":98,"column":6},"end":{"line":98,"column":42}},"20":{"start":{"line":101,"column":27},"end":{"line":101,"column":62}},"21":{"start":{"line":102,"column":6},"end":{"line":102,"column":38}},"22":{"start":{"line":105,"column":29},"end":{"line":105,"column":62}},"23":{"start":{"line":106,"column":6},"end":{"line":106,"column":38}},"24":{"start":{"line":108,"column":6},"end":{"line":112,"column":9}},"25":{"start":{"line":116,"column":26},"end":{"line":119,"column":13}},"26":{"start":{"line":117,"column":27},"end":{"line":117,"column":62}},"27":{"start":{"line":118,"column":6},"end":{"line":118,"column":38}},"28":{"start":{"line":121,"column":4},"end":{"line":124,"column":6}},"29":{"start":{"line":122,"column":6},"end":{"line":122,"column":20}},"30":{"start":{"line":123,"column":6},"end":{"line":123,"column":35}},"31":{"start":{"line":128,"column":23},"end":{"line":129,"column":76}},"32":{"start":{"line":131,"column":23},"end":{"line":133,"column":78}},"33":{"start":{"line":135,"column":19},"end":{"line":136,"column":71}},"34":{"start":{"line":138,"column":22},"end":{"line":139,"column":77}},"35":{"start":{"line":142,"column":29},"end":{"line":142,"column":79}},"36":{"start":{"line":143,"column":27},"end":{"line":143,"column":56}},"37":{"start":{"line":145,"column":34},"end":{"line":147,"column":10}},"38":{"start":{"line":150,"column":31},"end":{"line":155,"column":3}},"39":{"start":{"line":158,"column":26},"end":{"line":158,"column":55}},"40":{"start":{"line":160,"column":32},"end":{"line":170,"column":8}},"41":{"start":{"line":161,"column":4},"end":{"line":161,"column":56}},"42":{"start":{"line":164,"column":4},"end":{"line":167,"column":8}},"43":{"start":{"line":164,"column":31},"end":{"line":167,"column":5}},"44":{"start":{"line":169,"column":4},"end":{"line":169,"column":60}},"45":{"start":{"line":172,"column":35},"end":{"line":182,"column":8}},"46":{"start":{"line":173,"column":4},"end":{"line":173,"column":59}},"47":{"start":{"line":176,"column":4},"end":{"line":179,"column":8}},"48":{"start":{"line":176,"column":31},"end":{"line":179,"column":5}},"49":{"start":{"line":181,"column":4},"end":{"line":181,"column":62}},"50":{"start":{"line":184,"column":33},"end":{"line":189,"column":8}},"51":{"start":{"line":185,"column":4},"end":{"line":185,"column":51}},"52":{"start":{"line":186,"column":4},"end":{"line":186,"column":58}},"53":{"start":{"line":186,"column":33},"end":{"line":186,"column":55}},"54":{"start":{"line":188,"column":4},"end":{"line":188,"column":54}},"55":{"start":{"line":191,"column":34},"end":{"line":204,"column":8}},"56":{"start":{"line":192,"column":4},"end":{"line":203,"column":5}},"57":{"start":{"line":193,"column":6},"end":{"line":193,"column":54}},"58":{"start":{"line":196,"column":27},"end":{"line":196,"column":62}},"59":{"start":{"line":197,"column":6},"end":{"line":197,"column":38}},"60":{"start":{"line":199,"column":6},"end":{"line":199,"column":60}},"61":{"start":{"line":201,"column":6},"end":{"line":201,"column":67}},"62":{"start":{"line":202,"column":6},"end":{"line":202,"column":18}},"63":{"start":{"line":206,"column":33},"end":{"line":219,"column":8}},"64":{"start":{"line":207,"column":4},"end":{"line":218,"column":5}},"65":{"start":{"line":208,"column":6},"end":{"line":208,"column":53}},"66":{"start":{"line":211,"column":27},"end":{"line":211,"column":62}},"67":{"start":{"line":212,"column":6},"end":{"line":212,"column":38}},"68":{"start":{"line":214,"column":6},"end":{"line":214,"column":56}},"69":{"start":{"line":216,"column":6},"end":{"line":216,"column":66}},"70":{"start":{"line":217,"column":6},"end":{"line":217,"column":18}},"71":{"start":{"line":221,"column":2},"end":{"line":255,"column":4}},"72":{"start":{"line":275,"column":6},"end":{"line":275,"column":19}},"73":{"start":{"line":277,"column":2},"end":{"line":283,"column":4}},"74":{"start":{"line":316,"column":6},"end":{"line":316,"column":19}},"75":{"start":{"line":318,"column":2},"end":{"line":333,"column":4}},"76":{"start":{"line":354,"column":55},"end":{"line":354,"column":68}},"77":{"start":{"line":357,"column":27},"end":{"line":357,"column":52}},"78":{"start":{"line":358,"column":2},"end":{"line":363,"column":3}},"79":{"start":{"line":358,"column":15},"end":{"line":358,"column":16}},"80":{"start":{"line":359,"column":17},"end":{"line":359,"column":36}},"81":{"start":{"line":360,"column":20},"end":{"line":360,"column":35}},"82":{"start":{"line":361,"column":16},"end":{"line":361,"column":63}},"83":{"start":{"line":362,"column":4},"end":{"line":362,"column":68}},"84":{"start":{"line":365,"column":30},"end":{"line":371,"column":16}},"85":{"start":{"line":367,"column":25},"end":{"line":367,"column":47}},"86":{"start":{"line":368,"column":6},"end":{"line":368,"column":85}},"87":{"start":{"line":370,"column":20},"end":{"line":370,"column":37}},"88":{"start":{"line":374,"column":25},"end":{"line":384,"column":9}},"89":{"start":{"line":376,"column":6},"end":{"line":377,"column":66}},"90":{"start":{"line":380,"column":6},"end":{"line":382,"column":7}},"91":{"start":{"line":381,"column":8},"end":{"line":381,"column":70}},"92":{"start":{"line":383,"column":6},"end":{"line":383,"column":19}},"93":{"start":{"line":386,"column":25},"end":{"line":386,"column":95}},"94":{"start":{"line":387,"column":38},"end":{"line":387,"column":94}},"95":{"start":{"line":389,"column":2},"end":{"line":402,"column":4}}},"fnMap":{"0":{"name":"useAppState","decl":{"start":{"line":59,"column":16},"end":{"line":59,"column":27}},"loc":{"start":{"line":59,"column":49},"end":{"line":256,"column":1}},"line":59},"1":{"name":"(anonymous_1)","decl":{"start":{"line":79,"column":12},"end":{"line":79,"column":13}},"loc":{"start":{"line":79,"column":18},"end":{"line":125,"column":3}},"line":79},"2":{"name":"(anonymous_2)","decl":{"start":{"line":95,"column":63},"end":{"line":95,"column":64}},"loc":{"start":{"line":95,"column":89},"end":{"line":113,"column":5}},"line":95},"3":{"name":"(anonymous_3)","decl":{"start":{"line":116,"column":38},"end":{"line":116,"column":39}},"loc":{"start":{"line":116,"column":44},"end":{"line":119,"column":5}},"line":116},"4":{"name":"(anonymous_4)","decl":{"start":{"line":121,"column":11},"end":{"line":121,"column":12}},"loc":{"start":{"line":121,"column":17},"end":{"line":124,"column":5}},"line":121},"5":{"name":"(anonymous_5)","decl":{"start":{"line":160,"column":44},"end":{"line":160,"column":45}},"loc":{"start":{"line":160,"column":70},"end":{"line":170,"column":3}},"line":160},"6":{"name":"(anonymous_6)","decl":{"start":{"line":164,"column":22},"end":{"line":164,"column":23}},"loc":{"start":{"line":164,"column":31},"end":{"line":167,"column":5}},"line":164},"7":{"name":"(anonymous_7)","decl":{"start":{"line":172,"column":47},"end":{"line":172,"column":48}},"loc":{"start":{"line":172,"column":73},"end":{"line":182,"column":3}},"line":172},"8":{"name":"(anonymous_8)","decl":{"start":{"line":176,"column":22},"end":{"line":176,"column":23}},"loc":{"start":{"line":176,"column":31},"end":{"line":179,"column":5}},"line":176},"9":{"name":"(anonymous_9)","decl":{"start":{"line":184,"column":45},"end":{"line":184,"column":46}},"loc":{"start":{"line":184,"column":94},"end":{"line":189,"column":3}},"line":184},"10":{"name":"(anonymous_10)","decl":{"start":{"line":186,"column":24},"end":{"line":186,"column":25}},"loc":{"start":{"line":186,"column":33},"end":{"line":186,"column":55}},"line":186},"11":{"name":"(anonymous_11)","decl":{"start":{"line":191,"column":46},"end":{"line":191,"column":47}},"loc":{"start":{"line":191,"column":58},"end":{"line":204,"column":3}},"line":191},"12":{"name":"(anonymous_12)","decl":{"start":{"line":206,"column":45},"end":{"line":206,"column":46}},"loc":{"start":{"line":206,"column":57},"end":{"line":219,"column":3}},"line":206},"13":{"name":"useAppLifecycle","decl":{"start":{"line":262,"column":16},"end":{"line":262,"column":31}},"loc":{"start":{"line":268,"column":2},"end":{"line":284,"column":1}},"line":268},"14":{"name":"useConnectionSuspension","decl":{"start":{"line":290,"column":16},"end":{"line":290,"column":39}},"loc":{"start":{"line":305,"column":2},"end":{"line":334,"column":1}},"line":305},"15":{"name":"useAppStateAnalytics","decl":{"start":{"line":340,"column":16},"end":{"line":340,"column":36}},"loc":{"start":{"line":353,"column":2},"end":{"line":403,"column":1}},"line":353},"16":{"name":"(anonymous_16)","decl":{"start":{"line":366,"column":9},"end":{"line":366,"column":10}},"loc":{"start":{"line":366,"column":34},"end":{"line":369,"column":5}},"line":366},"17":{"name":"(anonymous_17)","decl":{"start":{"line":370,"column":10},"end":{"line":370,"column":11}},"loc":{"start":{"line":370,"column":20},"end":{"line":370,"column":37}},"line":370},"18":{"name":"(anonymous_18)","decl":{"start":{"line":375,"column":12},"end":{"line":375,"column":13}},"loc":{"start":{"line":376,"column":6},"end":{"line":377,"column":66}},"line":376},"19":{"name":"(anonymous_19)","decl":{"start":{"line":379,"column":12},"end":{"line":379,"column":13}},"loc":{"start":{"line":379,"column":44},"end":{"line":384,"column":5}},"line":379}},"branchMap":{"0":{"loc":{"start":{"line":128,"column":23},"end":{"line":129,"column":76}},"type":"binary-expr","locations":[{"start":{"line":128,"column":23},"end":{"line":128,"column":75}},{"start":{"line":129,"column":22},"end":{"line":129,"column":76}}],"line":128},"1":{"loc":{"start":{"line":131,"column":23},"end":{"line":133,"column":78}},"type":"binary-expr","locations":[{"start":{"line":131,"column":23},"end":{"line":131,"column":75}},{"start":{"line":132,"column":22},"end":{"line":132,"column":77}},{"start":{"line":133,"column":22},"end":{"line":133,"column":78}}],"line":131},"2":{"loc":{"start":{"line":135,"column":19},"end":{"line":136,"column":71}},"type":"binary-expr","locations":[{"start":{"line":135,"column":19},"end":{"line":135,"column":71}},{"start":{"line":136,"column":19},"end":{"line":136,"column":71}}],"line":135},"3":{"loc":{"start":{"line":138,"column":22},"end":{"line":139,"column":77}},"type":"binary-expr","locations":[{"start":{"line":138,"column":22},"end":{"line":138,"column":77}},{"start":{"line":139,"column":21},"end":{"line":139,"column":77}}],"line":138},"4":{"loc":{"start":{"line":142,"column":29},"end":{"line":142,"column":79}},"type":"cond-expr","locations":[{"start":{"line":142,"column":47},"end":{"line":142,"column":75}},{"start":{"line":142,"column":78},"end":{"line":142,"column":79}}],"line":142},"5":{"loc":{"start":{"line":145,"column":34},"end":{"line":147,"column":10}},"type":"cond-expr","locations":[{"start":{"line":146,"column":6},"end":{"line":146,"column":83}},{"start":{"line":147,"column":6},"end":{"line":147,"column":10}}],"line":145},"6":{"loc":{"start":{"line":145,"column":34},"end":{"line":145,"column":82}},"type":"binary-expr","locations":[{"start":{"line":145,"column":34},"end":{"line":145,"column":46}},{"start":{"line":145,"column":50},"end":{"line":145,"column":62}},{"start":{"line":145,"column":66},"end":{"line":145,"column":82}}],"line":145},"7":{"loc":{"start":{"line":151,"column":27},"end":{"line":151,"column":55}},"type":"binary-expr","locations":[{"start":{"line":151,"column":27},"end":{"line":151,"column":39}},{"start":{"line":151,"column":43},"end":{"line":151,"column":55}}],"line":151},"8":{"loc":{"start":{"line":152,"column":26},"end":{"line":152,"column":98}},"type":"binary-expr","locations":[{"start":{"line":152,"column":26},"end":{"line":152,"column":37}},{"start":{"line":152,"column":42},"end":{"line":152,"column":54}},{"start":{"line":152,"column":58},"end":{"line":152,"column":97}}],"line":152},"9":{"loc":{"start":{"line":362,"column":31},"end":{"line":362,"column":61}},"type":"binary-expr","locations":[{"start":{"line":362,"column":31},"end":{"line":362,"column":56}},{"start":{"line":362,"column":60},"end":{"line":362,"column":61}}],"line":362},"10":{"loc":{"start":{"line":376,"column":6},"end":{"line":377,"column":66}},"type":"binary-expr","locations":[{"start":{"line":376,"column":6},"end":{"line":376,"column":64}},{"start":{"line":377,"column":6},"end":{"line":377,"column":66}}],"line":376},"11":{"loc":{"start":{"line":380,"column":6},"end":{"line":382,"column":7}},"type":"if","locations":[{"start":{"line":380,"column":6},"end":{"line":382,"column":7}},{"start":{},"end":{}}],"line":380},"12":{"loc":{"start":{"line":387,"column":38},"end":{"line":387,"column":94}},"type":"cond-expr","locations":[{"start":{"line":387,"column":59},"end":{"line":387,"column":90}},{"start":{"line":387,"column":93},"end":{"line":387,"column":94}}],"line":387}},"s":{"0":0,"1":0,"2":0,"3":0,"4":0,"5":0,"6":0,"7":0,"8":0,"9":0,"10":0,"11":0,"12":0,"13":0,"14":0,"15":0,"16":0,"17":0,"18":0,"19":0,"20":0,"21":0,"22":0,"23":0,"24":0,"25":0,"26":0,"27":0,"28":0,"29":0,"30":0,"31":0,"32":0,"33":0,"34":0,"35":0,"36":0,"37":0,"38":0,"39":0,"40":0,"41":0,"42":0,"43":0,"44":0,"45":0,"46":0,"47":0,"48":0,"49":0,"50":0,"51":0,"52":0,"53":0,"54":0,"55":0,"56":0,"57":0,"58":0,"59":0,"60":0,"61":0,"62":0,"63":0,"64":0,"65":0,"66":0,"67":0,"68":0,"69":0,"70":0,"71":0,"72":0,"73":0,"74":0,"75":0,"76":0,"77":0,"78":0,"79":0,"80":0,"81":0,"82":0,"83":0,"84":0,"85":0,"86":0,"87":0,"88":0,"89":0,"90":0,"91":0,"92":0,"93":0,"94":0,"95":0},"f":{"0":0,"1":0,"2":0,"3":0,"4":0,"5":0,"6":0,"7":0,"8":0,"9":0,"10":0,"11":0,"12":0,"13":0,"14":0,"15":0,"16":0,"17":0,"18":0,"19":0},"b":{"0":[0,0],"1":[0,0,0],"2":[0,0],"3":[0,0],"4":[0,0],"5":[0,0],"6":[0,0,0],"7":[0,0],"8":[0,0,0],"9":[0,0],"10":[0,0],"11":[0,0],"12":[0,0]}}
,"C:\\Users\\KreshOS\\Documents\\00-Progetti\\VisTest\\hooks\\useAssignmentCountdown.ts": {"path":"C:\\Users\\KreshOS\\Documents\\00-Progetti\\VisTest\\hooks\\useAssignmentCountdown.ts","statementMap":{"0":{"start":{"line":22,"column":38},"end":{"line":183,"column":1}},"1":{"start":{"line":23,"column":36},"end":{"line":29,"column":4}},"2":{"start":{"line":31,"column":32},"end":{"line":35,"column":4}},"3":{"start":{"line":37,"column":22},"end":{"line":37,"column":57}},"4":{"start":{"line":39,"column":29},"end":{"line":65,"column":3}},"5":{"start":{"line":40,"column":16},"end":{"line":40,"column":26}},"6":{"start":{"line":41,"column":19},"end":{"line":41,"column":51}},"7":{"start":{"line":43,"column":4},"end":{"line":51,"column":5}},"8":{"start":{"line":44,"column":6},"end":{"line":50,"column":8}},"9":{"start":{"line":53,"column":25},"end":{"line":53,"column":50}},"10":{"start":{"line":54,"column":18},"end":{"line":54,"column":49}},"11":{"start":{"line":55,"column":20},"end":{"line":55,"column":58}},"12":{"start":{"line":56,"column":20},"end":{"line":56,"column":37}},"13":{"start":{"line":58,"column":4},"end":{"line":64,"column":6}},"14":{"start":{"line":67,"column":26},"end":{"line":99,"column":3}},"15":{"start":{"line":68,"column":25},"end":{"line":68,"column":54}},"16":{"start":{"line":70,"column":4},"end":{"line":76,"column":5}},"17":{"start":{"line":71,"column":6},"end":{"line":75,"column":8}},"18":{"start":{"line":78,"column":4},"end":{"line":84,"column":5}},"19":{"start":{"line":79,"column":6},"end":{"line":83,"column":8}},"20":{"start":{"line":86,"column":4},"end":{"line":92,"column":5}},"21":{"start":{"line":87,"column":6},"end":{"line":91,"column":8}},"22":{"start":{"line":94,"column":4},"end":{"line":98,"column":6}},"23":{"start":{"line":101,"column":21},"end":{"line":120,"column":3}},"24":{"start":{"line":102,"column":51},"end":{"line":102,"column":55}},"25":{"start":{"line":104,"column":4},"end":{"line":106,"column":5}},"26":{"start":{"line":105,"column":6},"end":{"line":105,"column":26}},"27":{"start":{"line":109,"column":4},"end":{"line":111,"column":5}},"28":{"start":{"line":110,"column":6},"end":{"line":110,"column":37}},"29":{"start":{"line":114,"column":4},"end":{"line":116,"column":5}},"30":{"start":{"line":115,"column":6},"end":{"line":115,"column":30}},"31":{"start":{"line":119,"column":4},"end":{"line":119,"column":63}},"32":{"start":{"line":122,"column":26},"end":{"line":134,"column":3}},"33":{"start":{"line":123,"column":4},"end":{"line":125,"column":5}},"34":{"start":{"line":124,"column":6},"end":{"line":124,"column":13}},"35":{"start":{"line":127,"column":25},"end":{"line":127,"column":55}},"36":{"start":{"line":128,"column":23},"end":{"line":130,"column":50}},"37":{"start":{"line":132,"column":4},"end":{"line":132,"column":31}},"38":{"start":{"line":133,"column":4},"end":{"line":133,"column":27}},"39":{"start":{"line":137,"column":2},"end":{"line":165,"column":19}},"40":{"start":{"line":138,"column":4},"end":{"line":152,"column":5}},"41":{"start":{"line":139,"column":6},"end":{"line":145,"column":9}},"42":{"start":{"line":146,"column":6},"end":{"line":150,"column":9}},"43":{"start":{"line":151,"column":6},"end":{"line":151,"column":13}},"44":{"start":{"line":155,"column":4},"end":{"line":155,"column":22}},"45":{"start":{"line":158,"column":4},"end":{"line":158,"column":61}},"46":{"start":{"line":160,"column":4},"end":{"line":164,"column":6}},"47":{"start":{"line":161,"column":6},"end":{"line":163,"column":7}},"48":{"start":{"line":162,"column":8},"end":{"line":162,"column":43}},"49":{"start":{"line":168,"column":2},"end":{"line":174,"column":9}},"50":{"start":{"line":169,"column":4},"end":{"line":173,"column":6}},"51":{"start":{"line":170,"column":6},"end":{"line":172,"column":7}},"52":{"start":{"line":171,"column":8},"end":{"line":171,"column":43}},"53":{"start":{"line":176,"column":2},"end":{"line":182,"column":4}}},"fnMap":{"0":{"name":"(anonymous_0)","decl":{"start":{"line":22,"column":38},"end":{"line":22,"column":39}},"loc":{"start":{"line":22,"column":67},"end":{"line":183,"column":1}},"line":22},"1":{"name":"(anonymous_1)","decl":{"start":{"line":39,"column":29},"end":{"line":39,"column":30}},"loc":{"start":{"line":39,"column":62},"end":{"line":65,"column":3}},"line":39},"2":{"name":"(anonymous_2)","decl":{"start":{"line":67,"column":26},"end":{"line":67,"column":27}},"loc":{"start":{"line":67,"column":70},"end":{"line":99,"column":3}},"line":67},"3":{"name":"(anonymous_3)","decl":{"start":{"line":101,"column":21},"end":{"line":101,"column":22}},"loc":{"start":{"line":101,"column":54},"end":{"line":120,"column":3}},"line":101},"4":{"name":"(anonymous_4)","decl":{"start":{"line":122,"column":26},"end":{"line":122,"column":27}},"loc":{"start":{"line":122,"column":32},"end":{"line":134,"column":3}},"line":122},"5":{"name":"(anonymous_5)","decl":{"start":{"line":137,"column":12},"end":{"line":137,"column":13}},"loc":{"start":{"line":137,"column":18},"end":{"line":165,"column":3}},"line":137},"6":{"name":"(anonymous_6)","decl":{"start":{"line":160,"column":11},"end":{"line":160,"column":12}},"loc":{"start":{"line":160,"column":17},"end":{"line":164,"column":5}},"line":160},"7":{"name":"(anonymous_7)","decl":{"start":{"line":168,"column":12},"end":{"line":168,"column":13}},"loc":{"start":{"line":168,"column":18},"end":{"line":174,"column":3}},"line":168},"8":{"name":"(anonymous_8)","decl":{"start":{"line":169,"column":11},"end":{"line":169,"column":12}},"loc":{"start":{"line":169,"column":17},"end":{"line":173,"column":5}},"line":169}},"branchMap":{"0":{"loc":{"start":{"line":43,"column":4},"end":{"line":51,"column":5}},"type":"if","locations":[{"start":{"line":43,"column":4},"end":{"line":51,"column":5}},{"start":{},"end":{}}],"line":43},"1":{"loc":{"start":{"line":70,"column":4},"end":{"line":76,"column":5}},"type":"if","locations":[{"start":{"line":70,"column":4},"end":{"line":76,"column":5}},{"start":{},"end":{}}],"line":70},"2":{"loc":{"start":{"line":78,"column":4},"end":{"line":84,"column":5}},"type":"if","locations":[{"start":{"line":78,"column":4},"end":{"line":84,"column":5}},{"start":{},"end":{}}],"line":78},"3":{"loc":{"start":{"line":86,"column":4},"end":{"line":92,"column":5}},"type":"if","locations":[{"start":{"line":86,"column":4},"end":{"line":92,"column":5}},{"start":{},"end":{}}],"line":86},"4":{"loc":{"start":{"line":104,"column":4},"end":{"line":106,"column":5}},"type":"if","locations":[{"start":{"line":104,"column":4},"end":{"line":106,"column":5}},{"start":{},"end":{}}],"line":104},"5":{"loc":{"start":{"line":109,"column":4},"end":{"line":111,"column":5}},"type":"if","locations":[{"start":{"line":109,"column":4},"end":{"line":111,"column":5}},{"start":{},"end":{}}],"line":109},"6":{"loc":{"start":{"line":114,"column":4},"end":{"line":116,"column":5}},"type":"if","locations":[{"start":{"line":114,"column":4},"end":{"line":116,"column":5}},{"start":{},"end":{}}],"line":114},"7":{"loc":{"start":{"line":123,"column":4},"end":{"line":125,"column":5}},"type":"if","locations":[{"start":{"line":123,"column":4},"end":{"line":125,"column":5}},{"start":{},"end":{}}],"line":123},"8":{"loc":{"start":{"line":128,"column":23},"end":{"line":130,"column":50}},"type":"cond-expr","locations":[{"start":{"line":129,"column":8},"end":{"line":129,"column":86}},{"start":{"line":130,"column":8},"end":{"line":130,"column":50}}],"line":128},"9":{"loc":{"start":{"line":138,"column":4},"end":{"line":152,"column":5}},"type":"if","locations":[{"start":{"line":138,"column":4},"end":{"line":152,"column":5}},{"start":{},"end":{}}],"line":138},"10":{"loc":{"start":{"line":161,"column":6},"end":{"line":163,"column":7}},"type":"if","locations":[{"start":{"line":161,"column":6},"end":{"line":163,"column":7}},{"start":{},"end":{}}],"line":161},"11":{"loc":{"start":{"line":170,"column":6},"end":{"line":172,"column":7}},"type":"if","locations":[{"start":{"line":170,"column":6},"end":{"line":172,"column":7}},{"start":{},"end":{}}],"line":170},"12":{"loc":{"start":{"line":180,"column":14},"end":{"line":180,"column":70}},"type":"binary-expr","locations":[{"start":{"line":180,"column":14},"end":{"line":180,"column":38}},{"start":{"line":180,"column":42},"end":{"line":180,"column":70}}],"line":180}},"s":{"0":0,"1":0,"2":0,"3":0,"4":0,"5":0,"6":0,"7":0,"8":0,"9":0,"10":0,"11":0,"12":0,"13":0,"14":0,"15":0,"16":0,"17":0,"18":0,"19":0,"20":0,"21":0,"22":0,"23":0,"24":0,"25":0,"26":0,"27":0,"28":0,"29":0,"30":0,"31":0,"32":0,"33":0,"34":0,"35":0,"36":0,"37":0,"38":0,"39":0,"40":0,"41":0,"42":0,"43":0,"44":0,"45":0,"46":0,"47":0,"48":0,"49":0,"50":0,"51":0,"52":0,"53":0},"f":{"0":0,"1":0,"2":0,"3":0,"4":0,"5":0,"6":0,"7":0,"8":0},"b":{"0":[0,0],"1":[0,0],"2":[0,0],"3":[0,0],"4":[0,0],"5":[0,0],"6":[0,0],"7":[0,0],"8":[0,0],"9":[0,0],"10":[0,0],"11":[0,0],"12":[0,0]}}
,"C:\\Users\\KreshOS\\Documents\\00-Progetti\\VisTest\\hooks\\useAssignmentPreparation.ts": {"path":"C:\\Users\\KreshOS\\Documents\\00-Progetti\\VisTest\\hooks\\useAssignmentPreparation.ts","statementMap":{"0":{"start":{"line":22,"column":21},"end":{"line":27,"column":1}},"1":{"start":{"line":29,"column":40},"end":{"line":393,"column":1}},"2":{"start":{"line":30,"column":28},"end":{"line":38,"column":4}},"3":{"start":{"line":41,"column":30},"end":{"line":111,"column":8}},"4":{"start":{"line":42,"column":4},"end":{"line":110,"column":5}},"5":{"start":{"line":43,"column":6},"end":{"line":43,"column":66}},"6":{"start":{"line":43,"column":24},"end":{"line":43,"column":63}},"7":{"start":{"line":46,"column":60},"end":{"line":50,"column":8}},"8":{"start":{"line":52,"column":27},"end":{"line":52,"column":67}},"9":{"start":{"line":53,"column":38},"end":{"line":53,"column":40}},"10":{"start":{"line":54,"column":38},"end":{"line":54,"column":42}},"11":{"start":{"line":56,"column":6},"end":{"line":68,"column":7}},"12":{"start":{"line":57,"column":26},"end":{"line":57,"column":96}},"13":{"start":{"line":58,"column":8},"end":{"line":67,"column":11}},"14":{"start":{"line":59,"column":10},"end":{"line":66,"column":13}},"15":{"start":{"line":62,"column":44},"end":{"line":65,"column":13}},"16":{"start":{"line":70,"column":6},"end":{"line":75,"column":7}},"17":{"start":{"line":71,"column":8},"end":{"line":74,"column":12}},"18":{"start":{"line":71,"column":62},"end":{"line":74,"column":9}},"19":{"start":{"line":77,"column":6},"end":{"line":79,"column":7}},"20":{"start":{"line":78,"column":8},"end":{"line":78,"column":46}},"21":{"start":{"line":82,"column":27},"end":{"line":82,"column":48}},"22":{"start":{"line":83,"column":24},"end":{"line":83,"column":49}},"23":{"start":{"line":86,"column":30},"end":{"line":86,"column":83}},"24":{"start":{"line":87,"column":26},"end":{"line":87,"column":43}},"25":{"start":{"line":89,"column":6},"end":{"line":97,"column":10}},"26":{"start":{"line":89,"column":24},"end":{"line":97,"column":7}},"27":{"start":{"line":100,"column":6},"end":{"line":102,"column":7}},"28":{"start":{"line":101,"column":8},"end":{"line":101,"column":32}},"29":{"start":{"line":105,"column":6},"end":{"line":109,"column":10}},"30":{"start":{"line":105,"column":24},"end":{"line":109,"column":7}},"31":{"start":{"line":114,"column":25},"end":{"line":116,"column":26}},"32":{"start":{"line":115,"column":4},"end":{"line":115,"column":48}},"33":{"start":{"line":119,"column":35},"end":{"line":126,"column":8}},"34":{"start":{"line":120,"column":4},"end":{"line":125,"column":5}},"35":{"start":{"line":121,"column":24},"end":{"line":121,"column":58}},"36":{"start":{"line":122,"column":6},"end":{"line":122,"column":87}},"37":{"start":{"line":124,"column":6},"end":{"line":124,"column":70}},"38":{"start":{"line":129,"column":26},"end":{"line":161,"column":50}},"39":{"start":{"line":130,"column":4},"end":{"line":160,"column":5}},"40":{"start":{"line":132,"column":6},"end":{"line":143,"column":9}},"41":{"start":{"line":133,"column":32},"end":{"line":133,"column":58}},"42":{"start":{"line":134,"column":8},"end":{"line":134,"column":67}},"43":{"start":{"line":137,"column":8},"end":{"line":137,"column":50}},"44":{"start":{"line":139,"column":8},"end":{"line":142,"column":10}},"45":{"start":{"line":146,"column":27},"end":{"line":146,"column":48}},"46":{"start":{"line":147,"column":6},"end":{"line":153,"column":7}},"47":{"start":{"line":149,"column":8},"end":{"line":149,"column":63}},"48":{"start":{"line":149,"column":37},"end":{"line":149,"column":61}},"49":{"start":{"line":152,"column":8},"end":{"line":152,"column":59}},"50":{"start":{"line":156,"column":6},"end":{"line":159,"column":10}},"51":{"start":{"line":156,"column":24},"end":{"line":159,"column":7}},"52":{"start":{"line":164,"column":33},"end":{"line":206,"column":24}},"53":{"start":{"line":169,"column":4},"end":{"line":205,"column":5}},"54":{"start":{"line":171,"column":42},"end":{"line":176,"column":7}},"55":{"start":{"line":179,"column":6},"end":{"line":188,"column":9}},"56":{"start":{"line":180,"column":27},"end":{"line":180,"column":57}},"57":{"start":{"line":182,"column":8},"end":{"line":182,"column":79}},"58":{"start":{"line":184,"column":8},"end":{"line":187,"column":10}},"59":{"start":{"line":191,"column":27},"end":{"line":191,"column":48}},"60":{"start":{"line":192,"column":6},"end":{"line":198,"column":7}},"61":{"start":{"line":194,"column":8},"end":{"line":194,"column":63}},"62":{"start":{"line":194,"column":37},"end":{"line":194,"column":61}},"63":{"start":{"line":197,"column":8},"end":{"line":197,"column":82}},"64":{"start":{"line":201,"column":6},"end":{"line":204,"column":10}},"65":{"start":{"line":201,"column":24},"end":{"line":204,"column":7}},"66":{"start":{"line":209,"column":29},"end":{"line":245,"column":43}},"67":{"start":{"line":214,"column":4},"end":{"line":244,"column":5}},"68":{"start":{"line":215,"column":46},"end":{"line":220,"column":7}},"69":{"start":{"line":223,"column":6},"end":{"line":226,"column":10}},"70":{"start":{"line":223,"column":24},"end":{"line":226,"column":7}},"71":{"start":{"line":229,"column":26},"end":{"line":229,"column":62}},"72":{"start":{"line":230,"column":6},"end":{"line":237,"column":7}},"73":{"start":{"line":231,"column":51},"end":{"line":235,"column":9}},"74":{"start":{"line":236,"column":8},"end":{"line":236,"column":43}},"75":{"start":{"line":240,"column":6},"end":{"line":243,"column":10}},"76":{"start":{"line":240,"column":24},"end":{"line":243,"column":7}},"77":{"start":{"line":248,"column":31},"end":{"line":260,"column":41}},"78":{"start":{"line":249,"column":24},"end":{"line":249,"column":60}},"79":{"start":{"line":250,"column":4},"end":{"line":250,"column":32}},"80":{"start":{"line":250,"column":22},"end":{"line":250,"column":32}},"81":{"start":{"line":253,"column":27},"end":{"line":256,"column":5}},"82":{"start":{"line":254,"column":6},"end":{"line":255,"column":59}},"83":{"start":{"line":255,"column":38},"end":{"line":255,"column":58}},"84":{"start":{"line":258,"column":4},"end":{"line":259,"column":69}},"85":{"start":{"line":259,"column":22},"end":{"line":259,"column":67}},"86":{"start":{"line":263,"column":26},"end":{"line":298,"column":8}},"87":{"start":{"line":264,"column":4},"end":{"line":297,"column":5}},"88":{"start":{"line":265,"column":26},"end":{"line":265,"column":79}},"89":{"start":{"line":266,"column":6},"end":{"line":266,"column":31}},"90":{"start":{"line":266,"column":24},"end":{"line":266,"column":31}},"91":{"start":{"line":268,"column":24},"end":{"line":272,"column":8}},"92":{"start":{"line":275,"column":6},"end":{"line":283,"column":7}},"93":{"start":{"line":276,"column":8},"end":{"line":282,"column":9}},"94":{"start":{"line":278,"column":10},"end":{"line":278,"column":65}},"95":{"start":{"line":278,"column":39},"end":{"line":278,"column":63}},"96":{"start":{"line":279,"column":10},"end":{"line":279,"column":73}},"97":{"start":{"line":281,"column":10},"end":{"line":281,"column":55}},"98":{"start":{"line":286,"column":6},"end":{"line":286,"column":63}},"99":{"start":{"line":287,"column":6},"end":{"line":287,"column":83}},"100":{"start":{"line":289,"column":6},"end":{"line":293,"column":10}},"101":{"start":{"line":289,"column":24},"end":{"line":293,"column":7}},"102":{"start":{"line":296,"column":6},"end":{"line":296,"column":59}},"103":{"start":{"line":301,"column":27},"end":{"line":318,"column":8}},"104":{"start":{"line":302,"column":4},"end":{"line":317,"column":5}},"105":{"start":{"line":303,"column":27},"end":{"line":303,"column":80}},"106":{"start":{"line":304,"column":24},"end":{"line":304,"column":68}},"107":{"start":{"line":306,"column":6},"end":{"line":310,"column":9}},"108":{"start":{"line":312,"column":6},"end":{"line":312,"column":87}},"109":{"start":{"line":314,"column":6},"end":{"line":314,"column":57}},"110":{"start":{"line":314,"column":24},"end":{"line":314,"column":54}},"111":{"start":{"line":316,"column":6},"end":{"line":316,"column":61}},"112":{"start":{"line":322,"column":34},"end":{"line":342,"column":8}},"113":{"start":{"line":323,"column":36},"end":{"line":323,"column":38}},"114":{"start":{"line":324,"column":27},"end":{"line":324,"column":41}},"115":{"start":{"line":326,"column":4},"end":{"line":339,"column":5}},"116":{"start":{"line":326,"column":17},"end":{"line":326,"column":18}},"117":{"start":{"line":327,"column":22},"end":{"line":327,"column":36}},"118":{"start":{"line":328,"column":6},"end":{"line":338,"column":7}},"119":{"start":{"line":328,"column":19},"end":{"line":328,"column":24}},"120":{"start":{"line":329,"column":22},"end":{"line":329,"column":36}},"121":{"start":{"line":330,"column":8},"end":{"line":337,"column":9}},"122":{"start":{"line":331,"column":10},"end":{"line":333,"column":11}},"123":{"start":{"line":331,"column":35},"end":{"line":331,"column":54}},"124":{"start":{"line":332,"column":12},"end":{"line":332,"column":36}},"125":{"start":{"line":334,"column":10},"end":{"line":336,"column":11}},"126":{"start":{"line":334,"column":35},"end":{"line":334,"column":52}},"127":{"start":{"line":335,"column":12},"end":{"line":335,"column":34}},"128":{"start":{"line":341,"column":4},"end":{"line":341,"column":21}},"129":{"start":{"line":345,"column":39},"end":{"line":351,"column":26}},"130":{"start":{"line":346,"column":24},"end":{"line":346,"column":60}},"131":{"start":{"line":347,"column":4},"end":{"line":347,"column":69}},"132":{"start":{"line":347,"column":60},"end":{"line":347,"column":69}},"133":{"start":{"line":349,"column":27},"end":{"line":349,"column":86}},"134":{"start":{"line":349,"column":64},"end":{"line":349,"column":78}},"135":{"start":{"line":350,"column":4},"end":{"line":350,"column":77}},"136":{"start":{"line":354,"column":2},"end":{"line":368,"column":60}},"137":{"start":{"line":355,"column":24},"end":{"line":365,"column":6}},"138":{"start":{"line":356,"column":25},"end":{"line":356,"column":40}},"139":{"start":{"line":357,"column":27},"end":{"line":357,"column":52}},"140":{"start":{"line":359,"column":6},"end":{"line":359,"column":63}},"141":{"start":{"line":359,"column":24},"end":{"line":359,"column":60}},"142":{"start":{"line":362,"column":6},"end":{"line":364,"column":7}},"143":{"start":{"line":363,"column":8},"end":{"line":363,"column":32}},"144":{"start":{"line":367,"column":4},"end":{"line":367,"column":23}},"145":{"start":{"line":371,"column":2},"end":{"line":373,"column":28}},"146":{"start":{"line":372,"column":4},"end":{"line":372,"column":26}},"147":{"start":{"line":375,"column":2},"end":{"line":392,"column":4}}},"fnMap":{"0":{"name":"(anonymous_0)","decl":{"start":{"line":29,"column":40},"end":{"line":29,"column":41}},"loc":{"start":{"line":29,"column":46},"end":{"line":393,"column":1}},"line":29},"1":{"name":"(anonymous_1)","decl":{"start":{"line":41,"column":42},"end":{"line":41,"column":43}},"loc":{"start":{"line":41,"column":54},"end":{"line":111,"column":3}},"line":41},"2":{"name":"(anonymous_2)","decl":{"start":{"line":43,"column":15},"end":{"line":43,"column":16}},"loc":{"start":{"line":43,"column":24},"end":{"line":43,"column":63}},"line":43},"3":{"name":"(anonymous_3)","decl":{"start":{"line":58,"column":26},"end":{"line":58,"column":27}},"loc":{"start":{"line":58,"column":44},"end":{"line":67,"column":9}},"line":58},"4":{"name":"(anonymous_4)","decl":{"start":{"line":62,"column":35},"end":{"line":62,"column":36}},"loc":{"start":{"line":62,"column":44},"end":{"line":65,"column":13}},"line":62},"5":{"name":"(anonymous_5)","decl":{"start":{"line":71,"column":46},"end":{"line":71,"column":47}},"loc":{"start":{"line":71,"column":62},"end":{"line":74,"column":9}},"line":71},"6":{"name":"(anonymous_6)","decl":{"start":{"line":89,"column":15},"end":{"line":89,"column":16}},"loc":{"start":{"line":89,"column":24},"end":{"line":97,"column":7}},"line":89},"7":{"name":"(anonymous_7)","decl":{"start":{"line":105,"column":15},"end":{"line":105,"column":16}},"loc":{"start":{"line":105,"column":24},"end":{"line":109,"column":7}},"line":105},"8":{"name":"(anonymous_8)","decl":{"start":{"line":114,"column":37},"end":{"line":114,"column":38}},"loc":{"start":{"line":114,"column":98},"end":{"line":116,"column":3}},"line":114},"9":{"name":"(anonymous_9)","decl":{"start":{"line":119,"column":47},"end":{"line":119,"column":48}},"loc":{"start":{"line":119,"column":107},"end":{"line":126,"column":3}},"line":119},"10":{"name":"(anonymous_10)","decl":{"start":{"line":129,"column":38},"end":{"line":129,"column":39}},"loc":{"start":{"line":129,"column":84},"end":{"line":161,"column":3}},"line":129},"11":{"name":"(anonymous_11)","decl":{"start":{"line":132,"column":15},"end":{"line":132,"column":16}},"loc":{"start":{"line":132,"column":23},"end":{"line":143,"column":7}},"line":132},"12":{"name":"(anonymous_12)","decl":{"start":{"line":149,"column":26},"end":{"line":149,"column":27}},"loc":{"start":{"line":149,"column":37},"end":{"line":149,"column":61}},"line":149},"13":{"name":"(anonymous_13)","decl":{"start":{"line":156,"column":15},"end":{"line":156,"column":16}},"loc":{"start":{"line":156,"column":24},"end":{"line":159,"column":7}},"line":156},"14":{"name":"(anonymous_14)","decl":{"start":{"line":164,"column":45},"end":{"line":164,"column":46}},"loc":{"start":{"line":168,"column":7},"end":{"line":206,"column":3}},"line":168},"15":{"name":"(anonymous_15)","decl":{"start":{"line":179,"column":15},"end":{"line":179,"column":16}},"loc":{"start":{"line":179,"column":23},"end":{"line":188,"column":7}},"line":179},"16":{"name":"(anonymous_16)","decl":{"start":{"line":194,"column":26},"end":{"line":194,"column":27}},"loc":{"start":{"line":194,"column":37},"end":{"line":194,"column":61}},"line":194},"17":{"name":"(anonymous_17)","decl":{"start":{"line":201,"column":15},"end":{"line":201,"column":16}},"loc":{"start":{"line":201,"column":24},"end":{"line":204,"column":7}},"line":201},"18":{"name":"(anonymous_18)","decl":{"start":{"line":209,"column":41},"end":{"line":209,"column":42}},"loc":{"start":{"line":213,"column":7},"end":{"line":245,"column":3}},"line":213},"19":{"name":"(anonymous_19)","decl":{"start":{"line":223,"column":15},"end":{"line":223,"column":16}},"loc":{"start":{"line":223,"column":24},"end":{"line":226,"column":7}},"line":223},"20":{"name":"(anonymous_20)","decl":{"start":{"line":240,"column":15},"end":{"line":240,"column":16}},"loc":{"start":{"line":240,"column":24},"end":{"line":243,"column":7}},"line":240},"21":{"name":"(anonymous_21)","decl":{"start":{"line":248,"column":43},"end":{"line":248,"column":44}},"loc":{"start":{"line":248,"column":87},"end":{"line":260,"column":3}},"line":248},"22":{"name":"(anonymous_22)","decl":{"start":{"line":253,"column":48},"end":{"line":253,"column":49}},"loc":{"start":{"line":254,"column":6},"end":{"line":255,"column":59}},"line":254},"23":{"name":"(anonymous_23)","decl":{"start":{"line":255,"column":29},"end":{"line":255,"column":30}},"loc":{"start":{"line":255,"column":38},"end":{"line":255,"column":58}},"line":255},"24":{"name":"(anonymous_24)","decl":{"start":{"line":259,"column":12},"end":{"line":259,"column":13}},"loc":{"start":{"line":259,"column":22},"end":{"line":259,"column":67}},"line":259},"25":{"name":"(anonymous_25)","decl":{"start":{"line":263,"column":38},"end":{"line":263,"column":39}},"loc":{"start":{"line":263,"column":50},"end":{"line":298,"column":3}},"line":263},"26":{"name":"(anonymous_26)","decl":{"start":{"line":278,"column":28},"end":{"line":278,"column":29}},"loc":{"start":{"line":278,"column":39},"end":{"line":278,"column":63}},"line":278},"27":{"name":"(anonymous_27)","decl":{"start":{"line":289,"column":15},"end":{"line":289,"column":16}},"loc":{"start":{"line":289,"column":24},"end":{"line":293,"column":7}},"line":289},"28":{"name":"(anonymous_28)","decl":{"start":{"line":301,"column":39},"end":{"line":301,"column":40}},"loc":{"start":{"line":301,"column":74},"end":{"line":318,"column":3}},"line":301},"29":{"name":"(anonymous_29)","decl":{"start":{"line":314,"column":15},"end":{"line":314,"column":16}},"loc":{"start":{"line":314,"column":24},"end":{"line":314,"column":54}},"line":314},"30":{"name":"(anonymous_30)","decl":{"start":{"line":322,"column":46},"end":{"line":322,"column":47}},"loc":{"start":{"line":322,"column":91},"end":{"line":342,"column":3}},"line":322},"31":{"name":"(anonymous_31)","decl":{"start":{"line":331,"column":30},"end":{"line":331,"column":31}},"loc":{"start":{"line":331,"column":35},"end":{"line":331,"column":54}},"line":331},"32":{"name":"(anonymous_32)","decl":{"start":{"line":334,"column":30},"end":{"line":334,"column":31}},"loc":{"start":{"line":334,"column":35},"end":{"line":334,"column":52}},"line":334},"33":{"name":"(anonymous_33)","decl":{"start":{"line":345,"column":51},"end":{"line":345,"column":52}},"loc":{"start":{"line":345,"column":85},"end":{"line":351,"column":3}},"line":345},"34":{"name":"(anonymous_34)","decl":{"start":{"line":349,"column":56},"end":{"line":349,"column":57}},"loc":{"start":{"line":349,"column":64},"end":{"line":349,"column":78}},"line":349},"35":{"name":"(anonymous_35)","decl":{"start":{"line":354,"column":12},"end":{"line":354,"column":13}},"loc":{"start":{"line":354,"column":18},"end":{"line":368,"column":3}},"line":354},"36":{"name":"(anonymous_36)","decl":{"start":{"line":355,"column":49},"end":{"line":355,"column":50}},"loc":{"start":{"line":355,"column":73},"end":{"line":365,"column":5}},"line":355},"37":{"name":"(anonymous_37)","decl":{"start":{"line":359,"column":15},"end":{"line":359,"column":16}},"loc":{"start":{"line":359,"column":24},"end":{"line":359,"column":60}},"line":359},"38":{"name":"(anonymous_38)","decl":{"start":{"line":371,"column":12},"end":{"line":371,"column":13}},"loc":{"start":{"line":371,"column":18},"end":{"line":373,"column":3}},"line":371}},"branchMap":{"0":{"loc":{"start":{"line":56,"column":6},"end":{"line":68,"column":7}},"type":"if","locations":[{"start":{"line":56,"column":6},"end":{"line":68,"column":7}},{"start":{},"end":{}}],"line":56},"1":{"loc":{"start":{"line":70,"column":6},"end":{"line":75,"column":7}},"type":"if","locations":[{"start":{"line":70,"column":6},"end":{"line":75,"column":7}},{"start":{},"end":{}}],"line":70},"2":{"loc":{"start":{"line":77,"column":6},"end":{"line":79,"column":7}},"type":"if","locations":[{"start":{"line":77,"column":6},"end":{"line":79,"column":7}},{"start":{},"end":{}}],"line":77},"3":{"loc":{"start":{"line":100,"column":6},"end":{"line":102,"column":7}},"type":"if","locations":[{"start":{"line":100,"column":6},"end":{"line":102,"column":7}},{"start":{},"end":{}}],"line":100},"4":{"loc":{"start":{"line":100,"column":10},"end":{"line":100,"column":35}},"type":"binary-expr","locations":[{"start":{"line":100,"column":10},"end":{"line":100,"column":20}},{"start":{"line":100,"column":24},"end":{"line":100,"column":35}}],"line":100},"5":{"loc":{"start":{"line":108,"column":15},"end":{"line":108,"column":89}},"type":"cond-expr","locations":[{"start":{"line":108,"column":40},"end":{"line":108,"column":53}},{"start":{"line":108,"column":56},"end":{"line":108,"column":89}}],"line":108},"6":{"loc":{"start":{"line":147,"column":6},"end":{"line":153,"column":7}},"type":"if","locations":[{"start":{"line":147,"column":6},"end":{"line":153,"column":7}},{"start":{"line":150,"column":13},"end":{"line":153,"column":7}}],"line":147},"7":{"loc":{"start":{"line":158,"column":15},"end":{"line":158,"column":84}},"type":"cond-expr","locations":[{"start":{"line":158,"column":40},"end":{"line":158,"column":53}},{"start":{"line":158,"column":56},"end":{"line":158,"column":84}}],"line":158},"8":{"loc":{"start":{"line":173,"column":47},"end":{"line":173,"column":120}},"type":"cond-expr","locations":[{"start":{"line":173,"column":60},"end":{"line":173,"column":115}},{"start":{"line":173,"column":118},"end":{"line":173,"column":120}}],"line":173},"9":{"loc":{"start":{"line":192,"column":6},"end":{"line":198,"column":7}},"type":"if","locations":[{"start":{"line":192,"column":6},"end":{"line":198,"column":7}},{"start":{"line":195,"column":13},"end":{"line":198,"column":7}}],"line":192},"10":{"loc":{"start":{"line":203,"column":15},"end":{"line":203,"column":92}},"type":"cond-expr","locations":[{"start":{"line":203,"column":40},"end":{"line":203,"column":53}},{"start":{"line":203,"column":56},"end":{"line":203,"column":92}}],"line":203},"11":{"loc":{"start":{"line":230,"column":6},"end":{"line":237,"column":7}},"type":"if","locations":[{"start":{"line":230,"column":6},"end":{"line":237,"column":7}},{"start":{},"end":{}}],"line":230},"12":{"loc":{"start":{"line":242,"column":15},"end":{"line":242,"column":88}},"type":"cond-expr","locations":[{"start":{"line":242,"column":40},"end":{"line":242,"column":53}},{"start":{"line":242,"column":56},"end":{"line":242,"column":88}}],"line":242},"13":{"loc":{"start":{"line":250,"column":4},"end":{"line":250,"column":32}},"type":"if","locations":[{"start":{"line":250,"column":4},"end":{"line":250,"column":32}},{"start":{},"end":{}}],"line":250},"14":{"loc":{"start":{"line":254,"column":6},"end":{"line":255,"column":59}},"type":"binary-expr","locations":[{"start":{"line":254,"column":6},"end":{"line":254,"column":38}},{"start":{"line":255,"column":6},"end":{"line":255,"column":59}}],"line":254},"15":{"loc":{"start":{"line":266,"column":6},"end":{"line":266,"column":31}},"type":"if","locations":[{"start":{"line":266,"column":6},"end":{"line":266,"column":31}},{"start":{},"end":{}}],"line":266},"16":{"loc":{"start":{"line":304,"column":24},"end":{"line":304,"column":68}},"type":"cond-expr","locations":[{"start":{"line":304,"column":39},"end":{"line":304,"column":63}},{"start":{"line":304,"column":66},"end":{"line":304,"column":68}}],"line":304},"17":{"loc":{"start":{"line":330,"column":8},"end":{"line":337,"column":9}},"type":"if","locations":[{"start":{"line":330,"column":8},"end":{"line":337,"column":9}},{"start":{},"end":{}}],"line":330},"18":{"loc":{"start":{"line":331,"column":10},"end":{"line":333,"column":11}},"type":"if","locations":[{"start":{"line":331,"column":10},"end":{"line":333,"column":11}},{"start":{},"end":{}}],"line":331},"19":{"loc":{"start":{"line":334,"column":10},"end":{"line":336,"column":11}},"type":"if","locations":[{"start":{"line":334,"column":10},"end":{"line":336,"column":11}},{"start":{},"end":{}}],"line":334},"20":{"loc":{"start":{"line":347,"column":4},"end":{"line":347,"column":69}},"type":"if","locations":[{"start":{"line":347,"column":4},"end":{"line":347,"column":69}},{"start":{},"end":{}}],"line":347},"21":{"loc":{"start":{"line":347,"column":8},"end":{"line":347,"column":58}},"type":"binary-expr","locations":[{"start":{"line":347,"column":8},"end":{"line":347,"column":20}},{"start":{"line":347,"column":24},"end":{"line":347,"column":58}}],"line":347},"22":{"loc":{"start":{"line":362,"column":6},"end":{"line":364,"column":7}},"type":"if","locations":[{"start":{"line":362,"column":6},"end":{"line":364,"column":7}},{"start":{},"end":{}}],"line":362},"23":{"loc":{"start":{"line":362,"column":10},"end":{"line":362,"column":58}},"type":"binary-expr","locations":[{"start":{"line":362,"column":10},"end":{"line":362,"column":20}},{"start":{"line":362,"column":24},"end":{"line":362,"column":37}},{"start":{"line":362,"column":41},"end":{"line":362,"column":58}}],"line":362}},"s":{"0":0,"1":0,"2":0,"3":0,"4":0,"5":0,"6":0,"7":0,"8":0,"9":0,"10":0,"11":0,"12":0,"13":0,"14":0,"15":0,"16":0,"17":0,"18":0,"19":0,"20":0,"21":0,"22":0,"23":0,"24":0,"25":0,"26":0,"27":0,"28":0,"29":0,"30":0,"31":0,"32":0,"33":0,"34":0,"35":0,"36":0,"37":0,"38":0,"39":0,"40":0,"41":0,"42":0,"43":0,"44":0,"45":0,"46":0,"47":0,"48":0,"49":0,"50":0,"51":0,"52":0,"53":0,"54":0,"55":0,"56":0,"57":0,"58":0,"59":0,"60":0,"61":0,"62":0,"63":0,"64":0,"65":0,"66":0,"67":0,"68":0,"69":0,"70":0,"71":0,"72":0,"73":0,"74":0,"75":0,"76":0,"77":0,"78":0,"79":0,"80":0,"81":0,"82":0,"83":0,"84":0,"85":0,"86":0,"87":0,"88":0,"89":0,"90":0,"91":0,"92":0,"93":0,"94":0,"95":0,"96":0,"97":0,"98":0,"99":0,"100":0,"101":0,"102":0,"103":0,"104":0,"105":0,"106":0,"107":0,"108":0,"109":0,"110":0,"111":0,"112":0,"113":0,"114":0,"115":0,"116":0,"117":0,"118":0,"119":0,"120":0,"121":0,"122":0,"123":0,"124":0,"125":0,"126":0,"127":0,"128":0,"129":0,"130":0,"131":0,"132":0,"133":0,"134":0,"135":0,"136":0,"137":0,"138":0,"139":0,"140":0,"141":0,"142":0,"143":0,"144":0,"145":0,"146":0,"147":0},"f":{"0":0,"1":0,"2":0,"3":0,"4":0,"5":0,"6":0,"7":0,"8":0,"9":0,"10":0,"11":0,"12":0,"13":0,"14":0,"15":0,"16":0,"17":0,"18":0,"19":0,"20":0,"21":0,"22":0,"23":0,"24":0,"25":0,"26":0,"27":0,"28":0,"29":0,"30":0,"31":0,"32":0,"33":0,"34":0,"35":0,"36":0,"37":0,"38":0},"b":{"0":[0,0],"1":[0,0],"2":[0,0],"3":[0,0],"4":[0,0],"5":[0,0],"6":[0,0],"7":[0,0],"8":[0,0],"9":[0,0],"10":[0,0],"11":[0,0],"12":[0,0],"13":[0,0],"14":[0,0],"15":[0,0],"16":[0,0],"17":[0,0],"18":[0,0],"19":[0,0],"20":[0,0],"21":[0,0],"22":[0,0],"23":[0,0,0]}}
,"C:\\Users\\KreshOS\\Documents\\00-Progetti\\VisTest\\hooks\\useCurrentAssignment.ts": {"path":"C:\\Users\\KreshOS\\Documents\\00-Progetti\\VisTest\\hooks\\useCurrentAssignment.ts","statementMap":{"0":{"start":{"line":17,"column":36},"end":{"line":164,"column":1}},"1":{"start":{"line":21,"column":28},"end":{"line":27,"column":4}},"2":{"start":{"line":30,"column":44},"end":{"line":47,"column":3}},"3":{"start":{"line":50,"column":48},"end":{"line":87,"column":3}},"4":{"start":{"line":89,"column":31},"end":{"line":100,"column":3}},"5":{"start":{"line":91,"column":16},"end":{"line":91,"column":26}},"6":{"start":{"line":92,"column":33},"end":{"line":92,"column":73}},"7":{"start":{"line":95,"column":4},"end":{"line":97,"column":5}},"8":{"start":{"line":96,"column":6},"end":{"line":96,"column":35}},"9":{"start":{"line":99,"column":4},"end":{"line":99,"column":16}},"10":{"start":{"line":102,"column":33},"end":{"line":106,"column":3}},"11":{"start":{"line":105,"column":4},"end":{"line":105,"column":47}},"12":{"start":{"line":108,"column":29},"end":{"line":132,"column":3}},"13":{"start":{"line":109,"column":4},"end":{"line":109,"column":64}},"14":{"start":{"line":109,"column":22},"end":{"line":109,"column":61}},"15":{"start":{"line":111,"column":4},"end":{"line":131,"column":5}},"16":{"start":{"line":113,"column":6},"end":{"line":113,"column":61}},"17":{"start":{"line":113,"column":35},"end":{"line":113,"column":59}},"18":{"start":{"line":115,"column":32},"end":{"line":115,"column":54}},"19":{"start":{"line":116,"column":34},"end":{"line":116,"column":58}},"20":{"start":{"line":118,"column":6},"end":{"line":124,"column":9}},"21":{"start":{"line":126,"column":6},"end":{"line":130,"column":10}},"22":{"start":{"line":126,"column":24},"end":{"line":130,"column":7}},"23":{"start":{"line":134,"column":33},"end":{"line":147,"column":3}},"24":{"start":{"line":135,"column":4},"end":{"line":146,"column":5}},"25":{"start":{"line":137,"column":6},"end":{"line":137,"column":77}},"26":{"start":{"line":140,"column":6},"end":{"line":140,"column":33}},"27":{"start":{"line":142,"column":6},"end":{"line":145,"column":10}},"28":{"start":{"line":142,"column":24},"end":{"line":145,"column":7}},"29":{"start":{"line":150,"column":2},"end":{"line":157,"column":9}},"30":{"start":{"line":151,"column":4},"end":{"line":151,"column":25}},"31":{"start":{"line":154,"column":21},"end":{"line":154,"column":59}},"32":{"start":{"line":156,"column":4},"end":{"line":156,"column":41}},"33":{"start":{"line":156,"column":17},"end":{"line":156,"column":40}},"34":{"start":{"line":159,"column":2},"end":{"line":163,"column":4}}},"fnMap":{"0":{"name":"(anonymous_0)","decl":{"start":{"line":17,"column":36},"end":{"line":17,"column":37}},"loc":{"start":{"line":20,"column":5},"end":{"line":164,"column":1}},"line":20},"1":{"name":"(anonymous_1)","decl":{"start":{"line":89,"column":31},"end":{"line":89,"column":32}},"loc":{"start":{"line":89,"column":56},"end":{"line":100,"column":3}},"line":89},"2":{"name":"(anonymous_2)","decl":{"start":{"line":102,"column":33},"end":{"line":102,"column":34}},"loc":{"start":{"line":102,"column":53},"end":{"line":106,"column":3}},"line":102},"3":{"name":"(anonymous_3)","decl":{"start":{"line":108,"column":29},"end":{"line":108,"column":30}},"loc":{"start":{"line":108,"column":41},"end":{"line":132,"column":3}},"line":108},"4":{"name":"(anonymous_4)","decl":{"start":{"line":109,"column":13},"end":{"line":109,"column":14}},"loc":{"start":{"line":109,"column":22},"end":{"line":109,"column":61}},"line":109},"5":{"name":"(anonymous_5)","decl":{"start":{"line":113,"column":24},"end":{"line":113,"column":25}},"loc":{"start":{"line":113,"column":35},"end":{"line":113,"column":59}},"line":113},"6":{"name":"(anonymous_6)","decl":{"start":{"line":126,"column":15},"end":{"line":126,"column":16}},"loc":{"start":{"line":126,"column":24},"end":{"line":130,"column":7}},"line":126},"7":{"name":"(anonymous_7)","decl":{"start":{"line":134,"column":33},"end":{"line":134,"column":34}},"loc":{"start":{"line":134,"column":81},"end":{"line":147,"column":3}},"line":134},"8":{"name":"(anonymous_8)","decl":{"start":{"line":142,"column":15},"end":{"line":142,"column":16}},"loc":{"start":{"line":142,"column":24},"end":{"line":145,"column":7}},"line":142},"9":{"name":"(anonymous_9)","decl":{"start":{"line":150,"column":12},"end":{"line":150,"column":13}},"loc":{"start":{"line":150,"column":18},"end":{"line":157,"column":3}},"line":150},"10":{"name":"(anonymous_10)","decl":{"start":{"line":156,"column":11},"end":{"line":156,"column":12}},"loc":{"start":{"line":156,"column":17},"end":{"line":156,"column":40}},"line":156}},"branchMap":{"0":{"loc":{"start":{"line":95,"column":4},"end":{"line":97,"column":5}},"type":"if","locations":[{"start":{"line":95,"column":4},"end":{"line":97,"column":5}},{"start":{},"end":{}}],"line":95},"1":{"loc":{"start":{"line":129,"column":15},"end":{"line":129,"column":84}},"type":"cond-expr","locations":[{"start":{"line":129,"column":40},"end":{"line":129,"column":53}},{"start":{"line":129,"column":56},"end":{"line":129,"column":84}}],"line":129},"2":{"loc":{"start":{"line":144,"column":15},"end":{"line":144,"column":92}},"type":"cond-expr","locations":[{"start":{"line":144,"column":40},"end":{"line":144,"column":53}},{"start":{"line":144,"column":56},"end":{"line":144,"column":92}}],"line":144}},"s":{"0":0,"1":0,"2":0,"3":0,"4":0,"5":0,"6":0,"7":0,"8":0,"9":0,"10":0,"11":0,"12":0,"13":0,"14":0,"15":0,"16":0,"17":0,"18":0,"19":0,"20":0,"21":0,"22":0,"23":0,"24":0,"25":0,"26":0,"27":0,"28":0,"29":0,"30":0,"31":0,"32":0,"33":0,"34":0},"f":{"0":0,"1":0,"2":0,"3":0,"4":0,"5":0,"6":0,"7":0,"8":0,"9":0,"10":0},"b":{"0":[0,0],"1":[0,0],"2":[0,0]}}
,"C:\\Users\\KreshOS\\Documents\\00-Progetti\\VisTest\\hooks\\useDataFreshness.ts": {"path":"C:\\Users\\KreshOS\\Documents\\00-Progetti\\VisTest\\hooks\\useDataFreshness.ts","statementMap":{"0":{"start":{"line":21,"column":44},"end":{"line":21,"column":84}},"1":{"start":{"line":23,"column":2},"end":{"line":108,"column":44}},"2":{"start":{"line":24,"column":4},"end":{"line":27,"column":5}},"3":{"start":{"line":25,"column":6},"end":{"line":25,"column":29}},"4":{"start":{"line":26,"column":6},"end":{"line":26,"column":13}},"5":{"start":{"line":29,"column":31},"end":{"line":97,"column":5}},"6":{"start":{"line":30,"column":18},"end":{"line":30,"column":28}},"7":{"start":{"line":31,"column":18},"end":{"line":31,"column":45}},"8":{"start":{"line":32,"column":26},"end":{"line":32,"column":57}},"9":{"start":{"line":35,"column":30},"end":{"line":45,"column":7}},"10":{"start":{"line":36,"column":24},"end":{"line":36,"column":46}},"11":{"start":{"line":37,"column":24},"end":{"line":37,"column":48}},"12":{"start":{"line":38,"column":22},"end":{"line":38,"column":46}},"13":{"start":{"line":39,"column":21},"end":{"line":39,"column":43}},"14":{"start":{"line":41,"column":8},"end":{"line":41,"column":51}},"15":{"start":{"line":41,"column":26},"end":{"line":41,"column":51}},"16":{"start":{"line":42,"column":8},"end":{"line":42,"column":51}},"17":{"start":{"line":42,"column":26},"end":{"line":42,"column":51}},"18":{"start":{"line":43,"column":8},"end":{"line":43,"column":47}},"19":{"start":{"line":43,"column":24},"end":{"line":43,"column":47}},"20":{"start":{"line":44,"column":8},"end":{"line":44,"column":30}},"21":{"start":{"line":48,"column":32},"end":{"line":85,"column":7}},"22":{"start":{"line":49,"column":8},"end":{"line":53,"column":9}},"23":{"start":{"line":50,"column":10},"end":{"line":50,"column":49}},"24":{"start":{"line":50,"column":34},"end":{"line":50,"column":49}},"25":{"start":{"line":51,"column":10},"end":{"line":51,"column":52}},"26":{"start":{"line":51,"column":34},"end":{"line":51,"column":52}},"27":{"start":{"line":52,"column":10},"end":{"line":52,"column":25}},"28":{"start":{"line":56,"column":8},"end":{"line":84,"column":9}},"29":{"start":{"line":58,"column":12},"end":{"line":58,"column":52}},"30":{"start":{"line":58,"column":37},"end":{"line":58,"column":52}},"31":{"start":{"line":59,"column":12},"end":{"line":59,"column":56}},"32":{"start":{"line":59,"column":38},"end":{"line":59,"column":56}},"33":{"start":{"line":60,"column":12},"end":{"line":60,"column":27}},"34":{"start":{"line":63,"column":12},"end":{"line":63,"column":53}},"35":{"start":{"line":63,"column":38},"end":{"line":63,"column":53}},"36":{"start":{"line":64,"column":12},"end":{"line":64,"column":56}},"37":{"start":{"line":64,"column":38},"end":{"line":64,"column":56}},"38":{"start":{"line":65,"column":12},"end":{"line":65,"column":27}},"39":{"start":{"line":68,"column":12},"end":{"line":68,"column":53}},"40":{"start":{"line":68,"column":38},"end":{"line":68,"column":53}},"41":{"start":{"line":69,"column":12},"end":{"line":69,"column":61}},"42":{"start":{"line":69,"column":43},"end":{"line":69,"column":61}},"43":{"start":{"line":70,"column":12},"end":{"line":70,"column":27}},"44":{"start":{"line":73,"column":12},"end":{"line":73,"column":52}},"45":{"start":{"line":73,"column":37},"end":{"line":73,"column":52}},"46":{"start":{"line":74,"column":12},"end":{"line":74,"column":56}},"47":{"start":{"line":74,"column":38},"end":{"line":74,"column":56}},"48":{"start":{"line":75,"column":12},"end":{"line":75,"column":27}},"49":{"start":{"line":78,"column":12},"end":{"line":78,"column":27}},"50":{"start":{"line":81,"column":12},"end":{"line":81,"column":52}},"51":{"start":{"line":81,"column":37},"end":{"line":81,"column":52}},"52":{"start":{"line":82,"column":12},"end":{"line":82,"column":56}},"53":{"start":{"line":82,"column":38},"end":{"line":82,"column":56}},"54":{"start":{"line":83,"column":12},"end":{"line":83,"column":27}},"55":{"start":{"line":87,"column":29},"end":{"line":87,"column":48}},"56":{"start":{"line":88,"column":24},"end":{"line":88,"column":53}},"57":{"start":{"line":90,"column":6},"end":{"line":96,"column":8}},"58":{"start":{"line":100,"column":4},"end":{"line":100,"column":43}},"59":{"start":{"line":103,"column":21},"end":{"line":105,"column":22}},"60":{"start":{"line":104,"column":6},"end":{"line":104,"column":45}},"61":{"start":{"line":107,"column":4},"end":{"line":107,"column":41}},"62":{"start":{"line":107,"column":17},"end":{"line":107,"column":40}},"63":{"start":{"line":110,"column":2},"end":{"line":110,"column":23}},"64":{"start":{"line":121,"column":14},"end":{"line":121,"column":24}},"65":{"start":{"line":122,"column":14},"end":{"line":122,"column":29}},"66":{"start":{"line":124,"column":2},"end":{"line":128,"column":3}},"67":{"start":{"line":125,"column":4},"end":{"line":125,"column":43}},"68":{"start":{"line":125,"column":28},"end":{"line":125,"column":43}},"69":{"start":{"line":126,"column":4},"end":{"line":126,"column":46}},"70":{"start":{"line":126,"column":28},"end":{"line":126,"column":46}},"71":{"start":{"line":127,"column":4},"end":{"line":127,"column":19}},"72":{"start":{"line":131,"column":2},"end":{"line":159,"column":3}},"73":{"start":{"line":133,"column":6},"end":{"line":133,"column":46}},"74":{"start":{"line":133,"column":31},"end":{"line":133,"column":46}},"75":{"start":{"line":134,"column":6},"end":{"line":134,"column":50}},"76":{"start":{"line":134,"column":32},"end":{"line":134,"column":50}},"77":{"start":{"line":135,"column":6},"end":{"line":135,"column":21}},"78":{"start":{"line":138,"column":6},"end":{"line":138,"column":47}},"79":{"start":{"line":138,"column":32},"end":{"line":138,"column":47}},"80":{"start":{"line":139,"column":6},"end":{"line":139,"column":50}},"81":{"start":{"line":139,"column":32},"end":{"line":139,"column":50}},"82":{"start":{"line":140,"column":6},"end":{"line":140,"column":21}},"83":{"start":{"line":143,"column":6},"end":{"line":143,"column":47}},"84":{"start":{"line":143,"column":32},"end":{"line":143,"column":47}},"85":{"start":{"line":144,"column":6},"end":{"line":144,"column":55}},"86":{"start":{"line":144,"column":37},"end":{"line":144,"column":55}},"87":{"start":{"line":145,"column":6},"end":{"line":145,"column":21}},"88":{"start":{"line":148,"column":6},"end":{"line":148,"column":46}},"89":{"start":{"line":148,"column":31},"end":{"line":148,"column":46}},"90":{"start":{"line":149,"column":6},"end":{"line":149,"column":50}},"91":{"start":{"line":149,"column":32},"end":{"line":149,"column":50}},"92":{"start":{"line":150,"column":6},"end":{"line":150,"column":21}},"93":{"start":{"line":153,"column":6},"end":{"line":153,"column":21}},"94":{"start":{"line":156,"column":6},"end":{"line":156,"column":46}},"95":{"start":{"line":156,"column":31},"end":{"line":156,"column":46}},"96":{"start":{"line":157,"column":6},"end":{"line":157,"column":50}},"97":{"start":{"line":157,"column":32},"end":{"line":157,"column":50}},"98":{"start":{"line":158,"column":6},"end":{"line":158,"column":21}},"99":{"start":{"line":166,"column":14},"end":{"line":166,"column":24}},"100":{"start":{"line":167,"column":14},"end":{"line":167,"column":29}},"101":{"start":{"line":168,"column":18},"end":{"line":168,"column":40}},"102":{"start":{"line":169,"column":18},"end":{"line":169,"column":42}},"103":{"start":{"line":170,"column":16},"end":{"line":170,"column":40}},"104":{"start":{"line":171,"column":15},"end":{"line":171,"column":37}},"105":{"start":{"line":173,"column":2},"end":{"line":173,"column":78}},"106":{"start":{"line":173,"column":20},"end":{"line":173,"column":78}},"107":{"start":{"line":174,"column":2},"end":{"line":174,"column":78}},"108":{"start":{"line":174,"column":20},"end":{"line":174,"column":78}},"109":{"start":{"line":175,"column":2},"end":{"line":175,"column":70}},"110":{"start":{"line":175,"column":18},"end":{"line":175,"column":70}},"111":{"start":{"line":176,"column":2},"end":{"line":176,"column":51}}},"fnMap":{"0":{"name":"useDataFreshness","decl":{"start":{"line":16,"column":16},"end":{"line":16,"column":32}},"loc":{"start":{"line":20,"column":28},"end":{"line":111,"column":1}},"line":20},"1":{"name":"(anonymous_1)","decl":{"start":{"line":23,"column":12},"end":{"line":23,"column":13}},"loc":{"start":{"line":23,"column":18},"end":{"line":108,"column":3}},"line":23},"2":{"name":"(anonymous_2)","decl":{"start":{"line":29,"column":31},"end":{"line":29,"column":32}},"loc":{"start":{"line":29,"column":56},"end":{"line":97,"column":5}},"line":29},"3":{"name":"(anonymous_3)","decl":{"start":{"line":35,"column":30},"end":{"line":35,"column":31}},"loc":{"start":{"line":35,"column":36},"end":{"line":45,"column":7}},"line":35},"4":{"name":"(anonymous_4)","decl":{"start":{"line":48,"column":32},"end":{"line":48,"column":33}},"loc":{"start":{"line":48,"column":70},"end":{"line":85,"column":7}},"line":48},"5":{"name":"(anonymous_5)","decl":{"start":{"line":103,"column":33},"end":{"line":103,"column":34}},"loc":{"start":{"line":103,"column":39},"end":{"line":105,"column":5}},"line":103},"6":{"name":"(anonymous_6)","decl":{"start":{"line":107,"column":11},"end":{"line":107,"column":12}},"loc":{"start":{"line":107,"column":17},"end":{"line":107,"column":40}},"line":107},"7":{"name":"getDataFreshnessLevel","decl":{"start":{"line":116,"column":16},"end":{"line":116,"column":37}},"loc":{"start":{"line":120,"column":34},"end":{"line":160,"column":1}},"line":120},"8":{"name":"getRelativeTime","decl":{"start":{"line":165,"column":16},"end":{"line":165,"column":31}},"loc":{"start":{"line":165,"column":59},"end":{"line":177,"column":1}},"line":165}},"branchMap":{"0":{"loc":{"start":{"line":19,"column":2},"end":{"line":19,"column":32}},"type":"default-arg","locations":[{"start":{"line":19,"column":27},"end":{"line":19,"column":32}}],"line":19},"1":{"loc":{"start":{"line":24,"column":4},"end":{"line":27,"column":5}},"type":"if","locations":[{"start":{"line":24,"column":4},"end":{"line":27,"column":5}},{"start":{},"end":{}}],"line":24},"2":{"loc":{"start":{"line":41,"column":8},"end":{"line":41,"column":51}},"type":"if","locations":[{"start":{"line":41,"column":8},"end":{"line":41,"column":51}},{"start":{},"end":{}}],"line":41},"3":{"loc":{"start":{"line":42,"column":8},"end":{"line":42,"column":51}},"type":"if","locations":[{"start":{"line":42,"column":8},"end":{"line":42,"column":51}},{"start":{},"end":{}}],"line":42},"4":{"loc":{"start":{"line":43,"column":8},"end":{"line":43,"column":47}},"type":"if","locations":[{"start":{"line":43,"column":8},"end":{"line":43,"column":47}},{"start":{},"end":{}}],"line":43},"5":{"loc":{"start":{"line":49,"column":8},"end":{"line":53,"column":9}},"type":"if","locations":[{"start":{"line":49,"column":8},"end":{"line":53,"column":9}},{"start":{},"end":{}}],"line":49},"6":{"loc":{"start":{"line":50,"column":10},"end":{"line":50,"column":49}},"type":"if","locations":[{"start":{"line":50,"column":10},"end":{"line":50,"column":49}},{"start":{},"end":{}}],"line":50},"7":{"loc":{"start":{"line":51,"column":10},"end":{"line":51,"column":52}},"type":"if","locations":[{"start":{"line":51,"column":10},"end":{"line":51,"column":52}},{"start":{},"end":{}}],"line":51},"8":{"loc":{"start":{"line":56,"column":8},"end":{"line":84,"column":9}},"type":"switch","locations":[{"start":{"line":57,"column":10},"end":{"line":60,"column":27}},{"start":{"line":62,"column":10},"end":{"line":65,"column":27}},{"start":{"line":67,"column":10},"end":{"line":70,"column":27}},{"start":{"line":72,"column":10},"end":{"line":75,"column":27}},{"start":{"line":77,"column":10},"end":{"line":78,"column":27}},{"start":{"line":80,"column":10},"end":{"line":83,"column":27}}],"line":56},"9":{"loc":{"start":{"line":58,"column":12},"end":{"line":58,"column":52}},"type":"if","locations":[{"start":{"line":58,"column":12},"end":{"line":58,"column":52}},{"start":{},"end":{}}],"line":58},"10":{"loc":{"start":{"line":59,"column":12},"end":{"line":59,"column":56}},"type":"if","locations":[{"start":{"line":59,"column":12},"end":{"line":59,"column":56}},{"start":{},"end":{}}],"line":59},"11":{"loc":{"start":{"line":63,"column":12},"end":{"line":63,"column":53}},"type":"if","locations":[{"start":{"line":63,"column":12},"end":{"line":63,"column":53}},{"
[...]
":{"start":{"line":308,"column":8},"end":{"line":308,"column":62}},"128":{"start":{"line":318,"column":4},"end":{"line":353,"column":5}},"129":{"start":{"line":320,"column":21},"end":{"line":320,"column":354}},"130":{"start":{"line":321,"column":25},"end":{"line":321,"column":131}},"131":{"start":{"line":322,"column":25},"end":{"line":322,"column":84}},"132":{"start":{"line":324,"column":6},"end":{"line":324,"column":88}},"133":{"start":{"line":326,"column":23},"end":{"line":332,"column":8}},"134":{"start":{"line":334,"column":6},"end":{"line":336,"column":7}},"135":{"start":{"line":335,"column":8},"end":{"line":335,"column":66}},"136":{"start":{"line":338,"column":22},"end":{"line":338,"column":43}},"137":{"start":{"line":339,"column":6},"end":{"line":339,"column":105}},"138":{"start":{"line":341,"column":22},"end":{"line":341,"column":55}},"139":{"start":{"line":343,"column":6},"end":{"line":343,"column":126}},"140":{"start":{"line":344,"column":6},"end":{"line":347,"column":7}},"141":{"start":{"line":345,"column":8},"end":{"line":345,"column":54}},"142":{"start":{"line":346,"column":8},"end":{"line":346,"column":155}},"143":{"start":{"line":346,"column":41},"end":{"line":346,"column":153}},"144":{"start":{"line":349,"column":6},"end":{"line":349,"column":21}},"145":{"start":{"line":351,"column":6},"end":{"line":351,"column":101}},"146":{"start":{"line":352,"column":6},"end":{"line":352,"column":60}},"147":{"start":{"line":360,"column":4},"end":{"line":370,"column":5}},"148":{"start":{"line":361,"column":26},"end":{"line":361,"column":74}},"149":{"start":{"line":361,"column":50},"end":{"line":361,"column":73}},"150":{"start":{"line":362,"column":6},"end":{"line":366,"column":7}},"151":{"start":{"line":363,"column":8},"end":{"line":363,"column":115}},"152":{"start":{"line":368,"column":6},"end":{"line":368,"column":75}},"153":{"start":{"line":377,"column":19},"end":{"line":377,"column":46}},"154":{"start":{"line":378,"column":4},"end":{"line":380,"column":32}},"155":{"start":{"line":384,"column":4},"end":{"line":445,"column":5}},"156":{"start":{"line":385,"column":6},"end":{"line":385,"column":98}},"157":{"start":{"line":386,"column":6},"end":{"line":386,"column":76}},"158":{"start":{"line":389,"column":27},"end":{"line":389,"column":64}},"159":{"start":{"line":390,"column":6},"end":{"line":390,"column":106}},"160":{"start":{"line":392,"column":6},"end":{"line":395,"column":7}},"161":{"start":{"line":393,"column":8},"end":{"line":393,"column":81}},"162":{"start":{"line":394,"column":8},"end":{"line":394,"column":18}},"163":{"start":{"line":397,"column":28},"end":{"line":434,"column":8}},"164":{"start":{"line":398,"column":33},"end":{"line":401,"column":9}},"165":{"start":{"line":399,"column":28},"end":{"line":399,"column":77}},"166":{"start":{"line":400,"column":10},"end":{"line":400,"column":54}},"167":{"start":{"line":403,"column":27},"end":{"line":431,"column":9}},"168":{"start":{"line":433,"column":8},"end":{"line":433,"column":26}},"169":{"start":{"line":436,"column":6},"end":{"line":436,"column":88}},"170":{"start":{"line":437,"column":6},"end":{"line":439,"column":7}},"171":{"start":{"line":438,"column":8},"end":{"line":438,"column":102}},"172":{"start":{"line":441,"column":6},"end":{"line":441,"column":27}},"173":{"start":{"line":443,"column":6},"end":{"line":443,"column":77}},"174":{"start":{"line":444,"column":6},"end":{"line":444,"column":16}},"175":{"start":{"line":449,"column":4},"end":{"line":475,"column":5}},"176":{"start":{"line":451,"column":32},"end":{"line":451,"column":74}},"177":{"start":{"line":453,"column":6},"end":{"line":455,"column":7}},"178":{"start":{"line":454,"column":8},"end":{"line":454,"column":18}},"179":{"start":{"line":457,"column":6},"end":{"line":471,"column":9}},"180":{"start":{"line":458,"column":33},"end":{"line":461,"column":9}},"181":{"start":{"line":459,"column":28},"end":{"line":459,"column":77}},"182":{"start":{"line":460,"column":10},"end":{"line":460,"column":54}},"183":{"start":{"line":463,"column":8},"end":{"line":470,"column":10}},"184":{"start":{"line":473,"column":6},"end":{"line":473,"column":66}},"185":{"start":{"line":474,"column":6},"end":{"line":474,"column":16}}},"fnMap":{"0":{"name":"(anonymous_0)","decl":{"start":{"line":15,"column":2},"end":{"line":15,"column":3}},"loc":{"start":{"line":15,"column":58},"end":{"line":23,"column":3}},"line":15},"1":{"name":"(anonymous_1)","decl":{"start":{"line":26,"column":2},"end":{"line":26,"column":3}},"loc":{"start":{"line":26,"column":54},"end":{"line":35,"column":3}},"line":26},"2":{"name":"(anonymous_2)","decl":{"start":{"line":38,"column":2},"end":{"line":38,"column":3}},"loc":{"start":{"line":38,"column":85},"end":{"line":54,"column":3}},"line":38},"3":{"name":"(anonymous_3)","decl":{"start":{"line":45,"column":35},"end":{"line":45,"column":36}},"loc":{"start":{"line":45,"column":40},"end":{"line":49,"column":7}},"line":45},"4":{"name":"(anonymous_4)","decl":{"start":{"line":56,"column":2},"end":{"line":56,"column":3}},"loc":{"start":{"line":56,"column":68},"end":{"line":87,"column":3}},"line":56},"5":{"name":"(anonymous_5)","decl":{"start":{"line":89,"column":2},"end":{"line":89,"column":3}},"loc":{"start":{"line":94,"column":28},"end":{"line":122,"column":3}},"line":94},"6":{"name":"(anonymous_6)","decl":{"start":{"line":128,"column":2},"end":{"line":128,"column":3}},"loc":{"start":{"line":133,"column":28},"end":{"line":261,"column":3}},"line":133},"7":{"name":"(anonymous_7)","decl":{"start":{"line":143,"column":35},"end":{"line":143,"column":36}},"loc":{"start":{"line":143,"column":41},"end":{"line":143,"column":59}},"line":143},"8":{"name":"(anonymous_8)","decl":{"start":{"line":168,"column":54},"end":{"line":168,"column":55}},"loc":{"start":{"line":168,"column":68},"end":{"line":184,"column":7}},"line":168},"9":{"name":"(anonymous_9)","decl":{"start":{"line":187,"column":55},"end":{"line":187,"column":56}},"loc":{"start":{"line":187,"column":65},"end":{"line":198,"column":7}},"line":187},"10":{"name":"(anonymous_10)","decl":{"start":{"line":210,"column":32},"end":{"line":210,"column":33}},"loc":{"start":{"line":210,"column":37},"end":{"line":214,"column":7}},"line":210},"11":{"name":"(anonymous_11)","decl":{"start":{"line":220,"column":56},"end":{"line":220,"column":57}},"loc":{"start":{"line":221,"column":10},"end":{"line":221,"column":78}},"line":221},"12":{"name":"(anonymous_12)","decl":{"start":{"line":263,"column":2},"end":{"line":263,"column":3}},"loc":{"start":{"line":263,"column":78},"end":{"line":311,"column":3}},"line":263},"13":{"name":"(anonymous_13)","decl":{"start":{"line":317,"column":2},"end":{"line":317,"column":3}},"loc":{"start":{"line":317,"column":86},"end":{"line":354,"column":3}},"line":317},"14":{"name":"(anonymous_14)","decl":{"start":{"line":346,"column":36},"end":{"line":346,"column":37}},"loc":{"start":{"line":346,"column":41},"end":{"line":346,"column":153}},"line":346},"15":{"name":"(anonymous_15)","decl":{"start":{"line":359,"column":2},"end":{"line":359,"column":3}},"loc":{"start":{"line":359,"column":82},"end":{"line":371,"column":3}},"line":359},"16":{"name":"(anonymous_16)","decl":{"start":{"line":361,"column":41},"end":{"line":361,"column":42}},"loc":{"start":{"line":361,"column":50},"end":{"line":361,"column":73}},"line":361},"17":{"name":"(anonymous_17)","decl":{"start":{"line":376,"column":2},"end":{"line":376,"column":3}},"loc":{"start":{"line":376,"column":49},"end":{"line":381,"column":3}},"line":376},"18":{"name":"(anonymous_18)","decl":{"start":{"line":383,"column":2},"end":{"line":383,"column":3}},"loc":{"start":{"line":383,"column":68},"end":{"line":446,"column":3}},"line":383},"19":{"name":"(anonymous_19)","decl":{"start":{"line":397,"column":45},"end":{"line":397,"column":46}},"loc":{"start":{"line":397,"column":56},"end":{"line":434,"column":7}},"line":397},"20":{"name":"(anonymous_20)","decl":{"start":{"line":398,"column":33},"end":{"line":398,"column":34}},"loc":{"start":{"line":398,"column":71},"end":{"line":401,"column":9}},"line":398},"21":{"name":"(anonymous_21)","decl":{"start":{"line":448,"column":2},"end":{"line":448,"column":3}},"loc":{"start":{"line":448,"column":73},"end":{"line":476,"column":3}},"line":448},"22":{"name":"(anonymous_22)","decl":{"start":{"line":457,"column":35},"end":{"line":457,"column":36}},"loc":{"start":{"line":457,"column":46},"end":{"line":471,"column":7}},"line":457},"23":{"name":"(anonymous_23)","decl":{"start":{"line":458,"column":33},"end":{"line":458,"column":34}},"loc":{"start":{"line":458,"column":71},"end":{"line":461,"column":9}},"line":458}},"branchMap":{"0":{"loc":{"start":{"line":16,"column":4},"end":{"line":16,"column":32}},"type":"if","locations":[{"start":{"line":16,"column":4},"end":{"line":16,"column":32}},{"start":{},"end":{}}],"line":16},"1":{"loc":{"start":{"line":19,"column":4},"end":{"line":19,"column":46}},"type":"if","locations":[{"start":{"line":19,"column":4},"end":{"line":19,"column":46}},{"start":{},"end":{}}],"line":19},"2":{"loc":{"start":{"line":20,"column":4},"end":{"line":20,"column":46}},"type":"if","locations":[{"start":{"line":20,"column":4},"end":{"line":20,"column":46}},{"start":{},"end":{}}],"line":20},"3":{"loc":{"start":{"line":27,"column":4},"end":{"line":27,"column":25}},"type":"if","locations":[{"start":{"line":27,"column":4},"end":{"line":27,"column":25}},{"start":{},"end":{}}],"line":27},"4":{"loc":{"start":{"line":30,"column":4},"end":{"line":32,"column":5}},"type":"if","locations":[{"start":{"line":30,"column":4},"end":{"line":32,"column":5}},{"start":{},"end":{}}],"line":30},"5":{"loc":{"start":{"line":30,"column":8},"end":{"line":30,"column":62}},"type":"binary-expr","locations":[{"start":{"line":30,"column":8},"end":{"line":30,"column":33}},{"start":{"line":30,"column":37},"end":{"line":30,"column":62}}],"line":30},"6":{"loc":{"start":{"line":39,"column":4},"end":{"line":39,"column":46}},"type":"if","locations":[{"start":{"line":39,"column":4},"end":{"line":39,"column":46}},{"start":{},"end":{}}],"line":39},"7":{"loc":{"start":{"line":46,"column":8},"end":{"line":46,"column":34}},"type":"if","locations":[{"start":{"line":46,"column":8},"end":{"line":46,"column":34}},{"start":{},"end":{}}],"line":46},"8":{"loc":{"start":{"line":57,"column":17},"end":{"line":57,"column":38}},"type":"binary-expr","locations":[{"start":{"line":57,"column":17},"end":{"line":57,"column":32}},{"start":{"line":57,"column":36},"end":{"line":57,"column":38}}],"line":57},"9":{"loc":{"start":{"line":58,"column":17},"end":{"line":58,"column":38}},"type":"binary-expr","locations":[{"start":{"line":58,"column":17},"end":{"line":58,"column":32}},{"start":{"line":58,"column":36},"end":{"line":58,"column":38}}],"line":58},"10":{"loc":{"start":{"line":61,"column":4},"end":{"line":65,"column":5}},"type":"if","locations":[{"start":{"line":61,"column":4},"end":{"line":65,"column":5}},{"start":{},"end":{}}],"line":61},"11":{"loc":{"start":{"line":61,"column":8},"end":{"line":63,"column":57}},"type":"binary-expr","locations":[{"start":{"line":61,"column":8},"end":{"line":61,"column":43}},{"start":{"line":62,"column":8},"end":{"line":62,"column":49}},{"start":{"line":63,"column":8},"end":{"line":63,"column":57}}],"line":61},"12":{"loc":{"start":{"line":68,"column":4},"end":{"line":74,"column":5}},"type":"if","locations":[{"start":{"line":68,"column":4},"end":{"line":74,"column":5}},{"start":{},"end":{}}],"line":68},"13":{"loc":{"start":{"line":68,"column":8},"end":{"line":72,"column":46}},"type":"binary-expr","locations":[{"start":{"line":68,"column":8},"end":{"line":68,"column":42}},{"start":{"line":69,"column":8},"end":{"line":69,"column":42}},{"start":{"line":70,"column":8},"end":{"line":70,"column":53}},{"start":{"line":71,"column":8},"end":{"line":71,"column":48}},{"start":{"line":72,"column":8},"end":{"line":72,"column":46}}],"line":68},"14":{"loc":{"start":{"line":77,"column":4},"end":{"line":83,"column":5}},"type":"if","locations":[{"start":{"line":77,"column":4},"end":{"line":83,"column":5}},{"start":{},"end":{}}],"line":77},"15":{"loc":{"start":{"line":77,"column":8},"end":{"line":81,"column":51}},"type":"binary-expr","locations":[{"start":{"line":77,"column":8},"end":{"line":77,"column":42}},{"start":{"line":78,"column":8},"end":{"line":78,"column":42}},{"start":{"line":79,"column":8},"end":{"line":79,"column":47}},{"start":{"line":80,"column":8},"end":{"line":80,"column":45}},{"start":{"line":81,"column":8},"end":{"line":81,"column":51}}],"line":77},"16":{"loc":{"start":{"line":156,"column":6},"end":{"line":158,"column":7}},"type":"if","locations":[{"start":{"line":156,"column":6},"end":{"line":158,"column":7}},{"start":{},"end":{}}],"line":156},"17":{"loc":{"start":{"line":169,"column":8},"end":{"line":169,"column":48}},"type":"if","locations":[{"start":{"line":169,"column":8},"end":{"line":169,"column":48}},{"start":{},"end":{}}],"line":169},"18":{"loc":{"start":{"line":173,"column":32},"end":{"line":173,"column":88}},"type":"binary-expr","locations":[{"start":{"line":173,"column":32},"end":{"line":173,"column":56}},{"start":{"line":173,"column":60},"end":{"line":173,"column":88}}],"line":173},"19":{"loc":{"start":{"line":175,"column":10},"end":{"line":177,"column":11}},"type":"if","locations":[{"start":{"line":175,"column":10},"end":{"line":177,"column":11}},{"start":{},"end":{}}],"line":175},"20":{"loc":{"start":{"line":188,"column":8},"end":{"line":188,"column":35}},"type":"if","locations":[{"start":{"line":188,"column":8},"end":{"line":188,"column":35}},{"start":{},"end":{}}],"line":188},"21":{"loc":{"start":{"line":189,"column":8},"end":{"line":189,"column":36}},"type":"if","locations":[{"start":{"line":189,"column":8},"end":{"line":189,"column":36}},{"start":{},"end":{}}],"line":189},"22":{"loc":{"start":{"line":219,"column":6},"end":{"line":226,"column":7}},"type":"if","locations":[{"start":{"line":219,"column":6},"end":{"line":226,"column":7}},{"start":{},"end":{}}],"line":219},"23":{"loc":{"start":{"line":219,"column":10},"end":{"line":219,"column":81}},"type":"binary-expr","locations":[{"start":{"line":219,"column":10},"end":{"line":219,"column":39}},{"start":{"line":219,"column":43},"end":{"line":219,"column":81}}],"line":219},"24":{"loc":{"start":{"line":278,"column":20},"end":{"line":278,"column":41}},"type":"binary-expr","locations":[{"start":{"line":278,"column":20},"end":{"line":278,"column":26}},{"start":{"line":278,"column":30},"end":{"line":278,"column":41}}],"line":278},"25":{"loc":{"start":{"line":283,"column":6},"end":{"line":290,"column":7}},"type":"if","locations":[{"start":{"line":283,"column":6},"end":{"line":290,"column":7}},{"start":{},"end":{}}],"line":283},"26":{"loc":{"start":{"line":283,"column":10},"end":{"line":283,"column":31}},"type":"binary-expr","locations":[{"start":{"line":283,"column":10},"end":{"line":283,"column":16}},{"start":{"line":283,"column":20},"end":{"line":283,"column":31}}],"line":283},"27":{"loc":{"start":{"line":334,"column":6},"end":{"line":336,"column":7}},"type":"if","locations":[{"start":{"line":334,"column":6},"end":{"line":336,"column":7}},{"start":{},"end":{}}],"line":334},"28":{"loc":{"start":{"line":344,"column":6},"end":{"line":347,"column":7}},"type":"if","locations":[{"start":{"line":344,"column":6},"end":{"line":347,"column":7}},{"start":{},"end":{}}],"line":344},"29":{"loc":{"start":{"line":362,"column":6},"end":{"line":366,"column":7}},"type":"if","locations":[{"start":{"line":362,"column":6},"end":{"line":366,"column":7}},{"start":{},"end":{}}],"line":362},"30":{"loc":{"start":{"line":378,"column":11},"end":{"line":380,"column":31}},"type":"binary-expr","locations":[{"start":{"line":378,"column":11},"end":{"line":378,"column":28}},{"start":{"line":379,"column":11},"end":{"line":379,"column":34}},{"start":{"line":380,"column":11},"end":{"line":380,"column":31}}],"line":378},"31":{"loc":{"start":{"line":390,"column":48},"end":{"line":390,"column":86}},"type":"cond-expr","locations":[{"start":{"line":390,"column":63},"end":{"line":390,"column":82}},{"start":{"line":390,"column":85},"end":{"line":390,"column":86}}],"line":390},"32":{"loc":{"start":{"line":392,"column":6},"end":{"line":395,"column":7}},"type":"if","locations":[{"start":{"line":392,"column":6},"end":{"line":395,"column":7}},{"start":{},"end":{}}],"line":392},"33":{"loc":{"start":{"line":400,"column":17},"end":{"line":400,"column":53}},"type":"cond-expr","locations":[{"start":{"line":400,"column":29},"end":{"line":400,"column":41}},{"start":{"line":400,"column":44},"end":{"line":400,"column":53}}],"line":400},"34":{"loc":{"start":{"line":404,"column":14},"end":{"line":404,"column":42}},"type":"binary-expr","locations":[{"start":{"line":404,"column":14},"end":{"line":404,"column":36}},{"start":{"line":404,"column":40},"end":{"line":404,"column":42}}],"line":404},"35":{"loc":{"start":{"line":437,"column":6},"end":{"line":439,"column":7}},"type":"if","locations":[{"start":{"line":437,"column":6},"end":{"line":439,"column":7}},{"start":{},"end":{}}],"line":437},"36":{"loc":{"start":{"line":453,"column":6},"end":{"line":455,"column":7}},"type":"if","locations":[{"start":{"line":453,"column":6},"end":{"line":455,"column":7}},{"start":{},"end":{}}],"line":453},"37":{"loc":{"start":{"line":460,"column":17},"end":{"line":460,"column":53}},"type":"cond-expr","locations":[{"start":{"line":460,"column":29},"end":{"line":460,"column":41}},{"start":{"line":460,"column":44},"end":{"line":460,"column":53}}],"line":460},"38":{"loc":{"start":{"line":464,"column":14},"end":{"line":464,"column":42}},"type":"binary-expr","locations":[{"start":{"line":464,"column":14},"end":{"line":464,"column":36}},{"start":{"line":464,"column":40},"end":{"line":464,"column":42}}],"line":464}},"s":{"0":0,"1":0,"2":0,"3":0,"4":0,"5":0,"6":0,"7":0,"8":0,"9":0,"10":0,"11":0,"12":0,"13":0,"14":0,"15":0,"16":0,"17":0,"18":0,"19":0,"20":0,"21":0,"22":0,"23":0,"24":0,"25":0,"26":0,"27":0,"28":0,"29":0,"30":0,"31":0,"32":0,"33":0,"34":0,"35":0,"36":0,"37":0,"38":0,"39":0,"40":0,"41":0,"42":0,"43":0,"44":0,"45":0,"46":0,"47":0,"48":0,"49":0,"50":0,"51":0,"52":0,"53":0,"54":0,"55":0,"56":0,"57":0,"58":0,"59":0,"60":0,"61":0,"62":0,"63":0,"64":0,"65":0,"66":0,"67":0,"68":0,"69":0,"70":0,"71":0,"72":0,"73":0,"74":0,"75":0,"76":0,"77":0,"78":0,"79":0,"80":0,"81":0,"82":0,"83":0,"84":0,"85":0,"86":0,"87":0,"88":0,"89":0,"90":0,"91":0,"92":0,"93":0,"94":0,"95":0,"96":0,"97":0,"98":0,"99":0,"100":0,"101":0,"102":0,"103":0,"104":0,"105":0,"106":0,"107":0,"108":0,"109":0,"110":0,"111":0,"112":0,"113":0,"114":0,"115":0,"116":0,"117":0,"118":0,"119":0,"120":0,"121":0,"122":0,"123":0,"124":0,"125":0,"126":0,"127":0,"128":0,"129":0,"130":0,"131":0,"132":0,"133":0,"134":0,"135":0,"136":0,"137":0,"138":0,"139":0,"140":0,"141":0,"142":0,"143":0,"144":0,"145":0,"146":0,"147":0,"148":0,"149":0,"150":0,"151":0,"152":0,"153":0,"154":0,"155":0,"156":0,"157":0,"158":0,"159":0,"160":0,"161":0,"162":0,"163":0,"164":0,"165":0,"166":0,"167":0,"168":0,"169":0,"170":0,"171":0,"172":0,"173":0,"174":0,"175":0,"176":0,"177":0,"178":0,"179":0,"180":0,"181":0,"182":0,"183":0,"184":0,"185":0},"f":{"0":0,"1":0,"2":0,"3":0,"4":0,"5":0,"6":0,"7":0,"8":0,"9":0,"10":0,"11":0,"12":0,"13":0,"14":0,"15":0,"16":0,"17":0,"18":0,"19":0,"20":0,"21":0,"22":0,"23":0},"b":{"0":[0,0],"1":[0,0],"2":[0,0],"3":[0,0],"4":[0,0],"5":[0,0],"6":[0,0],"7":[0,0],"8":[0,0],"9":[0,0],"10":[0,0],"11":[0,0,0],"12":[0,0],"13":[0,0,0,0,0],"14":[0,0],"15":[0,0,0,0,0],"16":[0,0],"17":[0,0],"18":[0,0],"19":[0,0],"20":[0,0],"21":[0,0],"22":[0,0],"23":[0,0],"24":[0,0],"25":[0,0],"26":[0,0],"27":[0,0],"28":[0,0],"29":[0,0],"30":[0,0,0],"31":[0,0],"32":[0,0],"33":[0,0],"34":[0,0],"35":[0,0],"36":[0,0],"37":[0,0],"38":[0,0]}}
,"C:\\Users\\KreshOS\\Documents\\00-Progetti\\VisTest\\services\\interfaces\\IVisApiService.ts": {"path":"C:\\Users\\KreshOS\\Documents\\00-Progetti\\VisTest\\services\\interfaces\\IVisApiService.ts","statementMap":{},"fnMap":{},"branchMap":{},"s":{},"f":{},"b":{}}
}
