TN:
SF:components\index.ts
FNF:0
FNH:0
LF:0
LH:0
BRF:0
BRH:0
end_of_record
TN:
SF:components\Assignment\index.ts
FNF:0
FNH:0
LF:0
LH:0
BRF:0
BRH:0
end_of_record
TN:
SF:components\Brand\index.ts
FNF:0
FNH:0
LF:0
LH:0
BRF:0
BRH:0
end_of_record
TN:
SF:components\Dashboard\index.ts
FNF:0
FNH:0
LF:0
LH:0
BRF:0
BRH:0
end_of_record
TN:
SF:components\Foundation\index.ts
FNF:0
FNH:0
LF:0
LH:0
BRF:0
BRH:0
end_of_record
TN:
SF:components\Hierarchy\index.ts
FNF:0
FNH:0
LF:0
LH:0
BRF:0
BRH:0
end_of_record
TN:
SF:components\Icons\index.ts
FNF:0
FNH:0
LF:0
LH:0
BRF:0
BRH:0
end_of_record
TN:
SF:components\MatchResult\index.ts
FNF:0
FNH:0
LF:0
LH:0
BRF:0
BRH:0
end_of_record
TN:
SF:components\Status\StatusSizeSystem.tsx
FN:125,(anonymous_0)
FN:129,(anonymous_1)
FN:185,(anonymous_2)
FN:193,(anonymous_3)
FN:202,(anonymous_4)
FN:212,(anonymous_5)
FN:227,(anonymous_6)
FN:262,(anonymous_7)
FN:273,(anonymous_8)
FN:278,(anonymous_9)
FNF:10
FNH:0
FNDA:0,(anonymous_0)
FNDA:0,(anonymous_1)
FNDA:0,(anonymous_2)
FNDA:0,(anonymous_3)
FNDA:0,(anonymous_4)
FNDA:0,(anonymous_5)
FNDA:0,(anonymous_6)
FNDA:0,(anonymous_7)
FNDA:0,(anonymous_8)
FNDA:0,(anonymous_9)
DA:42,0
DA:125,0
DA:126,0
DA:129,0
DA:133,0
DA:135,0
DA:141,0
DA:143,0
DA:152,0
DA:160,0
DA:167,0
DA:175,0
DA:185,0
DA:186,0
DA:187,0
DA:193,0
DA:194,0
DA:195,0
DA:202,0
DA:203,0
DA:204,0
DA:212,0
DA:213,0
DA:214,0
DA:227,0
DA:231,0
DA:234,0
DA:236,0
DA:237,0
DA:238,0
DA:239,0
DA:244,0
DA:245,0
DA:246,0
DA:247,0
DA:248,0
DA:250,0
DA:251,0
DA:252,0
DA:253,0
DA:254,0
DA:258,0
DA:262,0
DA:263,0
DA:264,0
DA:266,0
DA:273,0
DA:274,0
DA:278,0
DA:279,0
DA:285,0
LF:51
LH:0
BRDA:131,0,0,0
BRDA:141,1,0,0
BRDA:141,1,1,0
BRDA:141,1,2,0
BRDA:141,1,3,0
BRDA:141,1,4,0
BRDA:141,1,5,0
BRDA:229,2,0,0
BRDA:231,3,0,0
BRDA:231,4,0,0
BRDA:231,5,0,0
BRDA:234,6,0,0
BRDA:234,6,1,0
BRDA:234,7,0,0
BRDA:234,7,1,0
BRDA:236,8,0,0
BRDA:236,8,1,0
BRDA:236,8,2,0
BRDA:244,9,0,0
BRDA:244,9,1,0
BRDA:245,10,0,0
BRDA:245,10,1,0
BRDA:245,10,2,0
BRDA:250,11,0,0
BRDA:250,11,1,0
BRDA:251,12,0,0
BRDA:251,12,1,0
BRDA:251,12,2,0
BRDA:267,13,0,0
BRDA:267,13,1,0
BRF:30
BRH:0
end_of_record
TN:
SF:components\Status\index.ts
FNF:0
FNH:0
LF:0
LH:0
BRF:0
BRH:0
end_of_record
TN:
SF:components\TouchTarget\index.ts
FNF:0
FNH:0
LF:0
LH:0
BRF:0
BRH:0
end_of_record
TN:
SF:components\TouchTarget\types.ts
FNF:0
FNH:0
LF:0
LH:0
BRF:0
BRH:0
end_of_record
TN:
SF:components\TournamentInfo\index.ts
FNF:0
FNH:0
LF:0
LH:0
BRF:0
BRH:0
end_of_record
TN:
SF:components\Typography\index.ts
FNF:0
FNH:0
LF:0
LH:0
BRF:0
BRH:0
end_of_record
TN:
SF:components\offline\index.ts
FNF:0
FNH:0
LF:0
LH:0
BRF:0
BRH:0
end_of_record
TN:
SF:hooks\useAppState.ts
FN:59,useAppState
FN:79,(anonymous_1)
FN:95,(anonymous_2)
FN:116,(anonymous_3)
FN:121,(anonymous_4)
FN:160,(anonymous_5)
FN:164,(anonymous_6)
FN:172,(anonymous_7)
FN:176,(anonymous_8)
FN:184,(anonymous_9)
FN:186,(anonymous_10)
FN:191,(anonymous_11)
FN:206,(anonymous_12)
FN:262,useAppLifecycle
FN:290,useConnectionSuspension
FN:340,useAppStateAnalytics
FN:366,(anonymous_16)
FN:370,(anonymous_17)
FN:375,(anonymous_18)
FN:379,(anonymous_19)
FNF:20
FNH:0
FNDA:0,useAppState
FNDA:0,(anonymous_1)
FNDA:0,(anonymous_2)
FNDA:0,(anonymous_3)
FNDA:0,(anonymous_4)
FNDA:0,(anonymous_5)
FNDA:0,(anonymous_6)
FNDA:0,(anonymous_7)
FNDA:0,(anonymous_8)
FNDA:0,(anonymous_9)
FNDA:0,(anonymous_10)
FNDA:0,(anonymous_11)
FNDA:0,(anonymous_12)
FNDA:0,useAppLifecycle
FNDA:0,useConnectionSuspension
FNDA:0,useAppStateAnalytics
FNDA:0,(anonymous_16)
FNDA:0,(anonymous_17)
FNDA:0,(anonymous_18)
FNDA:0,(anonymous_19)
DA:60,0
DA:61,0
DA:62,0
DA:70,0
DA:71,0
DA:72,0
DA:79,0
DA:80,0
DA:83,0
DA:84,0
DA:85,0
DA:87,0
DA:88,0
DA:89,0
DA:90,0
DA:92,0
DA:95,0
DA:96,0
DA:97,0
DA:98,0
DA:101,0
DA:102,0
DA:105,0
DA:106,0
DA:108,0
DA:116,0
DA:117,0
DA:118,0
DA:121,0
DA:122,0
DA:123,0
DA:128,0
DA:131,0
DA:135,0
DA:138,0
DA:142,0
DA:143,0
DA:145,0
DA:150,0
DA:158,0
DA:160,0
DA:161,0
DA:164,0
DA:169,0
DA:172,0
DA:173,0
DA:176,0
DA:181,0
DA:184,0
DA:185,0
DA:186,0
DA:188,0
DA:191,0
DA:192,0
DA:193,0
DA:196,0
DA:197,0
DA:199,0
DA:201,0
DA:202,0
DA:206,0
DA:207,0
DA:208,0
DA:211,0
DA:212,0
DA:214,0
DA:216,0
DA:217,0
DA:221,0
DA:275,0
DA:277,0
DA:316,0
DA:318,0
DA:354,0
DA:357,0
DA:358,0
DA:359,0
DA:360,0
DA:361,0
DA:362,0
DA:365,0
DA:367,0
DA:368,0
DA:370,0
DA:374,0
DA:376,0
DA:380,0
DA:381,0
DA:383,0
DA:386,0
DA:387,0
DA:389,0
LF:92
LH:0
BRDA:128,0,0,0
BRDA:128,0,1,0
BRDA:131,1,0,0
BRDA:131,1,1,0
BRDA:131,1,2,0
BRDA:135,2,0,0
BRDA:135,2,1,0
BRDA:138,3,0,0
BRDA:138,3,1,0
BRDA:142,4,0,0
BRDA:142,4,1,0
BRDA:145,5,0,0
BRDA:145,5,1,0
BRDA:145,6,0,0
BRDA:145,6,1,0
BRDA:145,6,2,0
BRDA:151,7,0,0
BRDA:151,7,1,0
BRDA:152,8,0,0
BRDA:152,8,1,0
BRDA:152,8,2,0
BRDA:362,9,0,0
BRDA:362,9,1,0
BRDA:376,10,0,0
BRDA:376,10,1,0
BRDA:380,11,0,0
BRDA:380,11,1,0
BRDA:387,12,0,0
BRDA:387,12,1,0
BRF:29
BRH:0
end_of_record
TN:
SF:hooks\useAssignmentCountdown.ts
FN:22,(anonymous_0)
FN:39,(anonymous_1)
FN:67,(anonymous_2)
FN:101,(anonymous_3)
FN:122,(anonymous_4)
FN:137,(anonymous_5)
FN:160,(anonymous_6)
FN:168,(anonymous_7)
FN:169,(anonymous_8)
FNF:9
FNH:0
FNDA:0,(anonymous_0)
FNDA:0,(anonymous_1)
FNDA:0,(anonymous_2)
FNDA:0,(anonymous_3)
FNDA:0,(anonymous_4)
FNDA:0,(anonymous_5)
FNDA:0,(anonymous_6)
FNDA:0,(anonymous_7)
FNDA:0,(anonymous_8)
DA:22,0
DA:23,0
DA:31,0
DA:37,0
DA:39,0
DA:40,0
DA:41,0
DA:43,0
DA:44,0
DA:53,0
DA:54,0
DA:55,0
DA:56,0
DA:58,0
DA:67,0
DA:68,0
DA:70,0
DA:71,0
DA:78,0
DA:79,0
DA:86,0
DA:87,0
DA:94,0
DA:101,0
DA:102,0
DA:104,0
DA:105,0
DA:109,0
DA:110,0
DA:114,0
DA:115,0
DA:119,0
DA:122,0
DA:123,0
DA:124,0
DA:127,0
DA:128,0
DA:132,0
DA:133,0
DA:137,0
DA:138,0
DA:139,0
DA:146,0
DA:151,0
DA:155,0
DA:158,0
DA:160,0
DA:161,0
DA:162,0
DA:168,0
DA:169,0
DA:170,0
DA:171,0
DA:176,0
LF:54
LH:0
BRDA:43,0,0,0
BRDA:43,0,1,0
BRDA:70,1,0,0
BRDA:70,1,1,0
BRDA:78,2,0,0
BRDA:78,2,1,0
BRDA:86,3,0,0
BRDA:86,3,1,0
BRDA:104,4,0,0
BRDA:104,4,1,0
BRDA:109,5,0,0
BRDA:109,5,1,0
BRDA:114,6,0,0
BRDA:114,6,1,0
BRDA:123,7,0,0
BRDA:123,7,1,0
BRDA:128,8,0,0
BRDA:128,8,1,0
BRDA:138,9,0,0
BRDA:138,9,1,0
BRDA:161,10,0,0
BRDA:161,10,1,0
BRDA:170,11,0,0
BRDA:170,11,1,0
BRDA:180,12,0,0
BRDA:180,12,1,0
BRF:26
BRH:0
end_of_record
TN:
SF:hooks\useAssignmentPreparation.ts
FN:29,(anonymous_0)
FN:41,(anonymous_1)
FN:43,(anonymous_2)
FN:58,(anonymous_3)
FN:62,(anonymous_4)
FN:71,(anonymous_5)
FN:89,(anonymous_6)
FN:105,(anonymous_7)
FN:114,(anonymous_8)
FN:119,(anonymous_9)
FN:129,(anonymous_10)
FN:132,(anonymous_11)
FN:149,(anonymous_12)
FN:156,(anonymous_13)
FN:164,(anonymous_14)
FN:179,(anonymous_15)
FN:194,(anonymous_16)
FN:201,(anonymous_17)
FN:209,(anonymous_18)
FN:223,(anonymous_19)
FN:240,(anonymous_20)
FN:248,(anonymous_21)
FN:253,(anonymous_22)
FN:255,(anonymous_23)
FN:259,(anonymous_24)
FN:263,(anonymous_25)
FN:278,(anonymous_26)
FN:289,(anonymous_27)
FN:301,(anonymous_28)
FN:314,(anonymous_29)
FN:322,(anonymous_30)
FN:331,(anonymous_31)
FN:334,(anonymous_32)
FN:345,(anonymous_33)
FN:349,(anonymous_34)
FN:354,(anonymous_35)
FN:355,(anonymous_36)
FN:359,(anonymous_37)
FN:371,(anonymous_38)
FNF:39
FNH:0
FNDA:0,(anonymous_0)
FNDA:0,(anonymous_1)
FNDA:0,(anonymous_2)
FNDA:0,(anonymous_3)
FNDA:0,(anonymous_4)
FNDA:0,(anonymous_5)
FNDA:0,(anonymous_6)
FNDA:0,(anonymous_7)
FNDA:0,(anonymous_8)
FNDA:0,(anonymous_9)
FNDA:0,(anonymous_10)
FNDA:0,(anonymous_11)
FNDA:0,(anonymous_12)
FNDA:0,(anonymous_13)
FNDA:0,(anonymous_14)
FNDA:0,(anonymous_15)
FNDA:0,(anonymous_16)
FNDA:0,(anonymous_17)
FNDA:0,(anonymous_18)
FNDA:0,(anonymous_19)
FNDA:0,(anonymous_20)
FNDA:0,(anonymous_21)
FNDA:0,(anonymous_22)
FNDA:0,(anonymous_23)
FNDA:0,(anonymous_24)
FNDA:0,(anonymous_25)
FNDA:0,(anonymous_26)
FNDA:0,(anonymous_27)
FNDA:0,(anonymous_28)
FNDA:0,(anonymous_29)
FNDA:0,(anonymous_30)
FNDA:0,(anonymous_31)
FNDA:0,(anonymous_32)
FNDA:0,(anonymous_33)
FNDA:0,(anonymous_34)
FNDA:0,(anonymous_35)
FNDA:0,(anonymous_36)
FNDA:0,(anonymous_37)
FNDA:0,(anonymous_38)
DA:22,0
DA:29,0
DA:30,0
DA:41,0
DA:42,0
DA:43,0
DA:46,0
DA:52,0
DA:53,0
DA:54,0
DA:56,0
DA:57,0
DA:58,0
DA:59,0
DA:62,0
DA:70,0
DA:71,0
DA:77,0
DA:78,0
DA:82,0
DA:83,0
DA:86,0
DA:87,0
DA:89,0
DA:100,0
DA:101,0
DA:105,0
DA:114,0
DA:115,0
DA:119,0
DA:120,0
DA:121,0
DA:122,0
DA:124,0
DA:129,0
DA:130,0
DA:132,0
DA:133,0
DA:134,0
DA:137,0
DA:139,0
DA:146,0
DA:147,0
DA:149,0
DA:152,0
DA:156,0
DA:164,0
DA:169,0
DA:171,0
DA:179,0
DA:180,0
DA:182,0
DA:184,0
DA:191,0
DA:192,0
DA:194,0
DA:197,0
DA:201,0
DA:209,0
DA:214,0
DA:215,0
DA:223,0
DA:229,0
DA:230,0
DA:231,0
DA:236,0
DA:240,0
DA:248,0
DA:249,0
DA:250,0
DA:253,0
DA:254,0
DA:255,0
DA:258,0
DA:259,0
DA:263,0
DA:264,0
DA:265,0
DA:266,0
DA:268,0
DA:275,0
DA:276,0
DA:278,0
DA:279,0
DA:281,0
DA:286,0
DA:287,0
DA:289,0
DA:296,0
DA:301,0
DA:302,0
DA:303,0
DA:304,0
DA:306,0
DA:312,0
DA:314,0
DA:316,0
DA:322,0
DA:323,0
DA:324,0
DA:326,0
DA:327,0
DA:328,0
DA:329,0
DA:330,0
DA:331,0
DA:332,0
DA:334,0
DA:335,0
DA:341,0
DA:345,0
DA:346,0
DA:347,0
DA:349,0
DA:350,0
DA:354,0
DA:355,0
DA:356,0
DA:357,0
DA:359,0
DA:362,0
DA:363,0
DA:367,0
DA:371,0
DA:372,0
DA:375,0
LF:126
LH:0
BRDA:56,0,0,0
BRDA:56,0,1,0
BRDA:70,1,0,0
BRDA:70,1,1,0
BRDA:77,2,0,0
BRDA:77,2,1,0
BRDA:100,3,0,0
BRDA:100,3,1,0
BRDA:100,4,0,0
BRDA:100,4,1,0
BRDA:108,5,0,0
BRDA:108,5,1,0
BRDA:147,6,0,0
BRDA:147,6,1,0
BRDA:158,7,0,0
BRDA:158,7,1,0
BRDA:173,8,0,0
BRDA:173,8,1,0
BRDA:192,9,0,0
BRDA:192,9,1,0
BRDA:203,10,0,0
BRDA:203,10,1,0
BRDA:230,11,0,0
BRDA:230,11,1,0
BRDA:242,12,0,0
BRDA:242,12,1,0
BRDA:250,13,0,0
BRDA:250,13,1,0
BRDA:254,14,0,0
BRDA:254,14,1,0
BRDA:266,15,0,0
BRDA:266,15,1,0
BRDA:304,16,0,0
BRDA:304,16,1,0
BRDA:330,17,0,0
BRDA:330,17,1,0
BRDA:331,18,0,0
BRDA:331,18,1,0
BRDA:334,19,0,0
BRDA:334,19,1,0
BRDA:347,20,0,0
BRDA:347,20,1,0
BRDA:347,21,0,0
BRDA:347,21,1,0
BRDA:362,22,0,0
BRDA:362,22,1,0
BRDA:362,23,0,0
BRDA:362,23,1,0
BRDA:362,23,2,0
BRF:49
BRH:0
end_of_record
TN:
SF:hooks\useCurrentAssignment.ts
FN:17,(anonymous_0)
FN:89,(anonymous_1)
FN:102,(anonymous_2)
FN:108,(anonymous_3)
FN:109,(anonymous_4)
FN:113,(anonymous_5)
FN:126,(anonymous_6)
FN:134,(anonymous_7)
FN:142,(anonymous_8)
FN:150,(anonymous_9)
FN:156,(anonymous_10)
FNF:11
FNH:0
FNDA:0,(anonymous_0)
FNDA:0,(anonymous_1)
FNDA:0,(anonymous_2)
FNDA:0,(anonymous_3)
FNDA:0,(anonymous_4)
FNDA:0,(anonymous_5)
FNDA:0,(anonymous_6)
FNDA:0,(anonymous_7)
FNDA:0,(anonymous_8)
FNDA:0,(anonymous_9)
FNDA:0,(anonymous_10)
DA:17,0
DA:21,0
DA:30,0
DA:50,0
DA:89,0
DA:91,0
DA:92,0
DA:95,0
DA:96,0
DA:99,0
DA:102,0
DA:105,0
DA:108,0
DA:109,0
DA:111,0
DA:113,0
DA:115,0
DA:116,0
DA:118,0
DA:126,0
DA:134,0
DA:135,0
DA:137,0
DA:140,0
DA:142,0
DA:150,0
DA:151,0
DA:154,0
DA:156,0
DA:159,0
LF:30
LH:0
BRDA:95,0,0,0
BRDA:95,0,1,0
BRDA:129,1,0,0
BRDA:129,1,1,0
BRDA:144,2,0,0
BRDA:144,2,1,0
BRF:6
BRH:0
end_of_record
TN:
SF:hooks\useDataFreshness.ts
FN:16,useDataFreshness
FN:23,(anonymous_1)
FN:29,(anonymous_2)
FN:35,(anonymous_3)
FN:48,(anonymous_4)
FN:103,(anonymous_5)
FN:107,(anonymous_6)
FN:116,getDataFreshnessLevel
FN:165,getRelativeTime
FNF:9
FNH:0
FNDA:0,useDataFreshness
FNDA:0,(anonymous_1)
FNDA:0,(anonymous_2)
FNDA:0,(anonymous_3)
FNDA:0,(anonymous_4)
FNDA:0,(anonymous_5)
FNDA:0,(anonymous_6)
FNDA:0,getDataFreshnessLevel
FNDA:0,getRelativeTime
DA:21,0
DA:23,0
DA:24,0
DA:25,0
DA:26,0
DA:29,0
DA:30,0
DA:31,0
DA:32,0
DA:35,0
DA:36,0
DA:37,0
DA:38,0
DA:39,0
DA:41,0
DA:42,0
DA:43,0
DA:44,0
DA:48,0
DA:49,0
DA:50,0
DA:51,0
DA:52,0
DA:56,0
DA:58,0
DA:59,0
DA:60,0
DA:63,0
DA:64,0
DA:65,0
DA:68,0
DA:69,0
DA:70,0
DA:73,0
DA:74,0
DA:75,0
DA:78,0
DA:81,0
DA:82,0
DA:83,0
DA:87,0
DA:88,0
DA:90,0
DA:100,0
DA:103,0
DA:104,0
DA:107,0
DA:110,0
DA:121,0
DA:122,0
DA:124,0
DA:125,0
DA:126,0
DA:127,0
DA:131,0
DA:133,0
DA:134,0
DA:135,0
DA:138,0
DA:139,0
DA:140,0
DA:143,0
DA:144,0
DA:145,0
DA:148,0
DA:149,0
DA:150,0
DA:153,0
DA:156,0
DA:157,0
DA:158,0
DA:166,0
DA:167,0
DA:168,0
DA:169,0
DA:170,0
DA:171,0
DA:173,0
DA:174,0
DA:175,0
DA:176,0
LF:81
LH:0
BRDA:19,0,0,0
BRDA:24,1,0,0
BRDA:24,1,1,0
BRDA:41,2,0,0
BRDA:41,2,1,0
BRDA:42,3,0,0
BRDA:42,3,1,0
BRDA:43,4,0,0
BRDA:43,4,1,0
BRDA:49,5,0,0
BRDA:49,5,1,0
BRDA:50,6,0,0
BRDA:50,6,1,0
BRDA:51,7,0,0
BRDA:51,7,1,0
BRDA:56,8,0,0
BRDA:56,8,1,0
BRDA:56,8,2,0
BRDA:56,8,3,0
BRDA:56,8,4,0
BRDA:56,8,5,0
BRDA:58,9,0,0
BRDA:58,9,1,0
BRDA:59,10,0,0
BRDA:59,10,1,0
BRDA:63,11,0,0
BRDA:63,11,1,0
BRDA:64,12,0,0
BRDA:64,12,1,0
BRDA:68,13,0,0
BRDA:68,13,1,0
BRDA:69,14,0,0
BRDA:69,14,1,0
BRDA:73,15,0,0
BRDA:73,15,1,0
BRDA:74,16,0,0
BRDA:74,16,1,0
BRDA:81,17,0,0
BRDA:81,17,1,0
BRDA:82,18,0,0
BRDA:82,18,1,0
BRDA:88,19,0,0
BRDA:88,19,1,0
BRDA:118,20,0,0
BRDA:124,21,0,0
BRDA:124,21,1,0
BRDA:125,22,0,0
BRDA:125,22,1,0
BRDA:126,23,0,0
BRDA:126,23,1,0
BRDA:131,24,0,0
BRDA:131,24,1,0
BRDA:131,24,2,0
BRDA:131,24,3,0
BRDA:131,24,4,0
BRDA:131,24,5,0
BRDA:133,25,0,0
BRDA:133,25,1,0
BRDA:134,26,0,0
BRDA:134,26,1,0
BRDA:138,27,0,0
BRDA:138,27,1,0
BRDA:139,28,0,0
BRDA:139,28,1,0
BRDA:143,29,0,0
BRDA:143,29,1,0
BRDA:144,30,0,0
BRDA:144,30,1,0
BRDA:148,31,0,0
BRDA:148,31,1,0
BRDA:149,32,0,0
BRDA:149,32,1,0
BRDA:156,33,0,0
BRDA:156,33,1,0
BRDA:157,34,0,0
BRDA:157,34,1,0
BRDA:173,35,0,0
BRDA:173,35,1,0
BRDA:173,36,0,0
BRDA:173,36,1,0
BRDA:174,37,0,0
BRDA:174,37,1,0
BRDA:174,38,0,0
BRDA:174,38,1,0
BRDA:175,39,0,0
BRDA:175,39,1,0
BRDA:175,40,0,0
BRDA:175,40,1,0
BRDA:176,41,0,0
BRDA:176,41,1,0
BRF:90
BRH:0
end_of_record
TN:
SF:hooks\useNetworkState.ts
FN:63,useNetworkState
FN:75,(anonymous_1)
FN:79,(anonymous_2)
FN:108,(anonymous_3)
FN:129,(anonymous_4)
FN:137,(anonymous_5)
FN:169,(anonymous_6)
FN:190,(anonymous_7)
FN:231,useNetworkConnectivity
FN:251,useConnectionQuality
FN:283,useAdaptiveConnection
FNF:11
FNH:0
FNDA:0,useNetworkState
FNDA:0,(anonymous_1)
FNDA:0,(anonymous_2)
FNDA:0,(anonymous_3)
FNDA:0,(anonymous_4)
FNDA:0,(anonymous_5)
FNDA:0,(anonymous_6)
FNDA:0,(anonymous_7)
FNDA:0,useNetworkConnectivity
FNDA:0,useConnectionQuality
FNDA:0,useAdaptiveConnection
DA:64,0
DA:65,0
DA:66,0
DA:72,0
DA:73,0
DA:75,0
DA:76,0
DA:79,0
DA:80,0
DA:82,0
DA:85,0
DA:86,0
DA:87,0
DA:89,0
DA:90,0
DA:91,0
DA:92,0
DA:93,0
DA:95,0
DA:102,0
DA:103,0
DA:108,0
DA:109,0
DA:110,0
DA:111,0
DA:114,0
DA:115,0
DA:117,0
DA:126,0
DA:129,0
DA:130,0
DA:131,0
DA:132,0
DA:137,0
DA:138,0
DA:139,0
DA:144,0
DA:145,0
DA:146,0
DA:147,0
DA:148,0
DA:149,0
DA:150,0
DA:152,0
DA:161,0
DA:162,0
DA:169,0
DA:170,0
DA:171,0
DA:174,0
DA:175,0
DA:176,0
DA:178,0
DA:179,0
DA:180,0
DA:181,0
DA:183,0
DA:185,0
DA:186,0
DA:190,0
DA:191,0
DA:194,0
DA:237,0
DA:239,0
DA:263,0
DA:265,0
DA:299,0
DA:301,0
LF:68
LH:0
BRDA:130,0,0,0
BRDA:130,0,1,0
BRDA:144,1,0,0
BRDA:144,1,1,0
BRDA:147,2,0,0
BRDA:147,2,1,0
BRDA:148,3,0,0
BRDA:148,3,1,0
BRDA:149,4,0,0
BRDA:149,4,1,0
BRDA:150,5,0,0
BRDA:150,5,1,0
BRDA:157,6,0,0
BRDA:157,6,1,0
BRDA:267,7,0,0
BRDA:267,7,1,0
BRDA:268,8,0,0
BRDA:268,8,1,0
BRDA:269,9,0,0
BRDA:269,9,1,0
BRDA:271,10,0,0
BRDA:271,10,1,0
BRDA:272,11,0,0
BRDA:272,11,1,0
BRDA:273,12,0,0
BRDA:273,12,1,0
BRF:26
BRH:0
end_of_record
TN:
SF:hooks\useNetworkStatus.ts
FN:8,useNetworkStatus
FN:12,(anonymous_1)
FN:20,(anonymous_2)
FNF:3
FNH:0
FNDA:0,useNetworkStatus
FNDA:0,(anonymous_1)
FNDA:0,(anonymous_2)
DA:9,0
DA:10,0
DA:12,0
DA:13,0
DA:16,0
DA:17,0
DA:20,0
DA:21,0
DA:24,0
DA:27,0
LF:10
LH:0
BRF:0
BRH:0
end_of_record
TN:
SF:hooks\useOfflineStatus.ts
FN:20,useOfflineStatus
FN:27,(anonymous_1)
FN:68,useIsOfflineData
FNF:3
FNH:0
FNDA:0,useOfflineStatus
FNDA:0,(anonymous_1)
FNDA:0,useIsOfflineData
DA:21,0
DA:22,0
DA:27,0
DA:28,0
DA:29,0
DA:36,0
DA:37,0
DA:38,0
DA:41,0
DA:43,0
DA:53,0
DA:57,0
DA:69,0
DA:71,0
DA:73,0
DA:74,0
DA:76,0
LF:17
LH:0
BRDA:28,0,0,0
BRDA:28,0,1,0
BRDA:37,1,0,0
BRDA:37,1,1,0
BRDA:37,1,2,0
BRDA:37,1,3,0
BRDA:38,2,0,0
BRDA:38,2,1,0
BRDA:53,3,0,0
BRDA:53,3,1,0
BRDA:53,3,2,0
BRDA:53,3,3,0
BRDA:71,4,0,0
BRDA:71,4,1,0
BRDA:73,5,0,0
BRDA:73,5,1,0
BRDA:74,6,0,0
BRDA:74,6,1,0
BRDA:76,7,0,0
BRDA:76,7,1,0
BRF:20
BRH:0
end_of_record
TN:
SF:hooks\usePartialData.ts
FN:19,usePartialData
FN:34,(anonymous_1)
FN:35,(anonymous_2)
FN:37,(anonymous_3)
FN:43,(anonymous_4)
FN:76,useMissingMatches
FN:89,(anonymous_6)
FN:109,useGracefulFallback
FN:132,useDataCompleteness
FN:144,(anonymous_9)
FN:158,(anonymous_10)
FNF:11
FNH:0
FNDA:0,usePartialData
FNDA:0,(anonymous_1)
FNDA:0,(anonymous_2)
FNDA:0,(anonymous_3)
FNDA:0,(anonymous_4)
FNDA:0,useMissingMatches
FNDA:0,(anonymous_6)
FNDA:0,useGracefulFallback
FNDA:0,useDataCompleteness
FNDA:0,(anonymous_9)
FNDA:0,(anonymous_10)
DA:24,0
DA:25,0
DA:34,0
DA:35,0
DA:36,0
DA:37,0
DA:39,0
DA:42,0
DA:43,0
DA:44,0
DA:47,0
DA:48,0
DA:51,0
DA:54,0
DA:56,0
DA:67,0
DA:70,0
DA:81,0
DA:82,0
DA:89,0
DA:90,0
DA:91,0
DA:92,0
DA:93,0
DA:95,0
DA:103,0
DA:119,0
DA:121,0
DA:142,0
DA:144,0
DA:145,0
DA:146,0
DA:148,0
DA:149,0
DA:150,0
DA:151,0
DA:152,0
DA:155,0
DA:156,0
DA:158,0
DA:159,0
DA:161,0
DA:163,0
DA:165,0
DA:167,0
DA:171,0
LF:46
LH:0
BRDA:42,0,0,0
BRDA:42,0,1,0
BRDA:51,1,0,0
BRDA:51,1,1,0
BRDA:52,2,0,0
BRDA:52,2,1,0
BRDA:54,3,0,0
BRDA:54,3,1,0
BRDA:54,3,2,0
BRDA:85,4,0,0
BRDA:85,4,1,0
BRDA:91,5,0,0
BRDA:91,5,1,0
BRDA:92,6,0,0
BRDA:92,6,1,0
BRDA:93,7,0,0
BRDA:93,7,1,0
BRDA:122,8,0,0
BRDA:122,8,1,0
BRDA:123,9,0,0
BRDA:123,9,1,0
BRDA:125,10,0,0
BRDA:125,10,1,0
BRDA:145,11,0,0
BRDA:145,11,1,0
BRDA:146,12,0,0
BRDA:146,12,1,0
BRDA:149,13,0,0
BRDA:149,13,1,0
BRDA:150,14,0,0
BRDA:150,14,1,0
BRDA:151,15,0,0
BRDA:151,15,1,0
BRDA:159,16,0,0
BRDA:159,16,1,0
BRDA:159,16,2,0
BRDA:159,16,3,0
BRDA:175,17,0,0
BRDA:175,17,1,0
BRF:39
BRH:0
end_of_record
TN:
SF:hooks\useRealtimeData.ts
FN:12,(anonymous_0)
FN:28,(anonymous_1)
FN:59,(anonymous_2)
FN:64,(anonymous_3)
FN:71,(anonymous_4)
FN:78,(anonymous_5)
FN:85,(anonymous_6)
FN:91,(anonymous_7)
FN:100,(anonymous_8)
FN:108,(anonymous_9)
FN:109,(anonymous_10)
FN:117,(anonymous_11)
FN:139,(anonymous_12)
FN:155,(anonymous_13)
FN:175,(anonymous_14)
FN:181,(anonymous_15)
FN:201,(anonymous_16)
FN:232,(anonymous_17)
FNF:18
FNH:0
FNDA:0,(anonymous_0)
FNDA:0,(anonymous_1)
FNDA:0,(anonymous_2)
FNDA:0,(anonymous_3)
FNDA:0,(anonymous_4)
FNDA:0,(anonymous_5)
FNDA:0,(anonymous_6)
FNDA:0,(anonymous_7)
FNDA:0,(anonymous_8)
FNDA:0,(anonymous_9)
FNDA:0,(anonymous_10)
FNDA:0,(anonymous_11)
FNDA:0,(anonymous_12)
FNDA:0,(anonymous_13)
FNDA:0,(anonymous_14)
FNDA:0,(anonymous_15)
FNDA:0,(anonymous_16)
FNDA:0,(anonymous_17)
DA:12,0
DA:13,0
DA:14,0
DA:15,0
DA:16,0
DA:17,0
DA:25,0
DA:28,0
DA:29,0
DA:30,0
DA:31,0
DA:33,0
DA:37,0
DA:39,0
DA:40,0
DA:43,0
DA:46,0
DA:47,0
DA:48,0
DA:50,0
DA:51,0
DA:52,0
DA:54,0
DA:59,0
DA:60,0
DA:61,0
DA:64,0
DA:65,0
DA:66,0
DA:71,0
DA:72,0
DA:73,0
DA:78,0
DA:79,0
DA:80,0
DA:85,0
DA:86,0
DA:88,0
DA:91,0
DA:92,0
DA:93,0
DA:100,0
DA:101,0
DA:102,0
DA:108,0
DA:109,0
DA:110,0
DA:111,0
DA:117,0
DA:118,0
DA:119,0
DA:122,0
DA:139,0
DA:140,0
DA:141,0
DA:142,0
DA:144,0
DA:152,0
DA:155,0
DA:156,0
DA:157,0
DA:158,0
DA:162,0
DA:164,0
DA:166,0
DA:167,0
DA:168,0
DA:170,0
DA:175,0
DA:176,0
DA:177,0
DA:181,0
DA:182,0
DA:183,0
DA:187,0
DA:201,0
DA:205,0
DA:207,0
DA:208,0
DA:210,0
DA:233,0
DA:234,0
LF:82
LH:0
BRDA:12,0,0,0
BRDA:28,1,0,0
BRDA:37,2,0,0
BRDA:37,2,1,0
BRDA:50,3,0,0
BRDA:50,3,1,0
BRDA:59,4,0,0
BRDA:60,5,0,0
BRDA:60,5,1,0
BRDA:72,6,0,0
BRDA:72,6,1,0
BRDA:79,7,0,0
BRDA:79,7,1,0
BRDA:79,8,0,0
BRDA:79,8,1,0
BRDA:86,9,0,0
BRDA:86,9,1,0
BRDA:86,10,0,0
BRDA:86,10,1,0
BRDA:101,11,0,0
BRDA:101,11,1,0
BRDA:110,12,0,0
BRDA:110,12,1,0
BRDA:119,13,0,0
BRDA:119,13,1,0
BRDA:119,13,2,0
BRDA:126,14,0,0
BRDA:126,14,1,0
BRDA:139,15,0,0
BRDA:144,16,0,0
BRDA:144,16,1,0
BRDA:166,17,0,0
BRDA:166,17,1,0
BRDA:176,18,0,0
BRDA:176,18,1,0
BRDA:176,19,0,0
BRDA:176,19,1,0
BRDA:176,19,2,0
BRDA:182,20,0,0
BRDA:182,20,1,0
BRDA:190,21,0,0
BRDA:190,21,1,0
BRDA:203,22,0,0
BRDA:205,23,0,0
BRDA:205,23,1,0
BRF:45
BRH:0
end_of_record
TN:
SF:hooks\useRealtimeSubscription.ts
FN:8,(anonymous_0)
FN:17,(anonymous_1)
FN:19,(anonymous_2)
FN:30,(anonymous_3)
FN:38,(anonymous_4)
FN:41,(anonymous_5)
FN:66,(anonymous_6)
FN:83,(anonymous_7)
FN:112,(anonymous_8)
FN:123,(anonymous_9)
FN:125,(anonymous_10)
FN:130,(anonymous_11)
FN:144,(anonymous_12)
FN:147,(anonymous_13)
FN:177,(anonymous_14)
FN:178,(anonymous_15)
FN:195,(anonymous_16)
FN:198,(anonymous_17)
FN:205,(anonymous_18)
FN:206,(anonymous_19)
FN:218,(anonymous_20)
FNF:21
FNH:0
FNDA:0,(anonymous_0)
FNDA:0,(anonymous_1)
FNDA:0,(anonymous_2)
FNDA:0,(anonymous_3)
FNDA:0,(anonymous_4)
FNDA:0,(anonymous_5)
FNDA:0,(anonymous_6)
FNDA:0,(anonymous_7)
FNDA:0,(anonymous_8)
FNDA:0,(anonymous_9)
FNDA:0,(anonymous_10)
FNDA:0,(anonymous_11)
FNDA:0,(anonymous_12)
FNDA:0,(anonymous_13)
FNDA:0,(anonymous_14)
FNDA:0,(anonymous_15)
FNDA:0,(anonymous_16)
FNDA:0,(anonymous_17)
FNDA:0,(anonymous_18)
FNDA:0,(anonymous_19)
FNDA:0,(anonymous_20)
DA:8,0
DA:9,0
DA:12,0
DA:13,0
DA:14,0
DA:17,0
DA:18,0
DA:20,0
DA:21,0
DA:22,0
DA:23,0
DA:24,0
DA:29,0
DA:30,0
DA:31,0
DA:32,0
DA:38,0
DA:39,0
DA:41,0
DA:42,0
DA:43,0
DA:44,0
DA:47,0
DA:48,0
DA:49,0
DA:51,0
DA:52,0
DA:53,0
DA:54,0
DA:58,0
DA:59,0
DA:60,0
DA:61,0
DA:66,0
DA:67,0
DA:68,0
DA:69,0
DA:70,0
DA:71,0
DA:76,0
DA:77,0
DA:79,0
DA:83,0
DA:84,0
DA:85,0
DA:86,0
DA:92,0
DA:96,0
DA:112,0
DA:116,0
DA:119,0
DA:120,0
DA:123,0
DA:124,0
DA:126,0
DA:127,0
DA:129,0
DA:130,0
DA:131,0
DA:133,0
DA:134,0
DA:135,0
DA:140,0
DA:144,0
DA:145,0
DA:147,0
DA:148,0
DA:149,0
DA:150,0
DA:153,0
DA:154,0
DA:156,0
DA:157,0
DA:158,0
DA:159,0
DA:161,0
DA:162,0
DA:165,0
DA:166,0
DA:167,0
DA:171,0
DA:172,0
DA:173,0
DA:177,0
DA:178,0
DA:179,0
DA:181,0
DA:183,0
DA:184,0
DA:185,0
DA:189,0
DA:190,0
DA:192,0
DA:195,0
DA:196,0
DA:198,0
DA:199,0
DA:204,0
DA:205,0
DA:206,0
DA:208,0
DA:218,0
LF:102
LH:0
BRDA:8,0,0,0
BRDA:21,1,0,0
BRDA:21,1,1,0
BRDA:23,2,0,0
BRDA:23,2,1,0
BRDA:31,3,0,0
BRDA:31,3,1,0
BRDA:42,4,0,0
BRDA:42,4,1,0
BRDA:42,5,0,0
BRDA:42,5,1,0
BRDA:51,6,0,0
BRDA:51,6,1,0
BRDA:53,7,0,0
BRDA:53,7,1,0
BRDA:59,8,0,0
BRDA:59,8,1,0
BRDA:61,9,0,0
BRDA:61,9,1,0
BRDA:67,10,0,0
BRDA:67,10,1,0
BRDA:70,11,0,0
BRDA:70,11,1,0
BRDA:76,12,0,0
BRDA:76,12,1,0
BRDA:76,13,0,0
BRDA:76,13,1,0
BRDA:85,14,0,0
BRDA:85,14,1,0
BRDA:92,15,0,0
BRDA:92,15,1,0
BRDA:103,16,0,0
BRDA:103,16,1,0
BRDA:114,17,0,0
BRDA:127,18,0,0
BRDA:127,18,1,0
BRDA:134,19,0,0
BRDA:134,19,1,0
BRDA:148,20,0,0
BRDA:148,20,1,0
BRDA:148,21,0,0
BRDA:148,21,1,0
BRDA:161,22,0,0
BRDA:161,22,1,0
BRDA:167,23,0,0
BRDA:167,23,1,0
BRDA:171,24,0,0
BRDA:171,24,1,0
BRDA:183,25,0,0
BRDA:183,25,1,0
BRDA:189,26,0,0
BRDA:189,26,1,0
BRDA:189,27,0,0
BRDA:189,27,1,0
BRDA:217,28,0,0
BRDA:217,28,1,0
BRDA:217,28,2,0
BRF:57
BRH:0
end_of_record
TN:
SF:hooks\useStorageManager.ts
FN:27,useStorageManager
FN:32,(anonymous_1)
FN:47,(anonymous_2)
FN:58,(anonymous_3)
FN:70,(anonymous_4)
FN:81,(anonymous_5)
FN:87,(anonymous_6)
FN:104,(anonymous_7)
FN:124,useStorageMonitoring
FN:137,(anonymous_9)
FN:150,(anonymous_10)
FN:155,(anonymous_11)
FN:182,useStorageFormatting
FN:183,(anonymous_13)
FN:195,(anonymous_14)
FN:200,(anonymous_15)
FNF:16
FNH:0
FNDA:0,useStorageManager
FNDA:0,(anonymous_1)
FNDA:0,(anonymous_2)
FNDA:0,(anonymous_3)
FNDA:0,(anonymous_4)
FNDA:0,(anonymous_5)
FNDA:0,(anonymous_6)
FNDA:0,(anonymous_7)
FNDA:0,useStorageMonitoring
FNDA:0,(anonymous_9)
FNDA:0,(anonymous_10)
FNDA:0,(anonymous_11)
FNDA:0,useStorageFormatting
FNDA:0,(anonymous_13)
FNDA:0,(anonymous_14)
FNDA:0,(anonymous_15)
DA:28,0
DA:29,0
DA:30,0
DA:32,0
DA:33,0
DA:34,0
DA:35,0
DA:36,0
DA:37,0
DA:39,0
DA:40,0
DA:41,0
DA:43,0
DA:47,0
DA:48,0
DA:49,0
DA:50,0
DA:51,0
DA:53,0
DA:54,0
DA:58,0
DA:59,0
DA:60,0
DA:61,0
DA:62,0
DA:63,0
DA:65,0
DA:66,0
DA:70,0
DA:71,0
DA:72,0
DA:73,0
DA:74,0
DA:76,0
DA:77,0
DA:81,0
DA:82,0
DA:83,0
DA:84,0
DA:87,0
DA:88,0
DA:90,0
DA:92,0
DA:93,0
DA:94,0
DA:95,0
DA:96,0
DA:97,0
DA:100,0
DA:104,0
DA:105,0
DA:108,0
DA:133,0
DA:134,0
DA:135,0
DA:137,0
DA:138,0
DA:140,0
DA:142,0
DA:143,0
DA:144,0
DA:145,0
DA:146,0
DA:150,0
DA:151,0
DA:152,0
DA:155,0
DA:156,0
DA:158,0
DA:160,0
DA:161,0
DA:162,0
DA:163,0
DA:164,0
DA:165,0
DA:168,0
DA:171,0
DA:183,0
DA:184,0
DA:186,0
DA:187,0
DA:188,0
DA:190,0
DA:192,0
DA:195,0
DA:196,0
DA:197,0
DA:200,0
DA:201,0
DA:202,0
DA:203,0
DA:204,0
DA:207,0
LF:93
LH:0
BRDA:39,0,0,0
BRDA:39,0,1,0
BRDA:82,1,0,0
BRDA:82,1,1,0
BRDA:88,2,0,0
BRDA:88,2,1,0
BRDA:92,3,0,0
BRDA:92,3,1,0
BRDA:94,4,0,0
BRDA:94,4,1,0
BRDA:96,5,0,0
BRDA:96,5,1,0
BRDA:125,6,0,0
BRDA:126,7,0,0
BRDA:138,8,0,0
BRDA:138,8,1,0
BRDA:142,9,0,0
BRDA:142,9,1,0
BRDA:142,10,0,0
BRDA:142,10,1,0
BRDA:144,11,0,0
BRDA:144,11,1,0
BRDA:156,12,0,0
BRDA:156,12,1,0
BRDA:156,13,0,0
BRDA:156,13,1,0
BRDA:160,14,0,0
BRDA:160,14,1,0
BRDA:162,15,0,0
BRDA:162,15,1,0
BRDA:164,16,0,0
BRDA:164,16,1,0
BRDA:183,17,0,0
BRDA:184,18,0,0
BRDA:184,18,1,0
BRDA:187,19,0,0
BRDA:187,19,1,0
BRDA:201,20,0,0
BRDA:201,20,1,0
BRDA:202,21,0,0
BRDA:202,21,1,0
BRDA:203,22,0,0
BRDA:203,22,1,0
BRF:43
BRH:0
end_of_record
TN:
SF:hooks\useSyncManager.ts
FN:27,useSyncManager
FN:40,(anonymous_1)
FN:41,(anonymous_2)
FN:52,(anonymous_3)
FN:56,(anonymous_4)
FN:57,(anonymous_5)
FN:66,(anonymous_6)
FN:69,(anonymous_7)
FN:75,(anonymous_8)
FN:79,(anonymous_9)
FN:83,(anonymous_10)
FN:93,(anonymous_11)
FN:114,useAutoSync
FN:127,(anonymous_13)
FN:133,(anonymous_14)
FN:142,(anonymous_15)
FNF:16
FNH:0
FNDA:0,useSyncManager
FNDA:0,(anonymous_1)
FNDA:0,(anonymous_2)
FNDA:0,(anonymous_3)
FNDA:0,(anonymous_4)
FNDA:0,(anonymous_5)
FNDA:0,(anonymous_6)
FNDA:0,(anonymous_7)
FNDA:0,(anonymous_8)
FNDA:0,(anonymous_9)
FNDA:0,(anonymous_10)
FNDA:0,(anonymous_11)
FNDA:0,useAutoSync
FNDA:0,(anonymous_13)
FNDA:0,(anonymous_14)
FNDA:0,(anonymous_15)
DA:28,0
DA:34,0
DA:36,0
DA:37,0
DA:40,0
DA:41,0
DA:42,0
DA:43,0
DA:47,0
DA:50,0
DA:52,0
DA:56,0
DA:57,0
DA:58,0
DA:59,0
DA:62,0
DA:66,0
DA:67,0
DA:69,0
DA:75,0
DA:76,0
DA:79,0
DA:80,0
DA:83,0
DA:84,0
DA:85,0
DA:86,0
DA:88,0
DA:89,0
DA:93,0
DA:94,0
DA:97,0
DA:122,0
DA:123,0
DA:124,0
DA:127,0
DA:128,0
DA:130,0
DA:133,0
DA:134,0
DA:137,0
DA:138,0
DA:142,0
DA:143,0
DA:144,0
DA:147,0
DA:148,0
DA:151,0
DA:153,0
DA:154,0
DA:158,0
LF:51
LH:0
BRDA:106,0,0,0
BRDA:106,0,1,0
BRDA:116,1,0,0
BRDA:128,2,0,0
BRDA:128,2,1,0
BRDA:128,3,0,0
BRDA:128,3,1,0
BRF:7
BRH:0
end_of_record
TN:
SF:hooks\useTouchFeedback.ts
FN:69,(anonymous_0)
FN:70,(anonymous_1)
FN:71,(anonymous_2)
FN:77,(anonymous_3)
FN:80,(anonymous_4)
FN:99,(anonymous_5)
FN:114,(anonymous_6)
FN:153,(anonymous_7)
FN:197,(anonymous_8)
FN:212,(anonymous_9)
FN:237,(anonymous_10)
FN:262,(anonymous_11)
FN:270,(anonymous_12)
FN:279,(anonymous_13)
FN:289,(anonymous_14)
FN:296,(anonymous_15)
FN:315,(anonymous_16)
FN:322,(anonymous_17)
FN:334,(anonymous_18)
FNF:19
FNH:0
FNDA:0,(anonymous_0)
FNDA:0,(anonymous_1)
FNDA:0,(anonymous_2)
FNDA:0,(anonymous_3)
FNDA:0,(anonymous_4)
FNDA:0,(anonymous_5)
FNDA:0,(anonymous_6)
FNDA:0,(anonymous_7)
FNDA:0,(anonymous_8)
FNDA:0,(anonymous_9)
FNDA:0,(anonymous_10)
FNDA:0,(anonymous_11)
FNDA:0,(anonymous_12)
FNDA:0,(anonymous_13)
FNDA:0,(anonymous_14)
FNDA:0,(anonymous_15)
FNDA:0,(anonymous_16)
FNDA:0,(anonymous_17)
FNDA:0,(anonymous_18)
DA:57,0
DA:77,0
DA:80,0
DA:86,0
DA:87,0
DA:90,0
DA:99,0
DA:100,0
DA:102,0
DA:114,0
DA:115,0
DA:117,0
DA:119,0
DA:120,0
DA:122,0
DA:124,0
DA:125,0
DA:127,0
DA:129,0
DA:131,0
DA:132,0
DA:134,0
DA:139,0
DA:140,0
DA:141,0
DA:145,0
DA:148,0
DA:153,0
DA:154,0
DA:156,0
DA:157,0
DA:159,0
DA:160,0
DA:162,0
DA:174,0
DA:177,0
DA:189,0
DA:193,0
DA:198,0
DA:204,0
DA:208,0
DA:213,0
DA:219,0
DA:223,0
DA:224,0
DA:225,0
DA:229,0
DA:232,0
DA:237,0
DA:238,0
DA:240,0
DA:242,0
DA:245,0
DA:248,0
DA:249,0
DA:250,0
DA:254,0
DA:257,0
DA:262,0
DA:264,0
DA:267,0
DA:270,0
DA:272,0
DA:274,0
DA:275,0
DA:279,0
DA:281,0
DA:284,0
DA:285,0
DA:289,0
DA:291,0
DA:292,0
DA:296,0
DA:315,0
DA:318,0
DA:322,0
DA:323,0
DA:325,0
DA:326,0
DA:334,0
DA:340,0
LF:81
LH:0
BRDA:78,0,0,0
BRDA:114,1,0,0
BRDA:115,2,0,0
BRDA:115,2,1,0
BRDA:122,3,0,0
BRDA:122,3,1,0
BRDA:124,4,0,0
BRDA:124,4,1,0
BRDA:129,5,0,0
BRDA:129,5,1,0
BRDA:131,6,0,0
BRDA:131,6,1,0
BRDA:139,7,0,0
BRDA:139,7,1,0
BRDA:153,8,0,0
BRDA:154,9,0,0
BRDA:154,9,1,0
BRDA:157,10,0,0
BRDA:157,10,1,0
BRDA:160,11,0,0
BRDA:160,11,1,0
BRDA:160,11,2,0
BRDA:160,11,3,0
BRDA:223,12,0,0
BRDA:223,12,1,0
BRDA:237,13,0,0
BRDA:238,14,0,0
BRDA:238,14,1,0
BRDA:248,15,0,0
BRDA:248,15,1,0
BRDA:272,16,0,0
BRDA:272,16,1,0
BRDA:284,17,0,0
BRDA:284,17,1,0
BRDA:323,18,0,0
BRDA:323,18,1,0
BRDA:361,19,0,0
BRDA:361,19,1,0
BRF:38
BRH:0
end_of_record
TN:
SF:hooks\useTouchTarget.ts
FN:61,(anonymous_0)
FN:96,(anonymous_1)
FN:113,(anonymous_2)
FN:135,(anonymous_3)
FN:144,(anonymous_4)
FN:158,(anonymous_5)
FN:174,(anonymous_6)
FN:188,(anonymous_7)
FNF:8
FNH:0
FNDA:0,(anonymous_0)
FNDA:0,(anonymous_1)
FNDA:0,(anonymous_2)
FNDA:0,(anonymous_3)
FNDA:0,(anonymous_4)
FNDA:0,(anonymous_5)
FNDA:0,(anonymous_6)
FNDA:0,(anonymous_7)
DA:61,0
DA:76,0
DA:79,0
DA:89,0
DA:96,0
DA:97,0
DA:98,0
DA:100,0
DA:101,0
DA:109,0
DA:113,0
DA:114,0
DA:115,0
DA:122,0
DA:123,0
DA:126,0
DA:131,0
DA:135,0
DA:136,0
DA:137,0
DA:140,0
DA:144,0
DA:145,0
DA:147,0
DA:158,0
DA:160,0
DA:163,0
DA:165,0
DA:170,0
DA:174,0
DA:175,0
DA:176,0
DA:179,0
DA:188,0
DA:214,0
LF:35
LH:0
BRDA:63,0,0,0
BRDA:66,1,0,0
BRDA:67,2,0,0
BRDA:69,3,0,0
BRDA:70,4,0,0
BRDA:73,5,0,0
BRDA:75,6,0,0
BRDA:100,7,0,0
BRDA:100,7,1,0
BRDA:102,8,0,0
BRDA:102,8,1,0
BRDA:103,9,0,0
BRDA:103,9,1,0
BRDA:104,10,0,0
BRDA:104,10,1,0
BRDA:105,11,0,0
BRDA:105,11,1,0
BRDA:114,12,0,0
BRDA:114,12,1,0
BRDA:136,13,0,0
BRDA:136,13,1,0
BRDA:136,14,0,0
BRDA:136,14,1,0
BRDA:150,15,0,0
BRDA:150,15,1,0
BRDA:175,16,0,0
BRDA:175,16,1,0
BRDA:183,17,0,0
BRDA:183,17,1,0
BRDA:222,18,0,0
BRDA:222,18,1,0
BRDA:227,19,0,0
BRDA:227,19,1,0
BRF:33
BRH:0
end_of_record
TN:
SF:hooks\useTournamentDetailStatus.ts
FN:54,(anonymous_0)
FN:83,(anonymous_1)
FN:86,(anonymous_2)
FN:93,(anonymous_3)
FN:98,(anonymous_4)
FN:110,(anonymous_5)
FN:113,(anonymous_6)
FN:124,(anonymous_7)
FN:139,(anonymous_8)
FN:157,(anonymous_9)
FN:158,(anonymous_10)
FN:160,(anonymous_11)
FN:175,(anonymous_12)
FN:178,(anonymous_13)
FN:179,(anonymous_14)
FN:181,(anonymous_15)
FN:206,(anonymous_16)
FN:251,(anonymous_17)
FN:266,(anonymous_18)
FN:275,(anonymous_19)
FN:294,(anonymous_20)
FN:296,(anonymous_21)
FN:301,(anonymous_22)
FN:308,(anonymous_23)
FN:317,(anonymous_24)
FN:322,(anonymous_25)
FN:330,(anonymous_26)
FN:337,(anonymous_27)
FN:338,(anonymous_28)
FNF:29
FNH:0
FNDA:0,(anonymous_0)
FNDA:0,(anonymous_1)
FNDA:0,(anonymous_2)
FNDA:0,(anonymous_3)
FNDA:0,(anonymous_4)
FNDA:0,(anonymous_5)
FNDA:0,(anonymous_6)
FNDA:0,(anonymous_7)
FNDA:0,(anonymous_8)
FNDA:0,(anonymous_9)
FNDA:0,(anonymous_10)
FNDA:0,(anonymous_11)
FNDA:0,(anonymous_12)
FNDA:0,(anonymous_13)
FNDA:0,(anonymous_14)
FNDA:0,(anonymous_15)
FNDA:0,(anonymous_16)
FNDA:0,(anonymous_17)
FNDA:0,(anonymous_18)
FNDA:0,(anonymous_19)
FNDA:0,(anonymous_20)
FNDA:0,(anonymous_21)
FNDA:0,(anonymous_22)
FNDA:0,(anonymous_23)
FNDA:0,(anonymous_24)
FNDA:0,(anonymous_25)
FNDA:0,(anonymous_26)
FNDA:0,(anonymous_27)
FNDA:0,(anonymous_28)
DA:54,0
DA:63,0
DA:65,0
DA:66,0
DA:67,0
DA:68,0
DA:69,0
DA:70,0
DA:71,0
DA:72,0
DA:73,0
DA:74,0
DA:76,0
DA:77,0
DA:78,0
DA:83,0
DA:84,0
DA:86,0
DA:88,0
DA:89,0
DA:93,0
DA:95,0
DA:98,0
DA:99,0
DA:100,0
DA:110,0
DA:112,0
DA:113,0
DA:114,0
DA:117,0
DA:118,0
DA:123,0
DA:124,0
DA:125,0
DA:126,0
DA:127,0
DA:132,0
DA:133,0
DA:139,0
DA:140,0
DA:141,0
DA:142,0
DA:145,0
DA:147,0
DA:148,0
DA:153,0
DA:154,0
DA:157,0
DA:158,0
DA:159,0
DA:160,0
DA:161,0
DA:167,0
DA:168,0
DA:174,0
DA:175,0
DA:178,0
DA:179,0
DA:180,0
DA:181,0
DA:182,0
DA:188,0
DA:189,0
DA:193,0
DA:196,0
DA:199,0
DA:206,0
DA:207,0
DA:208,0
DA:209,0
DA:212,0
DA:213,0
DA:215,0
DA:226,0
DA:228,0
DA:233,0
DA:234,0
DA:235,0
DA:237,0
DA:238,0
DA:242,0
DA:243,0
DA:244,0
DA:251,0
DA:252,0
DA:254,0
DA:255,0
DA:256,0
DA:259,0
DA:266,0
DA:267,0
DA:268,0
DA:269,0
DA:275,0
DA:276,0
DA:277,0
DA:280,0
DA:283,0
DA:286,0
DA:287,0
DA:294,0
DA:295,0
DA:296,0
DA:297,0
DA:298,0
DA:301,0
DA:308,0
DA:309,0
DA:310,0
DA:317,0
DA:318,0
DA:319,0
DA:322,0
DA:323,0
DA:330,0
DA:331,0
DA:337,0
DA:338,0
DA:339,0
DA:343,0
LF:120
LH:0
BRDA:59,0,0,0
BRDA:60,1,0,0
BRDA:61,2,0,0
BRDA:62,3,0,0
BRDA:95,4,0,0
BRDA:95,4,1,0
BRDA:104,5,0,0
BRDA:104,5,1,0
BRDA:105,6,0,0
BRDA:105,6,1,0
BRDA:112,7,0,0
BRDA:112,7,1,0
BRDA:112,8,0,0
BRDA:112,8,1,0
BRDA:123,9,0,0
BRDA:123,9,1,0
BRDA:140,10,0,0
BRDA:140,10,1,0
BRDA:140,11,0,0
BRDA:140,11,1,0
BRDA:147,12,0,0
BRDA:147,12,1,0
BRDA:153,13,0,0
BRDA:153,13,1,0
BRDA:167,14,0,0
BRDA:167,14,1,0
BRDA:174,15,0,0
BRDA:174,15,1,0
BRDA:188,16,0,0
BRDA:188,16,1,0
BRDA:207,17,0,0
BRDA:207,17,1,0
BRDA:233,18,0,0
BRDA:233,18,1,0
BRDA:244,19,0,0
BRDA:244,19,1,0
BRDA:287,20,0,0
BRDA:287,20,1,0
BRDA:295,21,0,0
BRDA:295,21,1,0
BRDA:295,22,0,0
BRDA:295,22,1,0
BRDA:309,23,0,0
BRDA:309,23,1,0
BRDA:318,24,0,0
BRDA:318,24,1,0
BRF:46
BRH:0
end_of_record
TN:
SF:hooks\useTournamentStatus.ts
FN:40,(anonymous_0)
FN:70,(anonymous_1)
FN:73,(anonymous_2)
FN:80,(anonymous_3)
FN:81,(anonymous_4)
FN:83,(anonymous_5)
FN:88,(anonymous_6)
FN:89,(anonymous_7)
FN:90,(anonymous_8)
FN:107,(anonymous_9)
FN:113,(anonymous_10)
FN:132,(anonymous_11)
FN:141,(anonymous_12)
FN:175,(anonymous_13)
FN:180,(anonymous_14)
FN:197,(anonymous_15)
FN:204,(anonymous_16)
FN:218,(anonymous_17)
FN:220,(anonymous_18)
FN:221,(anonymous_19)
FN:228,(anonymous_20)
FN:235,(anonymous_21)
FN:240,(anonymous_22)
FN:248,(anonymous_23)
FN:255,(anonymous_24)
FN:256,(anonymous_25)
FN:277,(anonymous_26)
FN:289,(anonymous_27)
FNF:28
FNH:0
FNDA:0,(anonymous_0)
FNDA:0,(anonymous_1)
FNDA:0,(anonymous_2)
FNDA:0,(anonymous_3)
FNDA:0,(anonymous_4)
FNDA:0,(anonymous_5)
FNDA:0,(anonymous_6)
FNDA:0,(anonymous_7)
FNDA:0,(anonymous_8)
FNDA:0,(anonymous_9)
FNDA:0,(anonymous_10)
FNDA:0,(anonymous_11)
FNDA:0,(anonymous_12)
FNDA:0,(anonymous_13)
FNDA:0,(anonymous_14)
FNDA:0,(anonymous_15)
FNDA:0,(anonymous_16)
FNDA:0,(anonymous_17)
FNDA:0,(anonymous_18)
FNDA:0,(anonymous_19)
FNDA:0,(anonymous_20)
FNDA:0,(anonymous_21)
FNDA:0,(anonymous_22)
FNDA:0,(anonymous_23)
FNDA:0,(anonymous_24)
FNDA:0,(anonymous_25)
FNDA:0,(anonymous_26)
FNDA:0,(anonymous_27)
DA:40,0
DA:53,0
DA:55,0
DA:56,0
DA:57,0
DA:58,0
DA:59,0
DA:60,0
DA:61,0
DA:63,0
DA:64,0
DA:65,0
DA:70,0
DA:71,0
DA:73,0
DA:75,0
DA:76,0
DA:80,0
DA:81,0
DA:82,0
DA:83,0
DA:84,0
DA:88,0
DA:89,0
DA:90,0
DA:91,0
DA:92,0
DA:100,0
DA:103,0
DA:107,0
DA:108,0
DA:109,0
DA:111,0
DA:112,0
DA:113,0
DA:114,0
DA:115,0
DA:116,0
DA:120,0
DA:125,0
DA:126,0
DA:132,0
DA:133,0
DA:134,0
DA:135,0
DA:138,0
DA:139,0
DA:141,0
DA:142,0
DA:149,0
DA:151,0
DA:156,0
DA:157,0
DA:158,0
DA:159,0
DA:161,0
DA:162,0
DA:166,0
DA:167,0
DA:168,0
DA:175,0
DA:176,0
DA:178,0
DA:180,0
DA:181,0
DA:183,0
DA:186,0
DA:187,0
DA:190,0
DA:197,0
DA:198,0
DA:204,0
DA:205,0
DA:206,0
DA:209,0
DA:211,0
DA:218,0
DA:219,0
DA:220,0
DA:221,0
DA:223,0
DA:224,0
DA:228,0
DA:235,0
DA:236,0
DA:237,0
DA:240,0
DA:241,0
DA:248,0
DA:249,0
DA:255,0
DA:256,0
DA:257,0
DA:261,0
DA:277,0
DA:288,0
DA:289,0
DA:295,0
LF:98
LH:0
BRDA:41,0,0,0
BRDA:44,1,0,0
BRDA:45,2,0,0
BRDA:50,3,0,0
BRDA:51,4,0,0
BRDA:52,5,0,0
BRDA:91,6,0,0
BRDA:91,6,1,0
BRDA:96,7,0,0
BRDA:96,7,1,0
BRDA:97,8,0,0
BRDA:97,8,1,0
BRDA:108,9,0,0
BRDA:108,9,1,0
BRDA:112,10,0,0
BRDA:112,10,1,0
BRDA:133,11,0,0
BRDA:133,11,1,0
BRDA:133,12,0,0
BRDA:133,12,1,0
BRDA:156,13,0,0
BRDA:156,13,1,0
BRDA:168,14,0,0
BRDA:168,14,1,0
BRDA:219,15,0,0
BRDA:219,15,1,0
BRDA:236,16,0,0
BRDA:236,16,1,0
BRDA:236,17,0,0
BRDA:236,17,1,0
BRF:30
BRH:0
end_of_record
TN:
SF:services\AppStateManager.ts
FN:60,(anonymous_0)
FN:68,(anonymous_1)
FN:78,(anonymous_2)
FN:97,(anonymous_3)
FN:109,(anonymous_4)
FN:125,(anonymous_5)
FN:165,(anonymous_6)
FN:190,(anonymous_7)
FN:207,(anonymous_8)
FN:225,(anonymous_9)
FN:235,(anonymous_10)
FN:243,(anonymous_11)
FN:252,(anonymous_12)
FN:256,(anonymous_13)
FN:266,(anonymous_14)
FN:273,(anonymous_15)
FN:281,(anonymous_16)
FN:306,(anonymous_17)
FN:334,(anonymous_18)
FN:345,(anonymous_19)
FN:356,(anonymous_20)
FN:373,(anonymous_21)
FN:390,(anonymous_22)
FN:410,(anonymous_23)
FN:415,(anonymous_24)
FN:421,(anonymous_25)
FN:433,(anonymous_26)
FN:440,(anonymous_27)
FN:447,(anonymous_28)
FN:455,(anonymous_29)
FN:463,(anonymous_30)
FN:471,(anonymous_31)
FN:473,(anonymous_32)
FN:479,(anonymous_33)
FN:480,(anonymous_34)
FN:492,(anonymous_35)
FN:503,(anonymous_36)
FN:513,(anonymous_37)
FN:518,(anonymous_38)
FN:539,(anonymous_39)
FN:546,(anonymous_40)
FN:553,(anonymous_41)
FN:578,(anonymous_42)
FNF:43
FNH:0
FNDA:0,(anonymous_0)
FNDA:0,(anonymous_1)
FNDA:0,(anonymous_2)
FNDA:0,(anonymous_3)
FNDA:0,(anonymous_4)
FNDA:0,(anonymous_5)
FNDA:0,(anonymous_6)
FNDA:0,(anonymous_7)
FNDA:0,(anonymous_8)
FNDA:0,(anonymous_9)
FNDA:0,(anonymous_10)
FNDA:0,(anonymous_11)
FNDA:0,(anonymous_12)
FNDA:0,(anonymous_13)
FNDA:0,(anonymous_14)
FNDA:0,(anonymous_15)
FNDA:0,(anonymous_16)
FNDA:0,(anonymous_17)
FNDA:0,(anonymous_18)
FNDA:0,(anonymous_19)
FNDA:0,(anonymous_20)
FNDA:0,(anonymous_21)
FNDA:0,(anonymous_22)
FNDA:0,(anonymous_23)
FNDA:0,(anonymous_24)
FNDA:0,(anonymous_25)
FNDA:0,(anonymous_26)
FNDA:0,(anonymous_27)
FNDA:0,(anonymous_28)
FNDA:0,(anonymous_29)
FNDA:0,(anonymous_30)
FNDA:0,(anonymous_31)
FNDA:0,(anonymous_32)
FNDA:0,(anonymous_33)
FNDA:0,(anonymous_34)
FNDA:0,(anonymous_35)
FNDA:0,(anonymous_36)
FNDA:0,(anonymous_37)
FNDA:0,(anonymous_38)
FNDA:0,(anonymous_39)
FNDA:0,(anonymous_40)
FNDA:0,(anonymous_41)
FNDA:0,(anonymous_42)
DA:35,0
DA:36,0
DA:38,0
DA:39,0
DA:40,0
DA:42,0
DA:49,0
DA:50,0
DA:51,0
DA:53,0
DA:54,0
DA:55,0
DA:58,0
DA:61,0
DA:62,0
DA:69,0
DA:70,0
DA:72,0
DA:79,0
DA:81,0
DA:84,0
DA:85,0
DA:88,0
DA:89,0
DA:91,0
DA:98,0
DA:100,0
DA:101,0
DA:103,0
DA:110,0
DA:112,0
DA:114,0
DA:116,0
DA:118,0
DA:126,0
DA:128,0
DA:129,0
DA:130,0
DA:133,0
DA:142,0
DA:145,0
DA:146,0
DA:147,0
DA:150,0
DA:153,0
DA:156,0
DA:159,0
DA:167,0
DA:168,0
DA:172,0
DA:173,0
DA:177,0
DA:178,0
DA:182,0
DA:183,0
DA:191,0
DA:193,0
DA:196,0
DA:197,0
DA:201,0
DA:208,0
DA:211,0
DA:213,0
DA:216,0
DA:219,0
DA:226,0
DA:237,0
DA:238,0
DA:241,0
DA:243,0
DA:244,0
DA:245,0
DA:253,0
DA:256,0
DA:257,0
DA:258,0
DA:267,0
DA:268,0
DA:271,0
DA:273,0
DA:274,0
DA:282,0
DA:284,0
DA:286,0
DA:287,0
DA:291,0
DA:292,0
DA:294,0
DA:296,0
DA:299,0
DA:307,0
DA:309,0
DA:310,0
DA:313,0
DA:315,0
DA:319,0
DA:321,0
DA:324,0
DA:327,0
DA:335,0
DA:346,0
DA:357,0
DA:359,0
DA:361,0
DA:366,0
DA:374,0
DA:376,0
DA:378,0
DA:380,0
DA:383,0
DA:391,0
DA:392,0
DA:393,0
DA:396,0
DA:397,0
DA:398,0
DA:401,0
DA:402,0
DA:403,0
DA:411,0
DA:416,0
DA:423,0
DA:434,0
DA:441,0
DA:448,0
DA:449,0
DA:456,0
DA:457,0
DA:464,0
DA:465,0
DA:472,0
DA:473,0
DA:480,0
DA:481,0
DA:482,0
DA:484,0
DA:493,0
DA:494,0
DA:496,0
DA:511,0
DA:513,0
DA:514,0
DA:517,0
DA:519,0
DA:520,0
DA:522,0
DA:526,0
DA:540,0
DA:547,0
DA:554,0
DA:557,0
DA:558,0
DA:559,0
DA:563,0
DA:566,0
DA:569,0
DA:570,0
DA:572,0
DA:579,0
DA:580,0
DA:581,0
LF:161
LH:0
BRDA:69,0,0,0
BRDA:69,0,1,0
BRDA:79,1,0,0
BRDA:79,1,1,0
BRDA:110,2,0,0
BRDA:110,2,1,0
BRDA:110,2,2,0
BRDA:110,2,3,0
BRDA:116,3,0,0
BRDA:116,3,1,0
BRDA:126,4,0,0
BRDA:126,4,1,0
BRDA:137,5,0,0
BRDA:137,5,1,0
BRDA:146,6,0,0
BRDA:146,6,1,0
BRDA:167,7,0,0
BRDA:167,7,1,0
BRDA:167,8,0,0
BRDA:167,8,1,0
BRDA:172,9,0,0
BRDA:172,9,1,0
BRDA:172,10,0,0
BRDA:172,10,1,0
BRDA:177,11,0,0
BRDA:177,11,1,0
BRDA:177,12,0,0
BRDA:177,12,1,0
BRDA:182,13,0,0
BRDA:182,13,1,0
BRDA:196,14,0,0
BRDA:196,14,1,0
BRDA:237,15,0,0
BRDA:237,15,1,0
BRDA:253,16,0,0
BRDA:253,16,1,0
BRDA:257,17,0,0
BRDA:257,17,1,0
BRDA:267,18,0,0
BRDA:267,18,1,0
BRDA:357,19,0,0
BRDA:357,19,1,0
BRDA:391,20,0,0
BRDA:391,20,1,0
BRDA:396,21,0,0
BRDA:396,21,1,0
BRDA:401,22,0,0
BRDA:401,22,1,0
BRDA:411,23,0,0
BRDA:411,23,1,0
BRDA:416,24,0,0
BRDA:416,24,1,0
BRDA:416,24,2,0
BRDA:511,25,0,0
BRDA:511,25,1,0
BRDA:517,26,0,0
BRDA:517,26,1,0
BRDA:519,27,0,0
BRDA:519,27,1,0
BRDA:557,28,0,0
BRDA:557,28,1,0
BRDA:579,29,0,0
BRDA:579,29,1,0
BRF:63
BRH:0
end_of_record
TN:
SF:services\CachePerformanceMonitor.ts
FN:17,(anonymous_0)
FN:21,(anonymous_1)
FN:31,(anonymous_2)
FN:48,(anonymous_3)
FN:65,(anonymous_4)
FN:78,(anonymous_5)
FN:92,(anonymous_6)
FN:93,(anonymous_7)
FN:112,(anonymous_8)
FN:140,(anonymous_9)
FN:184,(anonymous_10)
FN:191,(anonymous_11)
FN:198,(anonymous_12)
FN:208,(anonymous_13)
FN:226,(anonymous_14)
FN:236,(anonymous_15)
FN:248,(anonymous_16)
FNF:17
FNH:0
FNDA:0,(anonymous_0)
FNDA:0,(anonymous_1)
FNDA:0,(anonymous_2)
FNDA:0,(anonymous_3)
FNDA:0,(anonymous_4)
FNDA:0,(anonymous_5)
FNDA:0,(anonymous_6)
FNDA:0,(anonymous_7)
FNDA:0,(anonymous_8)
FNDA:0,(anonymous_9)
FNDA:0,(anonymous_10)
FNDA:0,(anonymous_11)
FNDA:0,(anonymous_12)
FNDA:0,(anonymous_13)
FNDA:0,(anonymous_14)
FNDA:0,(anonymous_15)
FNDA:0,(anonymous_16)
DA:6,0
DA:7,0
DA:18,0
DA:19,0
DA:21,0
DA:22,0
DA:23,0
DA:24,0
DA:32,0
DA:33,0
DA:36,0
DA:37,0
DA:40,0
DA:41,0
DA:58,0
DA:65,0
DA:66,0
DA:68,0
DA:89,0
DA:90,0
DA:92,0
DA:93,0
DA:94,0
DA:96,0
DA:118,0
DA:120,0
DA:121,0
DA:122,0
DA:123,0
DA:125,0
DA:132,0
DA:133,0
DA:150,0
DA:151,0
DA:152,0
DA:154,0
DA:155,0
DA:156,0
DA:157,0
DA:158,0
DA:160,0
DA:161,0
DA:166,0
DA:167,0
DA:169,0
DA:185,0
DA:192,0
DA:199,0
DA:200,0
DA:201,0
DA:203,0
DA:214,0
DA:215,0
DA:217,0
DA:218,0
DA:226,0
DA:228,0
DA:237,0
DA:239,0
DA:240,0
DA:241,0
DA:245,0
DA:249,0
DA:251,0
DA:252,0
DA:258,0
DA:259,0
DA:265,0
DA:266,0
DA:272,0
DA:273,0
DA:279,0
DA:280,0
DA:283,0
LF:74
LH:0
BRDA:32,0,0,0
BRDA:32,0,1,0
BRDA:40,1,0,0
BRDA:40,1,1,0
BRDA:69,2,0,0
BRDA:69,2,1,0
BRDA:90,3,0,0
BRDA:90,3,1,0
BRDA:94,4,0,0
BRDA:94,4,1,0
BRDA:123,5,0,0
BRDA:123,5,1,0
BRDA:156,6,0,0
BRDA:156,6,1,0
BRDA:160,7,0,0
BRDA:160,7,1,0
BRDA:215,8,0,0
BRDA:215,8,1,0
BRDA:217,9,0,0
BRDA:217,9,1,0
BRDA:229,10,0,0
BRDA:229,10,1,0
BRDA:240,11,0,0
BRDA:240,11,1,0
BRDA:251,12,0,0
BRDA:251,12,1,0
BRDA:258,13,0,0
BRDA:258,13,1,0
BRDA:265,14,0,0
BRDA:265,14,1,0
BRDA:272,15,0,0
BRDA:272,15,1,0
BRDA:279,16,0,0
BRDA:279,16,1,0
BRF:34
BRH:0
end_of_record
TN:
SF:services\CacheService.ts
FN:27,(anonymous_0)
FN:57,(anonymous_1)
FN:173,(anonymous_2)
FN:302,(anonymous_3)
FN:307,(anonymous_4)
FN:311,(anonymous_5)
FN:320,(anonymous_6)
FN:325,(anonymous_7)
FN:329,(anonymous_8)
FN:338,(anonymous_9)
FN:342,(anonymous_10)
FN:346,(anonymous_11)
FN:354,(anonymous_12)
FN:359,(anonymous_13)
FN:369,(anonymous_14)
FN:420,(anonymous_15)
FN:441,(anonymous_16)
FN:465,(anonymous_17)
FN:493,(anonymous_18)
FN:499,(anonymous_19)
FN:505,(anonymous_20)
FN:509,(anonymous_21)
FN:519,(anonymous_22)
FN:524,(anonymous_23)
FN:530,(anonymous_24)
FN:534,(anonymous_25)
FN:546,(anonymous_26)
FN:551,(anonymous_27)
FN:553,(anonymous_28)
FN:560,(anonymous_29)
FN:574,(anonymous_30)
FN:584,(anonymous_31)
FN:593,(anonymous_32)
FN:599,(anonymous_33)
FN:609,(anonymous_34)
FN:610,(anonymous_35)
FN:621,(anonymous_36)
FN:622,(anonymous_37)
FN:656,(anonymous_38)
FN:672,(anonymous_39)
FN:675,(anonymous_40)
FN:687,(anonymous_41)
FN:703,(anonymous_42)
FN:768,(anonymous_43)
FN:833,(anonymous_44)
FN:846,(anonymous_45)
FN:855,(anonymous_46)
FN:937,(anonymous_47)
FNF:48
FNH:0
FNDA:0,(anonymous_0)
FNDA:0,(anonymous_1)
FNDA:0,(anonymous_2)
FNDA:0,(anonymous_3)
FNDA:0,(anonymous_4)
FNDA:0,(anonymous_5)
FNDA:0,(anonymous_6)
FNDA:0,(anonymous_7)
FNDA:0,(anonymous_8)
FNDA:0,(anonymous_9)
FNDA:0,(anonymous_10)
FNDA:0,(anonymous_11)
FNDA:0,(anonymous_12)
FNDA:0,(anonymous_13)
FNDA:0,(anonymous_14)
FNDA:0,(anonymous_15)
FNDA:0,(anonymous_16)
FNDA:0,(anonymous_17)
FNDA:0,(anonymous_18)
FNDA:0,(anonymous_19)
FNDA:0,(anonymous_20)
FNDA:0,(anonymous_21)
FNDA:0,(anonymous_22)
FNDA:0,(anonymous_23)
FNDA:0,(anonymous_24)
FNDA:0,(anonymous_25)
FNDA:0,(anonymous_26)
FNDA:0,(anonymous_27)
FNDA:0,(anonymous_28)
FNDA:0,(anonymous_29)
FNDA:0,(anonymous_30)
FNDA:0,(anonymous_31)
FNDA:0,(anonymous_32)
FNDA:0,(anonymous_33)
FNDA:0,(anonymous_34)
FNDA:0,(anonymous_35)
FNDA:0,(anonymous_36)
FNDA:0,(anonymous_37)
FNDA:0,(anonymous_38)
FNDA:0,(anonymous_39)
FNDA:0,(anonymous_40)
FNDA:0,(anonymous_41)
FNDA:0,(anonymous_42)
FNDA:0,(anonymous_43)
FNDA:0,(anonymous_44)
FNDA:0,(anonymous_45)
FNDA:0,(anonymous_46)
FNDA:0,(anonymous_47)
DA:22,0
DA:28,0
DA:30,0
DA:43,0
DA:47,0
DA:48,0
DA:49,0
DA:51,0
DA:58,0
DA:59,0
DA:60,0
DA:62,0
DA:64,0
DA:66,0
DA:67,0
DA:68,0
DA:69,0
DA:78,0
DA:79,0
DA:81,0
DA:82,0
DA:83,0
DA:92,0
DA:93,0
DA:94,0
DA:95,0
DA:96,0
DA:97,0
DA:106,0
DA:110,0
DA:111,0
DA:113,0
DA:114,0
DA:115,0
DA:116,0
DA:117,0
DA:126,0
DA:129,0
DA:130,0
DA:131,0
DA:132,0
DA:134,0
DA:135,0
DA:143,0
DA:146,0
DA:147,0
DA:148,0
DA:156,0
DA:157,0
DA:158,0
DA:166,0
DA:174,0
DA:175,0
DA:176,0
DA:178,0
DA:180,0
DA:182,0
DA:183,0
DA:184,0
DA:185,0
DA:186,0
DA:187,0
DA:188,0
DA:197,0
DA:198,0
DA:199,0
DA:200,0
DA:201,0
DA:202,0
DA:203,0
DA:204,0
DA:205,0
DA:214,0
DA:215,0
DA:216,0
DA:217,0
DA:218,0
DA:219,0
DA:228,0
DA:232,0
DA:233,0
DA:234,0
DA:235,0
DA:236,0
DA:237,0
DA:238,0
DA:239,0
DA:240,0
DA:241,0
DA:242,0
DA:243,0
DA:251,0
DA:256,0
DA:257,0
DA:260,0
DA:261,0
DA:262,0
DA:263,0
DA:265,0
DA:266,0
DA:274,0
DA:277,0
DA:278,0
DA:279,0
DA:287,0
DA:288,0
DA:289,0
DA:297,0
DA:303,0
DA:304,0
DA:308,0
DA:312,0
DA:313,0
DA:315,0
DA:321,0
DA:322,0
DA:326,0
DA:330,0
DA:331,0
DA:333,0
DA:339,0
DA:343,0
DA:347,0
DA:348,0
DA:350,0
DA:355,0
DA:356,0
DA:364,0
DA:365,0
DA:370,0
DA:371,0
DA:374,0
DA:375,0
DA:378,0
DA:380,0
DA:381,0
DA:382,0
DA:385,0
DA:387,0
DA:391,0
DA:392,0
DA:395,0
DA:396,0
DA:397,0
DA:398,0
DA:399,0
DA:401,0
DA:406,0
DA:408,0
DA:409,0
DA:410,0
DA:413,0
DA:415,0
DA:416,0
DA:421,0
DA:422,0
DA:429,0
DA:432,0
DA:433,0
DA:434,0
DA:435,0
DA:438,0
DA:441,0
DA:443,0
DA:445,0
DA:451,0
DA:452,0
DA:453,0
DA:454,0
DA:457,0
DA:458,0
DA:462,0
DA:463,0
DA:465,0
DA:466,0
DA:468,0
DA:474,0
DA:475,0
DA:476,0
DA:477,0
DA:480,0
DA:481,0
DA:482,0
DA:485,0
DA:486,0
DA:488,0
DA:489,0
DA:496,0
DA:501,0
DA:506,0
DA:510,0
DA:511,0
DA:513,0
DA:516,0
DA:520,0
DA:525,0
DA:526,0
DA:531,0
DA:535,0
DA:536,0
DA:537,0
DA:539,0
DA:540,0
DA:541,0
DA:542,0
DA:543,0
DA:547,0
DA:548,0
DA:553,0
DA:554,0
DA:555,0
DA:556,0
DA:560,0
DA:561,0
DA:562,0
DA:563,0
DA:567,0
DA:568,0
DA:575,0
DA:576,0
DA:585,0
DA:586,0
DA:594,0
DA:595,0
DA:600,0
DA:602,0
DA:603,0
DA:605,0
DA:610,0
DA:622,0
DA:660,0
DA:661,0
DA:663,0
DA:674,0
DA:675,0
DA:678,0
DA:679,0
DA:680,0
DA:688,0
DA:691,0
DA:694,0
DA:696,0
DA:704,0
DA:705,0
DA:706,0
DA:708,0
DA:710,0
DA:712,0
DA:713,0
DA:714,0
DA:715,0
DA:724,0
DA:725,0
DA:727,0
DA:728,0
DA:729,0
DA:738,0
DA:739,0
DA:740,0
DA:741,0
DA:742,0
DA:751,0
DA:752,0
DA:756,0
DA:759,0
DA:760,0
DA:769,0
DA:770,0
DA:771,0
DA:773,0
DA:775,0
DA:777,0
DA:778,0
DA:779,0
DA:780,0
DA:789,0
DA:790,0
DA:791,0
DA:792,0
DA:793,0
DA:794,0
DA:803,0
DA:804,0
DA:805,0
DA:806,0
DA:807,0
DA:808,0
DA:817,0
DA:818,0
DA:822,0
DA:825,0
DA:826,0
DA:839,0
DA:840,0
DA:847,0
DA:848,0
DA:863,0
DA:864,0
DA:866,0
DA:868,0
DA:869,0
DA:878,0
DA:879,0
DA:882,0
DA:883,0
DA:884,0
DA:885,0
DA:895,0
DA:896,0
DA:900,0
DA:901,0
DA:902,0
DA:904,0
DA:905,0
DA:906,0
DA:907,0
DA:908,0
DA:919,0
DA:923,0
DA:945,0
DA:946,0
DA:948,0
DA:950,0
DA:951,0
DA:960,0
DA:961,0
DA:964,0
DA:965,0
DA:966,0
DA:975,0
DA:976,0
DA:980,0
DA:981,0
DA:982,0
DA:983,0
DA:984,0
DA:985,0
DA:986,0
DA:996,0
DA:1000,0
LF:340
LH:0
BRDA:28,0,0,0
BRDA:28,0,1,0
BRDA:67,1,0,0
BRDA:67,1,1,0
BRDA:79,2,0,0
BRDA:79,2,1,0
BRDA:92,3,0,0
BRDA:92,3,1,0
BRDA:95,4,0,0
BRDA:95,4,1,0
BRDA:111,5,0,0
BRDA:111,5,1,0
BRDA:111,6,0,0
BRDA:111,6,1,0
BRDA:147,7,0,0
BRDA:147,7,1,0
BRDA:157,8,0,0
BRDA:157,8,1,0
BRDA:184,9,0,0
BRDA:184,9,1,0
BRDA:199,10,0,0
BRDA:199,10,1,0
BRDA:214,11,0,0
BRDA:214,11,1,0
BRDA:217,12,0,0
BRDA:217,12,1,0
BRDA:235,13,0,0
BRDA:235,13,1,0
BRDA:235,14,0,0
BRDA:235,14,1,0
BRDA:278,15,0,0
BRDA:278,15,1,0
BRDA:288,16,0,0
BRDA:288,16,1,0
BRDA:304,17,0,0
BRDA:304,17,1,0
BRDA:312,18,0,0
BRDA:312,18,1,0
BRDA:322,19,0,0
BRDA:322,19,1,0
BRDA:330,20,0,0
BRDA:330,20,1,0
BRDA:347,21,0,0
BRDA:347,21,1,0
BRDA:374,22,0,0
BRDA:374,22,1,0
BRDA:378,23,0,0
BRDA:378,23,1,0
BRDA:385,24,0,0
BRDA:385,24,1,0
BRDA:385,25,0,0
BRDA:385,25,1,0
BRDA:395,26,0,0
BRDA:395,26,1,0
BRDA:408,27,0,0
BRDA:408,27,1,0
BRDA:413,28,0,0
BRDA:413,28,1,0
BRDA:433,29,0,0
BRDA:433,29,1,0
BRDA:438,30,0,0
BRDA:438,30,1,0
BRDA:443,31,0,0
BRDA:443,31,1,0
BRDA:452,32,0,0
BRDA:452,32,1,0
BRDA:452,33,0,0
BRDA:452,33,1,0
BRDA:452,33,2,0
BRDA:466,34,0,0
BRDA:466,34,1,0
BRDA:475,35,0,0
BRDA:475,35,1,0
BRDA:480,36,0,0
BRDA:480,36,1,0
BRDA:480,37,0,0
BRDA:480,37,1,0
BRDA:510,38,0,0
BRDA:510,38,1,0
BRDA:513,39,0,0
BRDA:513,39,1,0
BRDA:525,40,0,0
BRDA:525,40,1,0
BRDA:554,41,0,0
BRDA:554,41,1,0
BRDA:561,42,0,0
BRDA:561,42,1,0
BRDA:576,43,0,0
BRDA:576,43,1,0
BRDA:576,43,2,0
BRDA:586,44,0,0
BRDA:586,44,1,0
BRDA:595,45,0,0
BRDA:595,45,1,0
BRDA:603,46,0,0
BRDA:603,46,1,0
BRDA:713,47,0,0
BRDA:713,47,1,0
BRDA:725,48,0,0
BRDA:725,48,1,0
BRDA:739,49,0,0
BRDA:739,49,1,0
BRDA:751,50,0,0
BRDA:751,50,1,0
BRDA:778,51,0,0
BRDA:778,51,1,0
BRDA:790,52,0,0
BRDA:790,52,1,0
BRDA:804,53,0,0
BRDA:804,53,1,0
BRDA:817,54,0,0
BRDA:817,54,1,0
BRDA:883,55,0,0
BRDA:883,55,1,0
BRDA:883,56,0,0
BRDA:883,56,1,0
BRDA:902,57,0,0
BRDA:902,57,1,0
BRDA:905,58,0,0
BRDA:905,58,1,0
BRDA:983,59,0,0
BRDA:983,59,1,0
BRF:122
BRH:0
end_of_record
TN:
SF:services\CacheStatsService.ts
FN:29,(anonymous_0)
FN:31,(anonymous_1)
FN:41,(anonymous_2)
FN:72,(anonymous_3)
FN:79,(anonymous_4)
FN:97,(anonymous_5)
FN:117,(anonymous_6)
FN:167,(anonymous_7)
FN:192,(anonymous_8)
FN:203,(anonymous_9)
FN:234,(anonymous_10)
FN:242,(anonymous_11)
FN:255,(anonymous_12)
FN:264,(anonymous_13)
FN:272,(anonymous_14)
FN:274,(anonymous_15)
FN:280,(anonymous_16)
FN:282,(anonymous_17)
FNF:18
FNH:0
FNDA:0,(anonymous_0)
FNDA:0,(anonymous_1)
FNDA:0,(anonymous_2)
FNDA:0,(anonymous_3)
FNDA:0,(anonymous_4)
FNDA:0,(anonymous_5)
FNDA:0,(anonymous_6)
FNDA:0,(anonymous_7)
FNDA:0,(anonymous_8)
FNDA:0,(anonymous_9)
FNDA:0,(anonymous_10)
FNDA:0,(anonymous_11)
FNDA:0,(anonymous_12)
FNDA:0,(anonymous_13)
FNDA:0,(anonymous_14)
FNDA:0,(anonymous_15)
FNDA:0,(anonymous_16)
FNDA:0,(anonymous_17)
DA:9,0
DA:19,0
DA:27,0
DA:32,0
DA:33,0
DA:35,0
DA:42,0
DA:44,0
DA:46,0
DA:47,0
DA:49,0
DA:50,0
DA:52,0
DA:53,0
DA:55,0
DA:56,0
DA:58,0
DA:59,0
DA:62,0
DA:64,0
DA:65,0
DA:73,0
DA:80,0
DA:81,0
DA:82,0
DA:83,0
DA:86,0
DA:87,0
DA:90,0
DA:102,0
DA:103,0
DA:104,0
DA:106,0
DA:118,0
DA:120,0
DA:168,0
DA:178,0
DA:186,0
DA:193,0
DA:209,0
DA:210,0
DA:211,0
DA:212,0
DA:213,0
DA:216,0
DA:218,0
DA:219,0
DA:220,0
DA:221,0
DA:223,0
DA:235,0
DA:236,0
DA:243,0
DA:256,0
DA:257,0
DA:258,0
DA:265,0
DA:266,0
DA:273,0
DA:274,0
DA:281,0
DA:282,0
DA:283,0
DA:284,0
LF:64
LH:0
BRDA:32,0,0,0
BRDA:32,0,1,0
BRDA:44,1,0,0
BRDA:44,1,1,0
BRDA:44,1,2,0
BRDA:44,1,3,0
BRDA:44,1,4,0
BRDA:64,2,0,0
BRDA:64,2,1,0
BRDA:81,3,0,0
BRDA:81,3,1,0
BRDA:86,4,0,0
BRDA:86,4,1,0
BRDA:218,5,0,0
BRDA:218,5,1,0
BRDA:219,6,0,0
BRDA:219,6,1,0
BRDA:220,7,0,0
BRDA:220,7,1,0
BRDA:236,8,0,0
BRDA:236,8,1,0
BRDA:256,9,0,0
BRDA:256,9,1,0
BRDA:265,10,0,0
BRDA:265,10,1,0
BRDA:273,11,0,0
BRDA:273,11,1,0
BRDA:281,12,0,0
BRDA:281,12,1,0
BRDA:284,13,0,0
BRDA:284,13,1,0
BRF:31
BRH:0
end_of_record
TN:
SF:services\CacheWarmupService.ts
FN:17,(anonymous_0)
FN:35,(anonymous_1)
FN:44,(anonymous_2)
FN:67,(anonymous_3)
FN:100,(anonymous_4)
FN:111,(anonymous_5)
FN:139,(anonymous_6)
FN:176,(anonymous_7)
FN:244,(anonymous_8)
FN:245,(anonymous_9)
FN:256,(anonymous_10)
FN:271,(anonymous_11)
FN:275,(anonymous_12)
FN:307,(anonymous_13)
FN:320,(anonymous_14)
FN:331,(anonymous_15)
FN:341,(anonymous_16)
FNF:17
FNH:0
FNDA:0,(anonymous_0)
FNDA:0,(anonymous_1)
FNDA:0,(anonymous_2)
FNDA:0,(anonymous_3)
FNDA:0,(anonymous_4)
FNDA:0,(anonymous_5)
FNDA:0,(anonymous_6)
FNDA:0,(anonymous_7)
FNDA:0,(anonymous_8)
FNDA:0,(anonymous_9)
FNDA:0,(anonymous_10)
FNDA:0,(anonymous_11)
FNDA:0,(anonymous_12)
FNDA:0,(anonymous_13)
FNDA:0,(anonymous_14)
FNDA:0,(anonymous_15)
FNDA:0,(anonymous_16)
DA:10,0
DA:11,0
DA:12,0
DA:18,0
DA:21,0
DA:32,0
DA:35,0
DA:36,0
DA:45,0
DA:46,0
DA:47,0
DA:50,0
DA:51,0
DA:53,0
DA:54,0
DA:57,0
DA:67,0
DA:68,0
DA:69,0
DA:70,0
DA:72,0
DA:74,0
DA:75,0
DA:77,0
DA:81,0
DA:83,0
DA:84,0
DA:86,0
DA:87,0
DA:90,0
DA:92,0
DA:101,0
DA:102,0
DA:103,0
DA:106,0
DA:107,0
DA:108,0
DA:111,0
DA:112,0
DA:113,0
DA:114,0
DA:115,0
DA:119,0
DA:120,0
DA:123,0
DA:125,0
DA:128,0
DA:129,0
DA:132,0
DA:140,0
DA:142,0
DA:144,0
DA:145,0
DA:148,0
DA:151,0
DA:154,0
DA:155,0
DA:156,0
DA:157,0
DA:158,0
DA:160,0
DA:162,0
DA:167,0
DA:169,0
DA:184,0
DA:186,0
DA:188,0
DA:189,0
DA:192,0
DA:193,0
DA:197,0
DA:201,0
DA:202,0
DA:203,0
DA:207,0
DA:208,0
DA:209,0
DA:213,0
DA:214,0
DA:215,0
DA:217,0
DA:219,0
DA:229,0
DA:230,0
DA:245,0
DA:246,0
DA:247,0
DA:250,0
DA:257,0
DA:258,0
DA:260,0
DA:272,0
DA:276,0
DA:277,0
DA:280,0
DA:283,0
DA:287,0
DA:292,0
DA:296,0
DA:301,0
DA:304,0
DA:310,0
DA:311,0
DA:312,0
DA:313,0
DA:316,0
DA:323,0
DA:332,0
DA:333,0
DA:344,0
LF:110
LH:0
BRDA:18,0,0,0
BRDA:18,0,1,0
BRDA:45,1,0,0
BRDA:45,1,1,0
BRDA:101,2,0,0
BRDA:101,2,1,0
BRDA:113,3,0,0
BRDA:113,3,1,0
BRDA:140,4,0,0
BRDA:140,4,1,0
BRDA:140,5,0,0
BRDA:140,5,1,0
BRDA:192,6,0,0
BRDA:192,6,1,0
BRDA:202,7,0,0
BRDA:202,7,1,0
BRDA:207,8,0,0
BRDA:207,8,1,0
BRDA:244,9,0,0
BRDA:258,10,0,0
BRDA:258,10,1,0
BRDA:265,11,0,0
BRDA:265,11,1,0
BRDA:265,12,0,0
BRDA:265,12,1,0
BRDA:276,13,0,0
BRDA:276,13,1,0
BRDA:277,14,0,0
BRDA:277,14,1,0
BRDA:280,15,0,0
BRDA:280,15,1,0
BRDA:280,16,0,0
BRDA:280,16,1,0
BRDA:280,16,2,0
BRDA:287,17,0,0
BRDA:287,17,1,0
BRDA:287,18,0,0
BRDA:287,18,1,0
BRDA:287,18,2,0
BRDA:287,18,3,0
BRDA:287,18,4,0
BRDA:296,19,0,0
BRDA:296,19,1,0
BRDA:296,20,0,0
BRDA:296,20,1,0
BRDA:296,20,2,0
BRDA:296,20,3,0
BRDA:296,20,4,0
BRDA:312,21,0,0
BRDA:312,21,1,0
BRDA:337,22,0,0
BRDA:337,22,1,0
BRF:52
BRH:0
end_of_record
TN:
SF:services\ConnectionCircuitBreaker.ts
FN:48,(anonymous_0)
FN:84,(anonymous_1)
FN:98,(anonymous_2)
FN:108,(anonymous_3)
FN:131,(anonymous_4)
FN:133,(anonymous_5)
FN:139,(anonymous_6)
FN:155,(anonymous_7)
FN:183,(anonymous_8)
FN:218,(anonymous_9)
FN:254,(anonymous_10)
FN:261,(anonymous_11)
FN:268,(anonymous_12)
FN:276,(anonymous_13)
FN:285,(anonymous_14)
FN:297,(anonymous_15)
FN:332,(anonymous_16)
FN:339,(anonymous_17)
FN:356,(anonymous_18)
FN:367,(anonymous_19)
FN:375,(anonymous_20)
FN:386,(anonymous_21)
FN:399,(anonymous_22)
FN:420,(anonymous_23)
FN:428,(anonymous_24)
FN:436,(anonymous_25)
FN:449,(anonymous_26)
FN:489,(anonymous_27)
FN:499,(anonymous_28)
FN:558,(anonymous_29)
FN:575,(anonymous_30)
FNF:31
FNH:0
FNDA:0,(anonymous_0)
FNDA:0,(anonymous_1)
FNDA:0,(anonymous_2)
FNDA:0,(anonymous_3)
FNDA:0,(anonymous_4)
FNDA:0,(anonymous_5)
FNDA:0,(anonymous_6)
FNDA:0,(anonymous_7)
FNDA:0,(anonymous_8)
FNDA:0,(anonymous_9)
FNDA:0,(anonymous_10)
FNDA:0,(anonymous_11)
FNDA:0,(anonymous_12)
FNDA:0,(anonymous_13)
FNDA:0,(anonymous_14)
FNDA:0,(anonymous_15)
FNDA:0,(anonymous_16)
FNDA:0,(anonymous_17)
FNDA:0,(anonymous_18)
FNDA:0,(anonymous_19)
FNDA:0,(anonymous_20)
FNDA:0,(anonymous_21)
FNDA:0,(anonymous_22)
FNDA:0,(anonymous_23)
FNDA:0,(anonymous_24)
FNDA:0,(anonymous_25)
FNDA:0,(anonymous_26)
FNDA:0,(anonymous_27)
FNDA:0,(anonymous_28)
FNDA:0,(anonymous_29)
FNDA:0,(anonymous_30)
DA:39,0
DA:43,0
DA:44,0
DA:46,0
DA:52,0
DA:63,0
DA:65,0
DA:66,0
DA:68,0
DA:83,0
DA:85,0
DA:89,0
DA:99,0
DA:100,0
DA:102,0
DA:109,0
DA:110,0
DA:112,0
DA:113,0
DA:114,0
DA:117,0
DA:118,0
DA:119,0
DA:123,0
DA:124,0
DA:132,0
DA:133,0
DA:140,0
DA:142,0
DA:144,0
DA:146,0
DA:148,0
DA:156,0
DA:157,0
DA:158,0
DA:159,0
DA:161,0
DA:163,0
DA:164,0
DA:165,0
DA:167,0
DA:170,0
DA:171,0
DA:174,0
DA:184,0
DA:185,0
DA:188,0
DA:189,0
DA:193,0
DA:195,0
DA:196,0
DA:198,0
DA:199,0
DA:201,0
DA:202,0
DA:206,0
DA:207,0
DA:208,0
DA:209,0
DA:212,0
DA:219,0
DA:220,0
DA:221,0
DA:222,0
DA:224,0
DA:226,0
DA:236,0
DA:238,0
DA:239,0
DA:240,0
DA:242,0
DA:244,0
DA:245,0
DA:246,0
DA:247,0
DA:255,0
DA:262,0
DA:269,0
DA:270,0
DA:277,0
DA:279,0
DA:280,0
DA:282,0
DA:285,0
DA:286,0
DA:287,0
DA:289,0
DA:298,0
DA:299,0
DA:300,0
DA:303,0
DA:310,0
DA:313,0
DA:314,0
DA:315,0
DA:316,0
DA:320,0
DA:326,0
DA:333,0
DA:334,0
DA:337,0
DA:339,0
DA:340,0
DA:341,0
DA:345,0
DA:357,0
DA:361,0
DA:368,0
DA:369,0
DA:376,0
DA:377,0
DA:378,0
DA:379,0
DA:387,0
DA:388,0
DA:389,0
DA:390,0
DA:391,0
DA:392,0
DA:400,0
DA:411,0
DA:412,0
DA:413,0
DA:421,0
DA:422,0
DA:429,0
DA:430,0
DA:437,0
DA:439,0
DA:442,0
DA:455,0
DA:456,0
DA:461,0
DA:462,0
DA:463,0
DA:464,0
DA:465,0
DA:466,0
DA:467,0
DA:468,0
DA:469,0
DA:470,0
DA:471,0
DA:472,0
DA:474,0
DA:475,0
DA:478,0
DA:490,0
DA:491,0
DA:493,0
DA:510,0
DA:511,0
DA:513,0
DA:519,0
DA:521,0
DA:529,0
DA:537,0
DA:545,0
DA:559,0
DA:560,0
DA:561,0
DA:564,0
DA:565,0
DA:566,0
DA:569,0
DA:576,0
DA:577,0
DA:579,0
LF:168
LH:0
BRDA:50,0,0,0
BRDA:77,1,0,0
BRDA:77,1,1,0
BRDA:78,2,0,0
BRDA:78,2,1,0
BRDA:99,3,0,0
BRDA:99,3,1,0
BRDA:117,4,0,0
BRDA:117,4,1,0
BRDA:117,5,0,0
BRDA:117,5,1,0
BRDA:123,6,0,0
BRDA:123,6,1,0
BRDA:140,7,0,0
BRDA:140,7,1,0
BRDA:140,7,2,0
BRDA:140,7,3,0
BRDA:161,8,0,0
BRDA:161,8,1,0
BRDA:163,9,0,0
BRDA:163,9,1,0
BRDA:184,10,0,0
BRDA:184,10,1,0
BRDA:193,11,0,0
BRDA:193,11,1,0
BRDA:193,11,2,0
BRDA:206,12,0,0
BRDA:206,12,1,0
BRDA:208,13,0,0
BRDA:208,13,1,0
BRDA:236,14,0,0
BRDA:236,14,1,0
BRDA:238,15,0,0
BRDA:238,15,1,0
BRDA:277,16,0,0
BRDA:277,16,1,0
BRDA:310,17,0,0
BRDA:310,17,1,0
BRDA:313,18,0,0
BRDA:313,18,1,0
BRDA:315,19,0,0
BRDA:315,19,1,0
BRDA:333,20,0,0
BRDA:333,20,1,0
BRDA:340,21,0,0
BRDA:340,21,1,0
BRDA:377,22,0,0
BRDA:377,22,1,0
BRDA:390,23,0,0
BRDA:390,23,1,0
BRDA:411,24,0,0
BRDA:411,24,1,0
BRDA:422,25,0,0
BRDA:422,25,1,0
BRDA:430,26,0,0
BRDA:430,26,1,0
BRDA:437,27,0,0
BRDA:437,27,1,0
BRDA:439,28,0,0
BRDA:439,28,1,0
BRDA:461,29,0,0
BRDA:461,29,1,0
BRDA:464,30,0,0
BRDA:464,30,1,0
BRDA:467,31,0,0
BRDA:467,31,1,0
BRDA:470,32,0,0
BRDA:470,32,1,0
BRDA:491,33,0,0
BRDA:491,33,1,0
BRDA:519,34,0,0
BRDA:519,34,1,0
BRDA:519,34,2,0
BRDA:519,34,3,0
BRDA:559,35,0,0
BRDA:559,35,1,0
BRDA:564,36,0,0
BRDA:564,36,1,0
BRF:78
BRH:0
end_of_record
TN:
SF:services\ConnectionDiagnostics.ts
FN:84,(anonymous_0)
FN:92,(anonymous_1)
FN:102,(anonymous_2)
FN:207,(anonymous_3)
FN:291,(anonymous_4)
FN:369,(anonymous_5)
FN:373,(anonymous_6)
FN:409,(anonymous_7)
FN:417,(anonymous_8)
FN:446,(anonymous_9)
FN:457,(anonymous_10)
FN:465,(anonymous_11)
FN:480,(anonymous_12)
FN:498,(anonymous_13)
FN:510,(anonymous_14)
FN:548,(anonymous_15)
FN:572,(anonymous_16)
FN:587,(anonymous_17)
FN:594,(anonymous_18)
FN:601,(anonymous_19)
FN:608,(anonymous_20)
FN:615,(anonymous_21)
FN:631,(anonymous_22)
FN:640,(anonymous_23)
FNF:24
FNH:0
FNDA:0,(anonymous_0)
FNDA:0,(anonymous_1)
FNDA:0,(anonymous_2)
FNDA:0,(anonymous_3)
FNDA:0,(anonymous_4)
FNDA:0,(anonymous_5)
FNDA:0,(anonymous_6)
FNDA:0,(anonymous_7)
FNDA:0,(anonymous_8)
FNDA:0,(anonymous_9)
FNDA:0,(anonymous_10)
FNDA:0,(anonymous_11)
FNDA:0,(anonymous_12)
FNDA:0,(anonymous_13)
FNDA:0,(anonymous_14)
FNDA:0,(anonymous_15)
FNDA:0,(anonymous_16)
FNDA:0,(anonymous_17)
FNDA:0,(anonymous_18)
FNDA:0,(anonymous_19)
FNDA:0,(anonymous_20)
FNDA:0,(anonymous_21)
FNDA:0,(anonymous_22)
FNDA:0,(anonymous_23)
DA:68,0
DA:73,0
DA:74,0
DA:75,0
DA:77,0
DA:85,0
DA:86,0
DA:93,0
DA:94,0
DA:96,0
DA:103,0
DA:104,0
DA:106,0
DA:107,0
DA:108,0
DA:109,0
DA:110,0
DA:111,0
DA:114,0
DA:117,0
DA:126,0
DA:127,0
DA:130,0
DA:132,0
DA:150,0
DA:151,0
DA:154,0
DA:155,0
DA:158,0
DA:164,0
DA:167,0
DA:170,0
DA:196,0
DA:197,0
DA:200,0
DA:208,0
DA:211,0
DA:212,0
DA:213,0
DA:218,0
DA:220,0
DA:227,0
DA:237,0
DA:238,0
DA:239,0
DA:240,0
DA:241,0
DA:243,0
DA:250,0
DA:260,0
DA:261,0
DA:262,0
DA:263,0
DA:264,0
DA:265,0
DA:266,0
DA:267,0
DA:269,0
DA:276,0
DA:285,0
DA:298,0
DA:301,0
DA:302,0
DA:318,0
DA:319,0
DA:335,0
DA:336,0
DA:352,0
DA:353,0
DA:369,0
DA:370,0
DA:371,0
DA:373,0
DA:387,0
DA:388,0
DA:403,0
DA:414,0
DA:417,0
DA:418,0
DA:425,0
DA:429,0
DA:430,0
DA:434,0
DA:435,0
DA:436,0
DA:437,0
DA:440,0
DA:447,0
DA:448,0
DA:449,0
DA:450,0
DA:451,0
DA:462,0
DA:465,0
DA:466,0
DA:467,0
DA:471,0
DA:472,0
DA:475,0
DA:476,0
DA:480,0
DA:481,0
DA:482,0
DA:486,0
DA:487,0
DA:488,0
DA:489,0
DA:492,0
DA:501,0
DA:502,0
DA:504,0
DA:511,0
DA:513,0
DA:515,0
DA:517,0
DA:521,0
DA:522,0
DA:523,0
DA:524,0
DA:525,0
DA:526,0
DA:528,0
DA:533,0
DA:534,0
DA:535,0
DA:539,0
DA:540,0
DA:541,0
DA:545,0
DA:546,0
DA:547,0
DA:548,0
DA:549,0
DA:552,0
DA:553,0
DA:554,0
DA:557,0
DA:561,0
DA:564,0
DA:565,0
DA:573,0
DA:588,0
DA:595,0
DA:602,0
DA:609,0
DA:616,0
DA:632,0
DA:633,0
DA:634,0
DA:641,0
DA:642,0
DA:643,0
LF:152
LH:0
BRDA:93,0,0,0
BRDA:93,0,1,0
BRDA:154,1,0,0
BRDA:154,1,1,0
BRDA:232,2,0,0
BRDA:232,2,1,0
BRDA:247,3,0,0
BRDA:247,3,1,0
BRDA:255,4,0,0
BRDA:255,4,1,0
BRDA:281,5,0,0
BRDA:281,5,1,0
BRDA:301,6,0,0
BRDA:301,6,1,0
BRDA:318,7,0,0
BRDA:318,7,1,0
BRDA:318,8,0,0
BRDA:318,8,1,0
BRDA:321,9,0,0
BRDA:321,9,1,0
BRDA:335,10,0,0
BRDA:335,10,1,0
BRDA:338,11,0,0
BRDA:338,11,1,0
BRDA:352,12,0,0
BRDA:352,12,1,0
BRDA:370,13,0,0
BRDA:370,13,1,0
BRDA:373,14,0,0
BRDA:373,14,1,0
BRDA:387,15,0,0
BRDA:387,15,1,0
BRDA:387,16,0,0
BRDA:387,16,1,0
BRDA:387,16,2,0
BRDA:429,17,0,0
BRDA:429,17,1,0
BRDA:434,18,0,0
BRDA:434,18,1,0
BRDA:436,19,0,0
BRDA:436,19,1,0
BRDA:447,20,0,0
BRDA:447,20,1,0
BRDA:448,21,0,0
BRDA:448,21,1,0
BRDA:449,22,0,0
BRDA:449,22,1,0
BRDA:450,23,0,0
BRDA:450,23,1,0
BRDA:466,24,0,0
BRDA:466,24,1,0
BRDA:471,25,0,0
BRDA:471,25,1,0
BRDA:471,26,0,0
BRDA:471,26,1,0
BRDA:471,26,2,0
BRDA:475,27,0,0
BRDA:475,27,1,0
BRDA:475,28,0,0
BRDA:475,28,1,0
BRDA:475,28,2,0
BRDA:481,29,0,0
BRDA:481,29,1,0
BRDA:486,30,0,0
BRDA:486,30,1,0
BRDA:488,31,0,0
BRDA:488,31,1,0
BRDA:502,32,0,0
BRDA:502,32,1,0
BRDA:510,33,0,0
BRDA:515,34,0,0
BRDA:515,34,1,0
BRDA:521,35,0,0
BRDA:521,35,1,0
BRDA:533,36,0,0
BRDA:533,36,1,0
BRDA:539,37,0,0
BRDA:539,37,1,0
BRDA:545,38,0,0
BRDA:545,38,1,0
BRDA:549,39,0,0
BRDA:549,39,1,0
BRDA:549,39,2,0
BRDA:552,40,0,0
BRDA:552,40,1,0
BRDA:641,41,0,0
BRDA:641,41,1,0
BRF:87
BRH:0
end_of_record
TN:
SF:services\ErrorLogger.ts
FN:22,(anonymous_0)
FN:32,(anonymous_1)
FN:102,(anonymous_2)
FN:134,(anonymous_3)
FN:162,(anonymous_4)
FN:192,(anonymous_5)
FN:238,(anonymous_6)
FN:323,(anonymous_7)
FN:332,(anonymous_8)
FN:342,(anonymous_9)
FN:353,(anonymous_10)
FN:374,(anonymous_11)
FN:382,(anonymous_12)
FN:388,(anonymous_13)
FN:396,(anonymous_14)
FN:403,(anonymous_15)
FN:413,(anonymous_16)
FN:419,(anonymous_17)
FN:436,(anonymous_18)
FN:455,(anonymous_19)
FN:491,(anonymous_20)
FN:493,(anonymous_21)
FN:498,(anonymous_22)
FN:518,(anonymous_23)
FN:519,(anonymous_24)
FN:522,(anonymous_25)
FN:531,(anonymous_26)
FNF:27
FNH:0
FNDA:0,(anonymous_0)
FNDA:0,(anonymous_1)
FNDA:0,(anonymous_2)
FNDA:0,(anonymous_3)
FNDA:0,(anonymous_4)
FNDA:0,(anonymous_5)
FNDA:0,(anonymous_6)
FNDA:0,(anonymous_7)
FNDA:0,(anonymous_8)
FNDA:0,(anonymous_9)
FNDA:0,(anonymous_10)
FNDA:0,(anonymous_11)
FNDA:0,(anonymous_12)
FNDA:0,(anonymous_13)
FNDA:0,(anonymous_14)
FNDA:0,(anonymous_15)
FNDA:0,(anonymous_16)
FNDA:0,(anonymous_17)
FNDA:0,(anonymous_18)
FNDA:0,(anonymous_19)
FNDA:0,(anonymous_20)
FNDA:0,(anonymous_21)
FNDA:0,(anonymous_22)
FNDA:0,(anonymous_23)
FNDA:0,(anonymous_24)
FNDA:0,(anonymous_25)
FNDA:0,(anonymous_26)
DA:23,0
DA:24,0
DA:26,0
DA:39,0
DA:40,0
DA:43,0
DA:46,0
DA:49,0
DA:56,0
DA:66,0
DA:67,0
DA:73,0
DA:76,0
DA:78,0
DA:81,0
DA:82,0
DA:85,0
DA:86,0
DA:92,0
DA:95,0
DA:113,0
DA:122,0
DA:143,0
DA:150,0
DA:172,0
DA:180,0
DA:200,0
DA:210,0
DA:220,0
DA:222,0
DA:223,0
DA:229,0
DA:231,0
DA:242,0
DA:245,0
DA:251,0
DA:258,0
DA:264,0
DA:271,0
DA:276,0
DA:283,0
DA:288,0
DA:295,0
DA:300,0
DA:307,0
DA:310,0
DA:317,0
DA:324,0
DA:326,0
DA:327,0
DA:328,0
DA:329,0
DA:333,0
DA:335,0
DA:336,0
DA:337,0
DA:338,0
DA:339,0
DA:343,0
DA:344,0
DA:346,0
DA:347,0
DA:348,0
DA:349,0
DA:350,0
DA:354,0
DA:356,0
DA:358,0
DA:360,0
DA:362,0
DA:364,0
DA:366,0
DA:368,0
DA:370,0
DA:375,0
DA:376,0
DA:377,0
DA:378,0
DA:379,0
DA:383,0
DA:384,0
DA:385,0
DA:389,0
DA:390,0
DA:391,0
DA:392,0
DA:393,0
DA:397,0
DA:398,0
DA:399,0
DA:400,0
DA:404,0
DA:407,0
DA:408,0
DA:409,0
DA:412,0
DA:413,0
DA:414,0
DA:416,0
DA:420,0
DA:421,0
DA:429,0
DA:437,0
DA:438,0
DA:446,0
DA:448,0
DA:466,0
DA:467,0
DA:469,0
DA:470,0
DA:475,0
DA:476,0
DA:479,0
DA:480,0
DA:483,0
DA:485,0
DA:486,0
DA:487,0
DA:490,0
DA:491,0
DA:493,0
DA:494,0
DA:495,0
DA:498,0
DA:499,0
DA:500,0
DA:503,0
DA:505,0
DA:513,0
DA:514,0
DA:519,0
DA:520,0
DA:522,0
DA:523,0
DA:524,0
DA:525,0
DA:528,0
DA:532,0
LF:138
LH:0
BRDA:39,0,0,0
BRDA:39,0,1,0
BRDA:40,1,0,0
BRDA:40,1,1,0
BRDA:40,2,0,0
BRDA:40,2,1,0
BRDA:46,3,0,0
BRDA:46,3,1,0
BRDA:73,4,0,0
BRDA:73,4,1,0
BRDA:201,5,0,0
BRDA:201,5,1,0
BRDA:204,6,0,0
BRDA:204,6,1,0
BRDA:205,7,0,0
BRDA:205,7,1,0
BRDA:229,8,0,0
BRDA:229,8,1,0
BRDA:245,9,0,0
BRDA:245,9,1,0
BRDA:245,10,0,0
BRDA:245,10,1,0
BRDA:245,10,2,0
BRDA:245,10,3,0
BRDA:245,10,4,0
BRDA:245,10,5,0
BRDA:258,11,0,0
BRDA:258,11,1,0
BRDA:258,12,0,0
BRDA:258,12,1,0
BRDA:258,12,2,0
BRDA:258,12,3,0
BRDA:258,12,4,0
BRDA:258,12,5,0
BRDA:271,13,0,0
BRDA:271,13,1,0
BRDA:271,14,0,0
BRDA:271,14,1,0
BRDA:271,14,2,0
BRDA:271,14,3,0
BRDA:271,14,4,0
BRDA:283,15,0,0
BRDA:283,15,1,0
BRDA:283,16,0,0
BRDA:283,16,1,0
BRDA:283,16,2,0
BRDA:283,16,3,0
BRDA:283,16,4,0
BRDA:295,17,0,0
BRDA:295,17,1,0
BRDA:295,18,0,0
BRDA:295,18,1,0
BRDA:295,18,2,0
BRDA:295,18,3,0
BRDA:295,18,4,0
BRDA:307,19,0,0
BRDA:307,19,1,0
BRDA:307,20,0,0
BRDA:307,20,1,0
BRDA:307,20,2,0
BRDA:324,21,0,0
BRDA:324,21,1,0
BRDA:326,22,0,0
BRDA:326,22,1,0
BRDA:327,23,0,0
BRDA:327,23,1,0
BRDA:328,24,0,0
BRDA:328,24,1,0
BRDA:333,25,0,0
BRDA:333,25,1,0
BRDA:335,26,0,0
BRDA:335,26,1,0
BRDA:336,27,0,0
BRDA:336,27,1,0
BRDA:337,28,0,0
BRDA:337,28,1,0
BRDA:337,29,0,0
BRDA:337,29,1,0
BRDA:338,30,0,0
BRDA:338,30,1,0
BRDA:344,31,0,0
BRDA:344,31,1,0
BRDA:346,32,0,0
BRDA:346,32,1,0
BRDA:346,33,0,0
BRDA:346,33,1,0
BRDA:347,34,0,0
BRDA:347,34,1,0
BRDA:347,35,0,0
BRDA:347,35,1,0
BRDA:348,36,0,0
BRDA:348,36,1,0
BRDA:348,37,0,0
BRDA:348,37,1,0
BRDA:349,38,0,0
BRDA:349,38,1,0
BRDA:349,39,0,0
BRDA:349,39,1,0
BRDA:354,40,0,0
BRDA:354,40,1,0
BRDA:354,40,2,0
BRDA:354,40,3,0
BRDA:354,40,4,0
BRDA:354,40,5,0
BRDA:354,40,6,0
BRDA:354,40,7,0
BRDA:375,41,0,0
BRDA:375,41,1,0
BRDA:376,42,0,0
BRDA:376,42,1,0
BRDA:377,43,0,0
BRDA:377,43,1,0
BRDA:378,44,0,0
BRDA:378,44,1,0
BRDA:383,45,0,0
BRDA:383,45,1,0
BRDA:384,46,0,0
BRDA:384,46,1,0
BRDA:389,47,0,0
BRDA:389,47,1,0
BRDA:390,48,0,0
BRDA:390,48,1,0
BRDA:391,49,0,0
BRDA:391,49,1,0
BRDA:392,50,0,0
BRDA:392,50,1,0
BRDA:397,51,0,0
BRDA:397,51,1,0
BRDA:398,52,0,0
BRDA:398,52,1,0
BRDA:399,53,0,0
BRDA:399,53,1,0
BRDA:407,54,0,0
BRDA:407,54,1,0
BRDA:407,55,0,0
BRDA:407,55,1,0
BRDA:408,56,0,0
BRDA:408,56,1,0
BRDA:408,57,0,0
BRDA:408,57,1,0
BRDA:408,57,2,0
BRDA:408,57,3,0
BRDA:455,58,0,0
BRDA:466,59,0,0
BRDA:466,59,1,0
BRDA:475,60,0,0
BRDA:475,60,1,0
BRDA:479,61,0,0
BRDA:479,61,1,0
BRDA:479,62,0,0
BRDA:479,62,1,0
BRDA:485,63,0,0
BRDA:485,63,1,0
BRDA:485,64,0,0
BRDA:485,64,1,0
BRDA:494,65,0,0
BRDA:494,65,1,0
BRDA:499,66,0,0
BRDA:499,66,1,0
BRDA:509,67,0,0
BRDA:509,67,1,0
BRDA:520,68,0,0
BRDA:520,68,1,0
BRF:163
BRH:0
end_of_record
TN:
SF:services\LocalStorageManager.ts
FN:16,(anonymous_0)
FN:23,(anonymous_1)
FN:50,(anonymous_2)
FN:70,(anonymous_3)
FN:85,(anonymous_4)
FN:101,(anonymous_5)
FN:161,(anonymous_6)
FN:200,(anonymous_7)
FN:206,(anonymous_8)
FN:207,(anonymous_9)
FN:217,(anonymous_10)
FN:224,(anonymous_11)
FN:231,(anonymous_12)
FN:238,(anonymous_13)
FN:241,(anonymous_14)
FN:251,(anonymous_15)
FN:258,(anonymous_16)
FN:279,(anonymous_17)
FN:295,(anonymous_18)
FN:318,(anonymous_19)
FN:343,(anonymous_20)
FN:363,(anonymous_21)
FN:369,(anonymous_22)
FN:383,(anonymous_23)
FN:435,(anonymous_24)
FN:445,(anonymous_25)
FN:476,(anonymous_26)
FN:491,(anonymous_27)
FN:509,(anonymous_28)
FN:512,(anonymous_29)
FN:548,(anonymous_30)
FN:555,(anonymous_31)
FN:562,(anonymous_32)
FN:565,(anonymous_33)
FN:575,(anonymous_34)
FN:595,(anonymous_35)
FNF:36
FNH:0
FNDA:0,(anonymous_0)
FNDA:0,(anonymous_1)
FNDA:0,(anonymous_2)
FNDA:0,(anonymous_3)
FNDA:0,(anonymous_4)
FNDA:0,(anonymous_5)
FNDA:0,(anonymous_6)
FNDA:0,(anonymous_7)
FNDA:0,(anonymous_8)
FNDA:0,(anonymous_9)
FNDA:0,(anonymous_10)
FNDA:0,(anonymous_11)
FNDA:0,(anonymous_12)
FNDA:0,(anonymous_13)
FNDA:0,(anonymous_14)
FNDA:0,(anonymous_15)
FNDA:0,(anonymous_16)
FNDA:0,(anonymous_17)
FNDA:0,(anonymous_18)
FNDA:0,(anonymous_19)
FNDA:0,(anonymous_20)
FNDA:0,(anonymous_21)
FNDA:0,(anonymous_22)
FNDA:0,(anonymous_23)
FNDA:0,(anonymous_24)
FNDA:0,(anonymous_25)
FNDA:0,(anonymous_26)
FNDA:0,(anonymous_27)
FNDA:0,(anonymous_28)
FNDA:0,(anonymous_29)
FNDA:0,(anonymous_30)
FNDA:0,(anonymous_31)
FNDA:0,(anonymous_32)
FNDA:0,(anonymous_33)
FNDA:0,(anonymous_34)
FNDA:0,(anonymous_35)
DA:9,0
DA:10,0
DA:11,0
DA:12,0
DA:13,0
DA:17,0
DA:24,0
DA:25,0
DA:26,0
DA:28,0
DA:29,0
DA:32,0
DA:35,0
DA:36,0
DA:37,0
DA:40,0
DA:42,0
DA:43,0
DA:51,0
DA:52,0
DA:58,0
DA:59,0
DA:60,0
DA:62,0
DA:63,0
DA:71,0
DA:72,0
DA:73,0
DA:74,0
DA:75,0
DA:77,0
DA:78,0
DA:86,0
DA:87,0
DA:88,0
DA:89,0
DA:91,0
DA:93,0
DA:94,0
DA:108,0
DA:109,0
DA:110,0
DA:111,0
DA:112,0
DA:113,0
DA:115,0
DA:116,0
DA:117,0
DA:118,0
DA:119,0
DA:120,0
DA:122,0
DA:123,0
DA:126,0
DA:127,0
DA:129,0
DA:130,0
DA:135,0
DA:139,0
DA:147,0
DA:148,0
DA:162,0
DA:163,0
DA:164,0
DA:165,0
DA:167,0
DA:168,0
DA:169,0
DA:170,0
DA:171,0
DA:174,0
DA:175,0
DA:180,0
DA:184,0
DA:185,0
DA:187,0
DA:190,0
DA:192,0
DA:193,0
DA:201,0
DA:202,0
DA:203,0
DA:205,0
DA:206,0
DA:207,0
DA:209,0
DA:210,0
DA:218,0
DA:225,0
DA:232,0
DA:239,0
DA:240,0
DA:241,0
DA:243,0
DA:244,0
DA:252,0
DA:259,0
DA:260,0
DA:261,0
DA:263,0
DA:269,0
DA:272,0
DA:280,0
DA:281,0
DA:282,0
DA:283,0
DA:284,0
DA:285,0
DA:288,0
DA:296,0
DA:297,0
DA:298,0
DA:299,0
DA:301,0
DA:302,0
DA:303,0
DA:306,0
DA:309,0
DA:319,0
DA:320,0
DA:321,0
DA:328,0
DA:329,0
DA:330,0
DA:333,0
DA:335,0
DA:336,0
DA:344,0
DA:345,0
DA:346,0
DA:348,0
DA:349,0
DA:352,0
DA:353,0
DA:355,0
DA:356,0
DA:364,0
DA:365,0
DA:366,0
DA:368,0
DA:369,0
DA:375,0
DA:376,0
DA:389,0
DA:390,0
DA:391,0
DA:392,0
DA:395,0
DA:397,0
DA:398,0
DA:399,0
DA:400,0
DA:401,0
DA:402,0
DA:404,0
DA:405,0
DA:406,0
DA:407,0
DA:415,0
DA:422,0
DA:423,0
DA:436,0
DA:437,0
DA:439,0
DA:440,0
DA:444,0
DA:445,0
DA:447,0
DA:448,0
DA:449,0
DA:451,0
DA:452,0
DA:453,0
DA:456,0
DA:457,0
DA:458,0
DA:459,0
DA:461,0
DA:465,0
DA:466,0
DA:468,0
DA:469,0
DA:477,0
DA:478,0
DA:479,0
DA:480,0
DA:481,0
DA:483,0
DA:484,0
DA:492,0
DA:493,0
DA:494,0
DA:495,0
DA:497,0
DA:499,0
DA:500,0
DA:510,0
DA:512,0
DA:513,0
DA:515,0
DA:524,0
DA:526,0
DA:539,0
DA:542,0
DA:549,0
DA:556,0
DA:563,0
DA:564,0
DA:565,0
DA:567,0
DA:568,0
DA:576,0
DA:577,0
DA:578,0
DA:580,0
DA:586,0
DA:588,0
DA:596,0
DA:597,0
DA:598,0
DA:599,0
DA:600,0
DA:601,0
DA:604,0
LF:224
LH:0
BRDA:16,0,0,0
BRDA:28,1,0,0
BRDA:28,1,1,0
BRDA:35,2,0,0
BRDA:35,2,1,0
BRDA:88,3,0,0
BRDA:88,3,1,0
BRDA:118,4,0,0
BRDA:118,4,1,0
BRDA:122,5,0,0
BRDA:122,5,1,0
BRDA:126,6,0,0
BRDA:126,6,1,0
BRDA:129,7,0,0
BRDA:129,7,1,0
BRDA:143,8,0,0
BRDA:143,8,1,0
BRDA:144,9,0,0
BRDA:144,9,1,0
BRDA:170,10,0,0
BRDA:170,10,1,0
BRDA:174,11,0,0
BRDA:174,11,1,0
BRDA:174,12,0,0
BRDA:174,12,1,0
BRDA:184,13,0,0
BRDA:184,13,1,0
BRDA:261,14,0,0
BRDA:261,14,1,0
BRDA:282,15,0,0
BRDA:282,15,1,0
BRDA:298,16,0,0
BRDA:298,16,1,0
BRDA:348,17,0,0
BRDA:348,17,1,0
BRDA:366,18,0,0
BRDA:366,18,1,0
BRDA:372,19,0,0
BRDA:372,19,1,0
BRDA:400,20,0,0
BRDA:400,20,1,0
BRDA:404,21,0,0
BRDA:404,21,1,0
BRDA:406,22,0,0
BRDA:406,22,1,0
BRDA:439,23,0,0
BRDA:439,23,1,0
BRDA:452,24,0,0
BRDA:452,24,1,0
BRDA:494,25,0,0
BRDA:494,25,1,0
BRDA:510,26,0,0
BRDA:510,26,1,0
BRDA:513,27,0,0
BRDA:513,27,1,0
BRDA:513,28,0,0
BRDA:513,28,1,0
BRDA:524,29,0,0
BRDA:524,29,1,0
BRDA:524,30,0,0
BRDA:524,30,1,0
BRDA:578,31,0,0
BRDA:578,31,1,0
BRDA:598,32,0,0
BRDA:598,32,1,0
BRF:65
BRH:0
end_of_record
TN:
SF:services\MatchResultOfflineService.ts
FN:38,(anonymous_0)
FN:49,(anonymous_1)
FN:59,(anonymous_2)
FN:60,(anonymous_3)
FN:74,(anonymous_4)
FN:96,(anonymous_5)
FN:126,(anonymous_6)
FN:129,(anonymous_7)
FN:170,(anonymous_8)
FN:185,(anonymous_9)
FN:188,(anonymous_10)
FN:205,(anonymous_11)
FN:208,(anonymous_12)
FN:221,(anonymous_13)
FN:234,(anonymous_14)
FN:242,(anonymous_15)
FN:250,(anonymous_16)
FN:331,(anonymous_17)
FN:361,(anonymous_18)
FN:364,(anonymous_19)
FN:373,(anonymous_20)
FN:376,(anonymous_21)
FN:394,(anonymous_22)
FN:409,(anonymous_23)
FN:410,(anonymous_24)
FN:411,(anonymous_25)
FN:436,(anonymous_26)
FN:443,(anonymous_27)
FN:453,(anonymous_28)
FN:454,(anonymous_29)
FN:466,(anonymous_30)
FN:473,(anonymous_31)
FN:480,(anonymous_32)
FN:487,(anonymous_33)
FN:494,(anonymous_34)
FN:508,(anonymous_35)
FNF:36
FNH:0
FNDA:0,(anonymous_0)
FNDA:0,(anonymous_1)
FNDA:0,(anonymous_2)
FNDA:0,(anonymous_3)
FNDA:0,(anonymous_4)
FNDA:0,(anonymous_5)
FNDA:0,(anonymous_6)
FNDA:0,(anonymous_7)
FNDA:0,(anonymous_8)
FNDA:0,(anonymous_9)
FNDA:0,(anonymous_10)
FNDA:0,(anonymous_11)
FNDA:0,(anonymous_12)
FNDA:0,(anonymous_13)
FNDA:0,(anonymous_14)
FNDA:0,(anonymous_15)
FNDA:0,(anonymous_16)
FNDA:0,(anonymous_17)
FNDA:0,(anonymous_18)
FNDA:0,(anonymous_19)
FNDA:0,(anonymous_20)
FNDA:0,(anonymous_21)
FNDA:0,(anonymous_22)
FNDA:0,(anonymous_23)
FNDA:0,(anonymous_24)
FNDA:0,(anonymous_25)
FNDA:0,(anonymous_26)
FNDA:0,(anonymous_27)
FNDA:0,(anonymous_28)
FNDA:0,(anonymous_29)
FNDA:0,(anonymous_30)
FNDA:0,(anonymous_31)
FNDA:0,(anonymous_32)
FNDA:0,(anonymous_33)
FNDA:0,(anonymous_34)
FNDA:0,(anonymous_35)
DA:33,0
DA:34,0
DA:35,0
DA:39,0
DA:46,0
DA:50,0
DA:51,0
DA:53,0
DA:60,0
DA:61,0
DA:62,0
DA:65,0
DA:66,0
DA:75,0
DA:76,0
DA:77,0
DA:79,0
DA:82,0
DA:83,0
DA:86,0
DA:88,0
DA:89,0
DA:97,0
DA:98,0
DA:99,0
DA:101,0
DA:102,0
DA:105,0
DA:108,0
DA:109,0
DA:111,0
DA:112,0
DA:113,0
DA:116,0
DA:118,0
DA:119,0
DA:127,0
DA:128,0
DA:129,0
DA:131,0
DA:132,0
DA:135,0
DA:136,0
DA:138,0
DA:139,0
DA:140,0
DA:141,0
DA:144,0
DA:145,0
DA:147,0
DA:148,0
DA:151,0
DA:152,0
DA:155,0
DA:160,0
DA:162,0
DA:163,0
DA:171,0
DA:172,0
DA:173,0
DA:174,0
DA:175,0
DA:177,0
DA:178,0
DA:186,0
DA:187,0
DA:188,0
DA:190,0
DA:191,0
DA:193,0
DA:196,0
DA:198,0
DA:206,0
DA:207,0
DA:208,0
DA:209,0
DA:212,0
DA:214,0
DA:222,0
DA:223,0
DA:224,0
DA:226,0
DA:227,0
DA:235,0
DA:236,0
DA:243,0
DA:244,0
DA:253,0
DA:254,0
DA:262,0
DA:263,0
DA:271,0
DA:272,0
DA:279,0
DA:280,0
DA:282,0
DA:283,0
DA:285,0
DA:286,0
DA:287,0
DA:291,0
DA:295,0
DA:297,0
DA:299,0
DA:301,0
DA:304,0
DA:307,0
DA:309,0
DA:317,0
DA:318,0
DA:319,0
DA:322,0
DA:323,0
DA:324,0
DA:331,0
DA:334,0
DA:335,0
DA:342,0
DA:345,0
DA:346,0
DA:351,0
DA:352,0
DA:355,0
DA:364,0
DA:367,0
DA:374,0
DA:375,0
DA:376,0
DA:377,0
DA:380,0
DA:381,0
DA:384,0
DA:386,0
DA:387,0
DA:401,0
DA:402,0
DA:403,0
DA:405,0
DA:406,0
DA:408,0
DA:409,0
DA:410,0
DA:411,0
DA:414,0
DA:422,0
DA:423,0
DA:437,0
DA:444,0
DA:445,0
DA:446,0
DA:454,0
DA:455,0
DA:456,0
DA:458,0
DA:467,0
DA:474,0
DA:481,0
DA:488,0
DA:495,0
DA:496,0
DA:497,0
DA:498,0
DA:500,0
DA:501,0
DA:509,0
DA:510,0
LF:166
LH:0
BRDA:50,0,0,0
BRDA:50,0,1,0
BRDA:62,1,0,0
BRDA:62,1,1,0
BRDA:65,2,0,0
BRDA:65,2,1,0
BRDA:65,3,0,0
BRDA:65,3,1,0
BRDA:65,3,2,0
BRDA:82,4,0,0
BRDA:82,4,1,0
BRDA:101,5,0,0
BRDA:101,5,1,0
BRDA:111,6,0,0
BRDA:111,6,1,0
BRDA:131,7,0,0
BRDA:131,7,1,0
BRDA:139,8,0,0
BRDA:139,8,1,0
BRDA:147,9,0,0
BRDA:147,9,1,0
BRDA:190,10,0,0
BRDA:190,10,1,0
BRDA:224,11,0,0
BRDA:224,11,1,0
BRDA:253,12,0,0
BRDA:253,12,1,0
BRDA:262,13,0,0
BRDA:262,13,1,0
BRDA:285,14,0,0
BRDA:285,14,1,0
BRDA:299,15,0,0
BRDA:299,15,1,0
BRDA:307,16,0,0
BRDA:307,16,1,0
BRDA:326,17,0,0
BRDA:326,17,1,0
BRDA:337,18,0,0
BRDA:337,18,1,0
BRDA:348,19,0,0
BRDA:348,19,1,0
BRDA:367,20,0,0
BRDA:367,20,1,0
BRDA:377,21,0,0
BRDA:377,21,1,0
BRDA:380,22,0,0
BRDA:380,22,1,0
BRDA:408,23,0,0
BRDA:408,23,1,0
BRDA:445,24,0,0
BRDA:445,24,1,0
BRDA:497,25,0,0
BRDA:497,25,1,0
BRDA:509,26,0,0
BRDA:509,26,1,0
BRF:55
BRH:0
end_of_record
TN:
SF:services\MatchResultsService.ts
FN:15,(anonymous_0)
FN:38,(anonymous_1)
FN:72,(anonymous_2)
FN:80,(anonymous_3)
FN:88,(anonymous_4)
FN:131,(anonymous_5)
FN:143,(anonymous_6)
FN:158,(anonymous_7)
FN:210,(anonymous_8)
FN:215,(anonymous_9)
FN:227,(anonymous_10)
FN:230,(anonymous_11)
FN:233,(anonymous_12)
FN:241,(anonymous_13)
FN:262,(anonymous_14)
FN:263,(anonymous_15)
FN:284,(anonymous_16)
FN:304,(anonymous_17)
FN:333,(anonymous_18)
FN:340,(anonymous_19)
FN:351,(anonymous_20)
FN:369,(anonymous_21)
FN:393,(anonymous_22)
FN:408,(anonymous_23)
FN:433,(anonymous_24)
FN:447,(anonymous_25)
FNF:26
FNH:0
FNDA:0,(anonymous_0)
FNDA:0,(anonymous_1)
FNDA:0,(anonymous_2)
FNDA:0,(anonymous_3)
FNDA:0,(anonymous_4)
FNDA:0,(anonymous_5)
FNDA:0,(anonymous_6)
FNDA:0,(anonymous_7)
FNDA:0,(anonymous_8)
FNDA:0,(anonymous_9)
FNDA:0,(anonymous_10)
FNDA:0,(anonymous_11)
FNDA:0,(anonymous_12)
FNDA:0,(anonymous_13)
FNDA:0,(anonymous_14)
FNDA:0,(anonymous_15)
FNDA:0,(anonymous_16)
FNDA:0,(anonymous_17)
FNDA:0,(anonymous_18)
FNDA:0,(anonymous_19)
FNDA:0,(anonymous_20)
FNDA:0,(anonymous_21)
FNDA:0,(anonymous_22)
FNDA:0,(anonymous_23)
FNDA:0,(anonymous_24)
FNDA:0,(anonymous_25)
DA:8,0
DA:9,0
DA:10,0
DA:16,0
DA:18,0
DA:20,0
DA:21,0
DA:22,0
DA:23,0
DA:24,0
DA:25,0
DA:27,0
DA:29,0
DA:33,0
DA:34,0
DA:35,0
DA:38,0
DA:39,0
DA:40,0
DA:43,0
DA:45,0
DA:47,0
DA:48,0
DA:49,0
DA:52,0
DA:53,0
DA:54,0
DA:55,0
DA:56,0
DA:60,0
DA:61,0
DA:62,0
DA:65,0
DA:73,0
DA:74,0
DA:81,0
DA:82,0
DA:89,0
DA:90,0
DA:92,0
DA:132,0
DA:133,0
DA:134,0
DA:135,0
DA:137,0
DA:144,0
DA:146,0
DA:147,0
DA:148,0
DA:150,0
DA:151,0
DA:159,0
DA:162,0
DA:163,0
DA:164,0
DA:167,0
DA:171,0
DA:175,0
DA:178,0
DA:182,0
DA:184,0
DA:185,0
DA:190,0
DA:192,0
DA:193,0
DA:196,0
DA:197,0
DA:200,0
DA:201,0
DA:204,0
DA:211,0
DA:212,0
DA:213,0
DA:215,0
DA:216,0
DA:217,0
DA:218,0
DA:219,0
DA:220,0
DA:221,0
DA:227,0
DA:230,0
DA:233,0
DA:235,0
DA:242,0
DA:244,0
DA:246,0
DA:247,0
DA:248,0
DA:249,0
DA:250,0
DA:252,0
DA:254,0
DA:257,0
DA:259,0
DA:260,0
DA:263,0
DA:266,0
DA:267,0
DA:269,0
DA:272,0
DA:273,0
DA:274,0
DA:277,0
DA:285,0
DA:286,0
DA:292,0
DA:297,0
DA:305,0
DA:306,0
DA:307,0
DA:309,0
DA:310,0
DA:311,0
DA:314,0
DA:315,0
DA:319,0
DA:320,0
DA:323,0
DA:325,0
DA:326,0
DA:334,0
DA:335,0
DA:336,0
DA:339,0
DA:340,0
DA:341,0
DA:344,0
DA:353,0
DA:354,0
DA:358,0
DA:359,0
DA:363,0
DA:370,0
DA:373,0
DA:374,0
DA:378,0
DA:379,0
DA:383,0
DA:384,0
DA:387,0
DA:394,0
DA:396,0
DA:397,0
DA:398,0
DA:400,0
DA:402,0
DA:409,0
DA:411,0
DA:412,0
DA:413,0
DA:414,0
DA:416,0
DA:419,0
DA:420,0
DA:421,0
DA:422,0
DA:424,0
DA:427,0
DA:434,0
DA:436,0
DA:437,0
DA:438,0
DA:439,0
DA:441,0
DA:448,0
DA:450,0
DA:479,0
DA:508,0
LF:169
LH:0
BRDA:15,0,0,0
BRDA:20,1,0,0
BRDA:20,1,1,0
BRDA:23,2,0,0
BRDA:23,2,1,0
BRDA:48,3,0,0
BRDA:48,3,1,0
BRDA:49,4,0,0
BRDA:49,4,1,0
BRDA:54,5,0,0
BRDA:54,5,1,0
BRDA:60,6,0,0
BRDA:60,6,1,0
BRDA:60,7,0,0
BRDA:60,7,1,0
BRDA:60,7,2,0
BRDA:93,8,0,0
BRDA:93,8,1,0
BRDA:94,9,0,0
BRDA:94,9,1,0
BRDA:95,10,0,0
BRDA:95,10,1,0
BRDA:96,11,0,0
BRDA:96,11,1,0
BRDA:110,12,0,0
BRDA:110,12,1,0
BRDA:111,13,0,0
BRDA:111,13,1,0
BRDA:112,14,0,0
BRDA:112,14,1,0
BRDA:113,15,0,0
BRDA:113,15,1,0
BRDA:114,16,0,0
BRDA:114,16,1,0
BRDA:115,17,0,0
BRDA:115,17,1,0
BRDA:118,18,0,0
BRDA:118,18,1,0
BRDA:119,19,0,0
BRDA:119,19,1,0
BRDA:120,20,0,0
BRDA:120,20,1,0
BRDA:122,21,0,0
BRDA:122,21,1,0
BRDA:123,22,0,0
BRDA:123,22,1,0
BRDA:124,23,0,0
BRDA:124,23,1,0
BRDA:132,24,0,0
BRDA:132,24,1,0
BRDA:133,25,0,0
BRDA:133,25,1,0
BRDA:135,26,0,0
BRDA:135,26,1,0
BRDA:144,27,0,0
BRDA:144,27,1,0
BRDA:148,28,0,0
BRDA:148,28,1,0
BRDA:159,29,0,0
BRDA:159,29,1,0
BRDA:163,30,0,0
BRDA:163,30,1,0
BRDA:167,31,0,0
BRDA:167,31,1,0
BRDA:167,31,2,0
BRDA:167,31,3,0
BRDA:167,31,4,0
BRDA:167,31,5,0
BRDA:167,31,6,0
BRDA:167,31,7,0
BRDA:167,31,8,0
BRDA:167,31,9,0
BRDA:167,31,10,0
BRDA:167,31,11,0
BRDA:192,32,0,0
BRDA:192,32,1,0
BRDA:192,33,0,0
BRDA:192,33,1,0
BRDA:192,33,2,0
BRDA:196,34,0,0
BRDA:196,34,1,0
BRDA:196,35,0,0
BRDA:196,35,1,0
BRDA:196,35,2,0
BRDA:200,36,0,0
BRDA:200,36,1,0
BRDA:200,37,0,0
BRDA:200,37,1,0
BRDA:216,38,0,0
BRDA:216,38,1,0
BRDA:218,39,0,0
BRDA:218,39,1,0
BRDA:220,40,0,0
BRDA:220,40,1,0
BRDA:248,41,0,0
BRDA:248,41,1,0
BRDA:248,42,0,0
BRDA:248,42,1,0
BRDA:272,43,0,0
BRDA:272,43,1,0
BRDA:272,44,0,0
BRDA:272,44,1,0
BRDA:272,44,2,0
BRDA:307,45,0,0
BRDA:307,45,1,0
BRDA:315,46,0,0
BRDA:315,46,1,0
BRDA:319,47,0,0
BRDA:319,47,1,0
BRDA:335,48,0,0
BRDA:335,48,1,0
BRDA:353,49,0,0
BRDA:353,49,1,0
BRDA:358,50,0,0
BRDA:358,50,1,0
BRDA:373,51,0,0
BRDA:373,51,1,0
BRDA:373,52,0,0
BRDA:373,52,1,0
BRDA:378,53,0,0
BRDA:378,53,1,0
BRDA:378,54,0,0
BRDA:378,54,1,0
BRDA:383,55,0,0
BRDA:383,55,1,0
BRDA:383,56,0,0
BRDA:383,56,1,0
BRDA:387,57,0,0
BRDA:387,57,1,0
BRDA:396,58,0,0
BRDA:396,58,1,0
BRDA:397,59,0,0
BRDA:397,59,1,0
BRDA:398,60,0,0
BRDA:398,60,1,0
BRDA:400,61,0,0
BRDA:400,61,1,0
BRDA:411,62,0,0
BRDA:411,62,1,0
BRDA:413,63,0,0
BRDA:413,63,1,0
BRDA:419,64,0,0
BRDA:419,64,1,0
BRDA:421,65,0,0
BRDA:421,65,1,0
BRDA:427,66,0,0
BRDA:427,66,1,0
BRDA:434,67,0,0
BRDA:434,67,1,0
BRDA:437,68,0,0
BRDA:437,68,1,0
BRDA:438,69,0,0
BRDA:438,69,1,0
BRF:153
BRH:0
end_of_record
TN:
SF:services\MemoryCacheManager.ts
FN:13,(anonymous_0)
FN:21,(anonymous_1)
FN:43,(anonymous_2)
FN:78,(anonymous_3)
FN:90,(anonymous_4)
FN:98,(anonymous_5)
FN:106,(anonymous_6)
FN:119,(anonymous_7)
FN:126,(anonymous_8)
FN:135,(anonymous_9)
FN:144,(anonymous_10)
FN:163,(anonymous_11)
FN:180,(anonymous_12)
FN:182,(anonymous_13)
FNF:14
FNH:0
FNDA:0,(anonymous_0)
FNDA:0,(anonymous_1)
FNDA:0,(anonymous_2)
[...]
BRDA:439,23,1,0
BRDA:448,24,0,0
BRDA:448,24,1,0
BRDA:448,25,0,0
BRDA:448,25,1,0
BRDA:457,26,0,0
BRDA:457,26,1,0
BRDA:462,27,0,0
BRDA:462,27,1,0
BRDA:501,28,0,0
BRDA:501,28,1,0
BRDA:504,29,0,0
BRDA:504,29,1,0
BRDA:504,30,0,0
BRDA:504,30,1,0
BRDA:516,31,0,0
BRDA:516,31,1,0
BRDA:543,32,0,0
BRDA:543,32,1,0
BRDA:543,33,0,0
BRDA:543,33,1,0
BRDA:546,34,0,0
BRDA:546,34,1,0
BRDA:546,35,0,0
BRDA:546,35,1,0
BRDA:549,36,0,0
BRDA:549,36,1,0
BRDA:560,37,0,0
BRDA:560,37,1,0
BRDA:563,38,0,0
BRDA:563,38,1,0
BRDA:574,39,0,0
BRDA:574,39,1,0
BRDA:588,40,0,0
BRDA:588,40,1,0
BRDA:588,41,0,0
BRDA:588,41,1,0
BRDA:591,42,0,0
BRDA:591,42,1,0
BRDA:615,43,0,0
BRDA:615,43,1,0
BRDA:615,43,2,0
BRDA:615,43,3,0
BRDA:647,44,0,0
BRDA:647,44,1,0
BRDA:742,45,0,0
BRDA:742,45,1,0
BRDA:747,46,0,0
BRDA:747,46,1,0
BRDA:764,47,0,0
BRDA:764,47,1,0
BRF:98
BRH:0
end_of_record
TN:
SF:services\StatusUpdateService.ts
FN:36,(anonymous_0)
FN:41,(anonymous_1)
FN:47,(anonymous_2)
FN:58,(anonymous_3)
FN:67,(anonymous_4)
FN:78,(anonymous_5)
FN:92,(anonymous_6)
FN:101,(anonymous_7)
FN:108,(anonymous_8)
FN:125,(anonymous_9)
FN:162,(anonymous_10)
FN:172,(anonymous_11)
FN:184,(anonymous_12)
FN:193,(anonymous_13)
FN:196,(anonymous_14)
FN:207,(anonymous_15)
FN:208,(anonymous_16)
FN:218,(anonymous_17)
FN:227,(anonymous_18)
FN:236,(anonymous_19)
FN:239,(anonymous_20)
FN:245,(anonymous_21)
FN:287,(anonymous_22)
FN:292,(anonymous_23)
FN:297,(anonymous_24)
FN:302,(anonymous_25)
FN:307,(anonymous_26)
FN:312,(anonymous_27)
FN:327,(anonymous_28)
FN:341,(anonymous_29)
FN:347,(anonymous_30)
FN:349,(anonymous_31)
FN:351,(anonymous_32)
FN:359,(anonymous_33)
FN:366,(anonymous_34)
FNF:35
FNH:0
FNDA:0,(anonymous_0)
FNDA:0,(anonymous_1)
FNDA:0,(anonymous_2)
FNDA:0,(anonymous_3)
FNDA:0,(anonymous_4)
FNDA:0,(anonymous_5)
FNDA:0,(anonymous_6)
FNDA:0,(anonymous_7)
FNDA:0,(anonymous_8)
FNDA:0,(anonymous_9)
FNDA:0,(anonymous_10)
FNDA:0,(anonymous_11)
FNDA:0,(anonymous_12)
FNDA:0,(anonymous_13)
FNDA:0,(anonymous_14)
FNDA:0,(anonymous_15)
FNDA:0,(anonymous_16)
FNDA:0,(anonymous_17)
FNDA:0,(anonymous_18)
FNDA:0,(anonymous_19)
FNDA:0,(anonymous_20)
FNDA:0,(anonymous_21)
FNDA:0,(anonymous_22)
FNDA:0,(anonymous_23)
FNDA:0,(anonymous_24)
FNDA:0,(anonymous_25)
FNDA:0,(anonymous_26)
FNDA:0,(anonymous_27)
FNDA:0,(anonymous_28)
FNDA:0,(anonymous_29)
FNDA:0,(anonymous_30)
FNDA:0,(anonymous_31)
FNDA:0,(anonymous_32)
FNDA:0,(anonymous_33)
FNDA:0,(anonymous_34)
DA:27,0
DA:28,0
DA:29,0
DA:30,0
DA:31,0
DA:32,0
DA:33,0
DA:34,0
DA:37,0
DA:42,0
DA:44,0
DA:45,0
DA:47,0
DA:48,0
DA:49,0
DA:50,0
DA:51,0
DA:58,0
DA:59,0
DA:60,0
DA:61,0
DA:63,0
DA:67,0
DA:68,0
DA:69,0
DA:70,0
DA:75,0
DA:78,0
DA:79,0
DA:80,0
DA:87,0
DA:93,0
DA:94,0
DA:95,0
DA:98,0
DA:99,0
DA:101,0
DA:102,0
DA:103,0
DA:109,0
DA:111,0
DA:112,0
DA:114,0
DA:115,0
DA:117,0
DA:118,0
DA:120,0
DA:131,0
DA:134,0
DA:135,0
DA:136,0
DA:140,0
DA:141,0
DA:144,0
DA:153,0
DA:154,0
DA:170,0
DA:172,0
DA:173,0
DA:176,0
DA:185,0
DA:194,0
DA:195,0
DA:196,0
DA:197,0
DA:198,0
DA:200,0
DA:208,0
DA:209,0
DA:210,0
DA:212,0
DA:219,0
DA:220,0
DA:223,0
DA:224,0
DA:227,0
DA:228,0
DA:229,0
DA:230,0
DA:237,0
DA:239,0
DA:240,0
DA:246,0
DA:249,0
DA:250,0
DA:254,0
DA:257,0
DA:266,0
DA:269,0
DA:270,0
DA:271,0
DA:281,0
DA:288,0
DA:293,0
DA:298,0
DA:303,0
DA:308,0
DA:318,0
DA:328,0
DA:329,0
DA:330,0
DA:333,0
DA:334,0
DA:335,0
DA:336,0
DA:341,0
DA:344,0
DA:346,0
DA:348,0
DA:350,0
DA:352,0
DA:357,0
DA:359,0
DA:360,0
DA:361,0
DA:363,0
DA:366,0
DA:367,0
DA:368,0
DA:369,0
LF:120
LH:0
BRDA:42,0,0,0
BRDA:42,0,1,0
BRDA:93,1,0,0
BRDA:93,1,1,0
BRDA:109,2,0,0
BRDA:109,2,1,0
BRDA:109,2,2,0
BRDA:109,2,3,0
BRDA:134,3,0,0
BRDA:134,3,1,0
BRDA:134,4,0,0
BRDA:134,4,1,0
BRDA:147,5,0,0
BRDA:147,5,1,0
BRDA:195,6,0,0
BRDA:195,6,1,0
BRDA:219,7,0,0
BRDA:219,7,1,0
BRDA:229,8,0,0
BRDA:229,8,1,0
BRDA:249,9,0,0
BRDA:249,9,1,0
BRDA:249,10,0,0
BRDA:249,10,1,0
BRDA:269,11,0,0
BRDA:269,11,1,0
BRDA:269,12,0,0
BRDA:269,12,1,0
BRDA:288,13,0,0
BRDA:288,13,1,0
BRDA:328,14,0,0
BRDA:328,14,1,0
BRDA:360,15,0,0
BRDA:360,15,1,0
BRDA:367,16,0,0
BRDA:367,16,1,0
BRF:36
BRH:0
end_of_record
TN:
SF:services\SyncManager.ts
FN:28,(anonymous_0)
FN:33,(anonymous_1)
FN:43,(anonymous_2)
FN:44,(anonymous_3)
FN:58,(anonymous_4)
FN:86,(anonymous_5)
FN:128,(anonymous_6)
FN:135,(anonymous_7)
FN:156,(anonymous_8)
FN:166,(anonymous_9)
FN:172,(anonymous_10)
FN:187,(anonymous_11)
FN:190,(anonymous_12)
FN:198,(anonymous_13)
FN:199,(anonymous_14)
FN:211,(anonymous_15)
FN:245,(anonymous_16)
FN:262,(anonymous_17)
FN:270,(anonymous_18)
FNF:19
FNH:0
FNDA:0,(anonymous_0)
FNDA:0,(anonymous_1)
FNDA:0,(anonymous_2)
FNDA:0,(anonymous_3)
FNDA:0,(anonymous_4)
FNDA:0,(anonymous_5)
FNDA:0,(anonymous_6)
FNDA:0,(anonymous_7)
FNDA:0,(anonymous_8)
FNDA:0,(anonymous_9)
FNDA:0,(anonymous_10)
FNDA:0,(anonymous_11)
FNDA:0,(anonymous_12)
FNDA:0,(anonymous_13)
FNDA:0,(anonymous_14)
FNDA:0,(anonymous_15)
FNDA:0,(anonymous_16)
FNDA:0,(anonymous_17)
FNDA:0,(anonymous_18)
DA:20,0
DA:22,0
DA:23,0
DA:24,0
DA:25,0
DA:26,0
DA:29,0
DA:30,0
DA:34,0
DA:35,0
DA:37,0
DA:44,0
DA:45,0
DA:46,0
DA:47,0
DA:49,0
DA:50,0
DA:64,0
DA:74,0
DA:75,0
DA:78,0
DA:79,0
DA:87,0
DA:88,0
DA:91,0
DA:92,0
DA:93,0
DA:96,0
DA:97,0
DA:98,0
DA:100,0
DA:102,0
DA:103,0
DA:104,0
DA:105,0
DA:108,0
DA:110,0
DA:113,0
DA:114,0
DA:115,0
DA:116,0
DA:118,0
DA:123,0
DA:124,0
DA:127,0
DA:128,0
DA:136,0
DA:138,0
DA:139,0
DA:142,0
DA:143,0
DA:145,0
DA:146,0
DA:149,0
DA:157,0
DA:158,0
DA:159,0
DA:167,0
DA:168,0
DA:172,0
DA:173,0
DA:174,0
DA:179,0
DA:180,0
DA:188,0
DA:190,0
DA:191,0
DA:199,0
DA:200,0
DA:201,0
DA:203,0
DA:215,0
DA:216,0
DA:219,0
DA:224,0
DA:226,0
DA:227,0
DA:230,0
DA:234,0
DA:235,0
DA:237,0
DA:238,0
DA:251,0
DA:263,0
DA:264,0
DA:271,0
DA:272,0
DA:273,0
DA:274,0
LF:89
LH:0
BRDA:34,0,0,0
BRDA:34,0,1,0
BRDA:45,1,0,0
BRDA:45,1,1,0
BRDA:62,2,0,0
BRDA:78,3,0,0
BRDA:78,3,1,0
BRDA:87,4,0,0
BRDA:87,4,1,0
BRDA:87,5,0,0
BRDA:87,5,1,0
BRDA:91,6,0,0
BRDA:91,6,1,0
BRDA:114,7,0,0
BRDA:114,7,1,0
BRDA:127,8,0,0
BRDA:127,8,1,0
BRDA:136,9,0,0
BRDA:136,9,1,0
BRDA:136,9,2,0
BRDA:142,10,0,0
BRDA:142,10,1,0
BRDA:157,11,0,0
BRDA:157,11,1,0
BRDA:167,12,0,0
BRDA:167,12,1,0
BRDA:173,13,0,0
BRDA:173,13,1,0
BRDA:173,14,0,0
BRDA:173,14,1,0
BRDA:179,15,0,0
BRDA:179,15,1,0
BRDA:215,16,0,0
BRDA:215,16,1,0
BRDA:227,17,0,0
BRDA:227,17,1,0
BRF:36
BRH:0
end_of_record
TN:
SF:services\TournamentStatusMonitor.ts
FN:75,(anonymous_0)
FN:167,(anonymous_1)
FN:221,(anonymous_2)
FN:230,(anonymous_3)
FN:273,(anonymous_4)
FN:313,(anonymous_5)
FN:340,(anonymous_6)
FN:347,(anonymous_7)
FN:353,(anonymous_8)
FN:360,(anonymous_9)
FN:367,(anonymous_10)
FN:377,(anonymous_11)
FN:386,(anonymous_12)
FN:394,(anonymous_13)
FN:407,(anonymous_14)
FN:441,(anonymous_15)
FN:455,(anonymous_16)
FN:467,(anonymous_17)
FN:468,(anonymous_18)
FN:488,(anonymous_19)
FN:511,(anonymous_20)
FNF:21
FNH:0
FNDA:0,(anonymous_0)
FNDA:0,(anonymous_1)
FNDA:0,(anonymous_2)
FNDA:0,(anonymous_3)
FNDA:0,(anonymous_4)
FNDA:0,(anonymous_5)
FNDA:0,(anonymous_6)
FNDA:0,(anonymous_7)
FNDA:0,(anonymous_8)
FNDA:0,(anonymous_9)
FNDA:0,(anonymous_10)
FNDA:0,(anonymous_11)
FNDA:0,(anonymous_12)
FNDA:0,(anonymous_13)
FNDA:0,(anonymous_14)
FNDA:0,(anonymous_15)
FNDA:0,(anonymous_16)
FNDA:0,(anonymous_17)
FNDA:0,(anonymous_18)
FNDA:0,(anonymous_19)
FNDA:0,(anonymous_20)
DA:67,0
DA:68,0
DA:69,0
DA:70,0
DA:79,0
DA:80,0
DA:81,0
DA:82,0
DA:84,0
DA:86,0
DA:87,0
DA:88,0
DA:92,0
DA:94,0
DA:96,0
DA:97,0
DA:101,0
DA:105,0
DA:106,0
DA:110,0
DA:113,0
DA:114,0
DA:119,0
DA:120,0
DA:124,0
DA:127,0
DA:128,0
DA:137,0
DA:146,0
DA:148,0
DA:150,0
DA:153,0
DA:154,0
DA:171,0
DA:172,0
DA:173,0
DA:174,0
DA:176,0
DA:177,0
DA:179,0
DA:180,0
DA:181,0
DA:182,0
DA:184,0
DA:188,0
DA:193,0
DA:199,0
DA:211,0
DA:213,0
DA:215,0
DA:226,0
DA:228,0
DA:229,0
DA:230,0
DA:232,0
DA:233,0
DA:243,0
DA:248,0
DA:249,0
DA:250,0
DA:253,0
DA:254,0
DA:257,0
DA:259,0
DA:262,0
DA:265,0
DA:266,0
DA:280,0
DA:281,0
DA:285,0
DA:286,0
DA:287,0
DA:289,0
DA:293,0
DA:294,0
DA:298,0
DA:299,0
DA:303,0
DA:304,0
DA:307,0
DA:314,0
DA:315,0
DA:318,0
DA:321,0
DA:330,0
DA:333,0
DA:341,0
DA:351,0
DA:352,0
DA:353,0
DA:361,0
DA:368,0
DA:369,0
DA:370,0
DA:371,0
DA:383,0
DA:386,0
DA:395,0
DA:396,0
DA:397,0
DA:398,0
DA:399,0
DA:408,0
DA:410,0
DA:418,0
DA:420,0
DA:431,0
DA:433,0
DA:434,0
DA:442,0
DA:443,0
DA:444,0
DA:445,0
DA:446,0
DA:448,0
DA:460,0
DA:461,0
DA:464,0
DA:466,0
DA:467,0
DA:468,0
DA:470,0
DA:471,0
DA:475,0
DA:476,0
DA:477,0
DA:478,0
DA:481,0
DA:492,0
DA:493,0
DA:497,0
DA:498,0
DA:499,0
DA:501,0
DA:502,0
DA:505,0
DA:516,0
DA:517,0
DA:521,0
DA:522,0
DA:523,0
DA:527,0
DA:528,0
DA:531,0
LF:144
LH:0
BRDA:84,0,0,0
BRDA:84,0,1,0
BRDA:94,1,0,0
BRDA:94,1,1,0
BRDA:96,2,0,0
BRDA:96,2,1,0
BRDA:105,3,0,0
BRDA:105,3,1,0
BRDA:113,4,0,0
BRDA:113,4,1,0
BRDA:119,5,0,0
BRDA:119,5,1,0
BRDA:127,6,0,0
BRDA:127,6,1,0
BRDA:179,7,0,0
BRDA:179,7,1,0
BRDA:179,8,0,0
BRDA:179,8,1,0
BRDA:181,9,0,0
BRDA:181,9,1,0
BRDA:181,10,0,0
BRDA:181,10,1,0
BRDA:181,10,2,0
BRDA:188,11,0,0
BRDA:188,11,1,0
BRDA:232,12,0,0
BRDA:232,12,1,0
BRDA:232,13,0,0
BRDA:232,13,1,0
BRDA:248,14,0,0
BRDA:248,14,1,0
BRDA:249,15,0,0
BRDA:249,15,1,0
BRDA:253,16,0,0
BRDA:253,16,1,0
BRDA:280,17,0,0
BRDA:280,17,1,0
BRDA:280,18,0,0
BRDA:280,18,1,0
BRDA:285,19,0,0
BRDA:285,19,1,0
BRDA:285,20,0,0
BRDA:285,20,1,0
BRDA:285,20,2,0
BRDA:286,21,0,0
BRDA:286,21,1,0
BRDA:293,22,0,0
BRDA:293,22,1,0
BRDA:298,23,0,0
BRDA:298,23,1,0
BRDA:303,24,0,0
BRDA:303,24,1,0
BRDA:303,25,0,0
BRDA:303,25,1,0
BRDA:303,25,2,0
BRDA:341,26,0,0
BRDA:341,26,1,0
BRDA:349,27,0,0
BRDA:351,28,0,0
BRDA:351,28,1,0
BRDA:361,29,0,0
BRDA:361,29,1,0
BRDA:418,30,0,0
BRDA:418,30,1,0
BRDA:460,31,0,0
BRDA:460,31,1,0
BRDA:467,32,0,0
BRDA:467,32,1,0
BRDA:470,33,0,0
BRDA:470,33,1,0
BRDA:492,34,0,0
BRDA:492,34,1,0
BRDA:501,35,0,0
BRDA:501,35,1,0
BRDA:501,36,0,0
BRDA:501,36,1,0
BRDA:516,37,0,0
BRDA:516,37,1,0
BRDA:522,38,0,0
BRDA:522,38,1,0
BRDA:522,39,0,0
BRDA:522,39,1,0
BRDA:527,40,0,0
BRDA:527,40,1,0
BRF:84
BRH:0
end_of_record
TN:
SF:services\TournamentStatusSubscriptionService.ts
FN:73,(anonymous_0)
FN:95,(anonymous_1)
FN:144,(anonymous_2)
FN:158,(anonymous_3)
FN:162,(anonymous_4)
FN:185,(anonymous_5)
FN:199,(anonymous_6)
FN:203,(anonymous_7)
FN:226,(anonymous_8)
FN:254,(anonymous_9)
FN:282,(anonymous_10)
FN:320,(anonymous_11)
FN:362,(anonymous_12)
FN:394,(anonymous_13)
FN:417,(anonymous_14)
FN:431,(anonymous_15)
FN:436,(anonymous_16)
FN:445,(anonymous_17)
FN:454,(anonymous_18)
FN:463,(anonymous_19)
FN:479,(anonymous_20)
FN:486,(anonymous_21)
FN:503,(anonymous_22)
FNF:23
FNH:0
FNDA:0,(anonymous_0)
FNDA:0,(anonymous_1)
FNDA:0,(anonymous_2)
FNDA:0,(anonymous_3)
FNDA:0,(anonymous_4)
FNDA:0,(anonymous_5)
FNDA:0,(anonymous_6)
FNDA:0,(anonymous_7)
FNDA:0,(anonymous_8)
FNDA:0,(anonymous_9)
FNDA:0,(anonymous_10)
FNDA:0,(anonymous_11)
FNDA:0,(anonymous_12)
FNDA:0,(anonymous_13)
FNDA:0,(anonymous_14)
FNDA:0,(anonymous_15)
FNDA:0,(anonymous_16)
FNDA:0,(anonymous_17)
FNDA:0,(anonymous_18)
FNDA:0,(anonymous_19)
FNDA:0,(anonymous_20)
FNDA:0,(anonymous_21)
FNDA:0,(anonymous_22)
DA:57,0
DA:58,0
DA:59,0
DA:60,0
DA:62,0
DA:63,0
DA:66,0
DA:67,0
DA:68,0
DA:74,0
DA:76,0
DA:79,0
DA:82,0
DA:89,0
DA:99,0
DA:101,0
DA:102,0
DA:103,0
DA:104,0
DA:108,0
DA:109,0
DA:110,0
DA:114,0
DA:116,0
DA:118,0
DA:121,0
DA:123,0
DA:125,0
DA:126,0
DA:127,0
DA:129,0
DA:132,0
DA:135,0
DA:136,0
DA:137,0
DA:145,0
DA:146,0
DA:148,0
DA:159,0
DA:163,0
DA:165,0
DA:166,0
DA:167,0
DA:168,0
DA:169,0
DA:173,0
DA:174,0
DA:177,0
DA:178,0
DA:186,0
DA:187,0
DA:189,0
DA:200,0
DA:204,0
DA:206,0
DA:207,0
DA:208,0
DA:209,0
DA:210,0
DA:214,0
DA:215,0
DA:218,0
DA:219,0
DA:227,0
DA:228,0
DA:229,0
DA:231,0
DA:237,0
DA:238,0
DA:241,0
DA:244,0
DA:247,0
DA:255,0
DA:256,0
DA:257,0
DA:259,0
DA:265,0
DA:266,0
DA:269,0
DA:270,0
DA:271,0
DA:275,0
DA:286,0
DA:289,0
DA:290,0
DA:294,0
DA:295,0
DA:298,0
DA:299,0
DA:303,0
DA:304,0
DA:306,0
DA:324,0
DA:327,0
DA:328,0
DA:331,0
DA:332,0
DA:336,0
DA:337,0
DA:341,0
DA:342,0
DA:345,0
DA:346,0
DA:348,0
DA:368,0
DA:369,0
DA:373,0
DA:374,0
DA:378,0
DA:379,0
DA:380,0
DA:381,0
DA:383,0
DA:384,0
DA:388,0
DA:398,0
DA:399,0
DA:402,0
DA:403,0
DA:407,0
DA:408,0
DA:411,0
DA:418,0
DA:420,0
DA:421,0
DA:422,0
DA:423,0
DA:425,0
DA:432,0
DA:435,0
DA:436,0
DA:437,0
DA:446,0
DA:447,0
DA:448,0
DA:451,0
DA:454,0
DA:455,0
DA:456,0
DA:458,0
DA:459,0
DA:463,0
DA:464,0
DA:465,0
DA:467,0
DA:472,0
DA:473,0
DA:480,0
DA:492,0
DA:504,0
DA:507,0
DA:508,0
DA:509,0
DA:513,0
DA:514,0
DA:515,0
DA:516,0
DA:518,0
DA:521,0
DA:524,0
DA:525,0
DA:526,0
DA:527,0
DA:529,0
DA:532,0
DA:535,0
DA:536,0
DA:539,0
DA:540,0
DA:543,0
DA:544,0
LF:171
LH:0
BRDA:74,0,0,0
BRDA:74,0,1,0
BRDA:101,1,0,0
BRDA:101,1,1,0
BRDA:108,2,0,0
BRDA:108,2,1,0
BRDA:123,3,0,0
BRDA:123,3,1,0
BRDA:125,4,0,0
BRDA:125,4,1,0
BRDA:136,5,0,0
BRDA:136,5,1,0
BRDA:165,6,0,0
BRDA:165,6,1,0
BRDA:167,7,0,0
BRDA:167,7,1,0
BRDA:206,8,0,0
BRDA:206,8,1,0
BRDA:208,9,0,0
BRDA:208,9,1,0
BRDA:270,10,0,0
BRDA:270,10,1,0
BRDA:289,11,0,0
BRDA:289,11,1,0
BRDA:294,12,0,0
BRDA:294,12,1,0
BRDA:298,13,0,0
BRDA:298,13,1,0
BRDA:327,14,0,0
BRDA:327,14,1,0
BRDA:331,15,0,0
BRDA:331,15,1,0
BRDA:336,16,0,0
BRDA:336,16,1,0
BRDA:341,17,0,0
BRDA:341,17,1,0
BRDA:368,18,0,0
BRDA:368,18,1,0
BRDA:368,19,0,0
BRDA:368,19,1,0
BRDA:373,20,0,0
BRDA:373,20,1,0
BRDA:373,21,0,0
BRDA:373,21,1,0
BRDA:378,22,0,0
BRDA:378,22,1,0
BRDA:378,23,0,0
BRDA:378,23,1,0
BRDA:379,24,0,0
BRDA:379,24,1,0
BRDA:380,25,0,0
BRDA:380,25,1,0
BRDA:383,26,0,0
BRDA:383,26,1,0
BRDA:398,27,0,0
BRDA:398,27,1,0
BRDA:402,28,0,0
BRDA:402,28,1,0
BRDA:407,29,0,0
BRDA:407,29,1,0
BRDA:407,30,0,0
BRDA:407,30,1,0
BRDA:420,31,0,0
BRDA:420,31,1,0
BRDA:421,32,0,0
BRDA:421,32,1,0
BRDA:422,33,0,0
BRDA:422,33,1,0
BRDA:423,34,0,0
BRDA:423,34,1,0
BRDA:435,35,0,0
BRDA:435,35,1,0
BRDA:446,36,0,0
BRDA:446,36,1,0
BRDA:458,37,0,0
BRDA:458,37,1,0
BRDA:507,38,0,0
BRDA:507,38,1,0
BRDA:539,39,0,0
BRDA:539,39,1,0
BRF:80
BRH:0
end_of_record
TN:
SF:services\TournamentStorageService.ts
FN:21,(anonymous_0)
FN:35,(anonymous_1)
FN:54,(anonymous_2)
FN:67,(anonymous_3)
FN:80,(anonymous_4)
FN:94,(anonymous_5)
FN:119,(anonymous_6)
FN:136,(anonymous_7)
FN:150,(anonymous_8)
FN:163,(anonymous_9)
FN:181,(anonymous_10)
FN:194,(anonymous_11)
FN:208,(anonymous_12)
FN:215,(anonymous_13)
FNF:14
FNH:0
FNDA:0,(anonymous_0)
FNDA:0,(anonymous_1)
FNDA:0,(anonymous_2)
FNDA:0,(anonymous_3)
FNDA:0,(anonymous_4)
FNDA:0,(anonymous_5)
FNDA:0,(anonymous_6)
FNDA:0,(anonymous_7)
FNDA:0,(anonymous_8)
FNDA:0,(anonymous_9)
FNDA:0,(anonymous_10)
FNDA:0,(anonymous_11)
FNDA:0,(anonymous_12)
FNDA:0,(anonymous_13)
DA:4,0
DA:22,0
DA:23,0
DA:24,0
DA:25,0
DA:27,0
DA:28,0
DA:36,0
DA:37,0
DA:38,0
DA:39,0
DA:42,0
DA:43,0
DA:44,0
DA:46,0
DA:47,0
DA:55,0
DA:56,0
DA:57,0
DA:59,0
DA:60,0
DA:68,0
DA:69,0
DA:70,0
DA:72,0
DA:73,0
DA:81,0
DA:82,0
DA:83,0
DA:84,0
DA:86,0
DA:87,0
DA:95,0
DA:96,0
DA:97,0
DA:99,0
DA:105,0
DA:107,0
DA:109,0
DA:123,0
DA:124,0
DA:125,0
DA:126,0
DA:128,0
DA:129,0
DA:137,0
DA:138,0
DA:139,0
DA:140,0
DA:142,0
DA:143,0
DA:151,0
DA:152,0
DA:153,0
DA:155,0
DA:156,0
DA:164,0
DA:165,0
DA:166,0
DA:170,0
DA:172,0
DA:174,0
DA:182,0
DA:183,0
DA:185,0
DA:186,0
DA:195,0
DA:196,0
DA:197,0
DA:199,0
DA:201,0
DA:209,0
DA:210,0
DA:211,0
DA:214,0
DA:215,0
DA:216,0
DA:218,0
DA:219,0
DA:222,0
DA:224,0
DA:225,0
LF:82
LH:0
BRDA:38,0,0,0
BRDA:38,0,1,0
BRDA:97,1,0,0
BRDA:97,1,1,0
BRDA:170,2,0,0
BRDA:170,2,1,0
BRDA:197,3,0,0
BRDA:197,3,1,0
BRDA:218,4,0,0
BRDA:218,4,1,0
BRF:10
BRH:0
end_of_record
TN:
SF:services\VisApiServiceFactory.ts
FN:9,(anonymous_0)
FN:18,(anonymous_1)
FNF:2
FNH:0
FNDA:0,(anonymous_0)
FNDA:0,(anonymous_1)
DA:7,0
DA:10,0
DA:12,0
DA:13,0
DA:15,0
DA:19,0
DA:23,0
LF:7
LH:0
BRDA:10,0,0,0
BRDA:10,0,1,0
BRF:2
BRH:0
end_of_record
TN:
SF:services\supabase.ts
FN:34,(anonymous_0)
FNF:1
FNH:0
FNDA:0,(anonymous_0)
DA:5,0
DA:6,0
DA:8,0
DA:9,0
DA:16,0
DA:18,0
DA:34,0
DA:35,0
DA:36,0
DA:39,0
DA:40,0
DA:44,0
DA:45,0
DA:46,0
DA:49,0
DA:51,0
DA:52,0
LF:17
LH:0
BRDA:8,0,0,0
BRDA:8,0,1,0
BRDA:8,1,0,0
BRDA:8,1,1,0
BRDA:20,2,0,0
BRDA:20,2,1,0
BRDA:39,3,0,0
BRDA:39,3,1,0
BRDA:39,4,0,0
BRDA:39,4,1,0
BRDA:39,4,2,0
BRDA:44,5,0,0
BRDA:44,5,1,0
BRF:13
BRH:0
end_of_record
TN:
SF:services\visApi.ts
FN:15,(anonymous_0)
FN:26,(anonymous_1)
FN:38,(anonymous_2)
FN:45,(anonymous_3)
FN:56,(anonymous_4)
FN:89,(anonymous_5)
FN:128,(anonymous_6)
FN:143,(anonymous_7)
FN:168,(anonymous_8)
FN:187,(anonymous_9)
FN:210,(anonymous_10)
FN:220,(anonymous_11)
FN:263,(anonymous_12)
FN:317,(anonymous_13)
FN:346,(anonymous_14)
FN:359,(anonymous_15)
FN:361,(anonymous_16)
FN:376,(anonymous_17)
FN:383,(anonymous_18)
FN:397,(anonymous_19)
FN:398,(anonymous_20)
FN:448,(anonymous_21)
FN:457,(anonymous_22)
FN:458,(anonymous_23)
FNF:24
FNH:0
FNDA:0,(anonymous_0)
FNDA:0,(anonymous_1)
FNDA:0,(anonymous_2)
FNDA:0,(anonymous_3)
FNDA:0,(anonymous_4)
FNDA:0,(anonymous_5)
FNDA:0,(anonymous_6)
FNDA:0,(anonymous_7)
FNDA:0,(anonymous_8)
FNDA:0,(anonymous_9)
FNDA:0,(anonymous_10)
FNDA:0,(anonymous_11)
FNDA:0,(anonymous_12)
FNDA:0,(anonymous_13)
FNDA:0,(anonymous_14)
FNDA:0,(anonymous_15)
FNDA:0,(anonymous_16)
FNDA:0,(anonymous_17)
FNDA:0,(anonymous_18)
FNDA:0,(anonymous_19)
FNDA:0,(anonymous_20)
FNDA:0,(anonymous_21)
FNDA:0,(anonymous_22)
FNDA:0,(anonymous_23)
DA:9,0
DA:16,0
DA:18,0
DA:19,0
DA:20,0
DA:22,0
DA:27,0
DA:29,0
DA:30,0
DA:31,0
DA:34,0
DA:39,0
DA:41,0
DA:42,0
DA:43,0
DA:45,0
DA:46,0
DA:47,0
DA:48,0
DA:51,0
DA:52,0
DA:57,0
DA:58,0
DA:61,0
DA:64,0
DA:68,0
DA:73,0
DA:77,0
DA:82,0
DA:86,0
DA:95,0
DA:96,0
DA:99,0
DA:101,0
DA:102,0
DA:103,0
DA:105,0
DA:106,0
DA:107,0
DA:109,0
DA:111,0
DA:114,0
DA:115,0
DA:116,0
DA:118,0
DA:119,0
DA:134,0
DA:136,0
DA:137,0
DA:139,0
DA:142,0
DA:143,0
DA:145,0
DA:154,0
DA:156,0
DA:157,0
DA:160,0
DA:161,0
DA:164,0
DA:165,0
DA:166,0
DA:168,0
DA:169,0
DA:171,0
DA:172,0
DA:173,0
DA:175,0
DA:176,0
DA:179,0
DA:181,0
DA:182,0
DA:187,0
DA:188,0
DA:189,0
DA:191,0
DA:192,0
DA:193,0
DA:194,0
DA:196,0
DA:200,0
DA:203,0
DA:210,0
DA:211,0
DA:212,0
DA:213,0
DA:216,0
DA:219,0
DA:220,0
DA:221,0
DA:224,0
DA:225,0
DA:228,0
DA:230,0
DA:233,0
DA:234,0
DA:264,0
DA:266,0
DA:268,0
DA:271,0
DA:272,0
DA:274,0
DA:276,0
DA:283,0
DA:284,0
DA:287,0
DA:289,0
DA:293,0
DA:294,0
DA:295,0
DA:296,0
DA:298,0
DA:301,0
DA:302,0
DA:303,0
DA:304,0
DA:305,0
DA:307,0
DA:308,0
DA:318,0
DA:320,0
DA:321,0
DA:322,0
DA:324,0
DA:326,0
DA:334,0
DA:335,0
DA:338,0
DA:339,0
DA:341,0
DA:343,0
DA:344,0
DA:345,0
DA:346,0
DA:349,0
DA:351,0
DA:352,0
DA:360,0
DA:361,0
DA:362,0
DA:363,0
DA:368,0
DA:377,0
DA:378,0
DA:384,0
DA:385,0
DA:386,0
DA:389,0
DA:390,0
DA:392,0
DA:393,0
DA:394,0
DA:397,0
DA:398,0
DA:399,0
DA:400,0
DA:403,0
DA:433,0
DA:436,0
DA:437,0
DA:438,0
DA:441,0
DA:443,0
DA:444,0
DA:449,0
DA:451,0
DA:453,0
DA:454,0
DA:457,0
DA:458,0
DA:459,0
DA:460,0
DA:463,0
DA:473,0
DA:474,0
LF:174
LH:0
BRDA:16,0,0,0
BRDA:16,0,1,0
BRDA:19,1,0,0
BRDA:19,1,1,0
BRDA:20,2,0,0
BRDA:20,2,1,0
BRDA:27,3,0,0
BRDA:27,3,1,0
BRDA:30,4,0,0
BRDA:30,4,1,0
BRDA:30,5,0,0
BRDA:30,5,1,0
BRDA:39,6,0,0
BRDA:39,6,1,0
BRDA:46,7,0,0
BRDA:46,7,1,0
BRDA:57,8,0,0
BRDA:57,8,1,0
BRDA:58,9,0,0
BRDA:58,9,1,0
BRDA:61,10,0,0
BRDA:61,10,1,0
BRDA:61,11,0,0
BRDA:61,11,1,0
BRDA:61,11,2,0
BRDA:68,12,0,0
BRDA:68,12,1,0
BRDA:68,13,0,0
BRDA:68,13,1,0
BRDA:68,13,2,0
BRDA:68,13,3,0
BRDA:68,13,4,0
BRDA:77,14,0,0
BRDA:77,14,1,0
BRDA:77,15,0,0
BRDA:77,15,1,0
BRDA:77,15,2,0
BRDA:77,15,3,0
BRDA:77,15,4,0
BRDA:156,16,0,0
BRDA:156,16,1,0
BRDA:169,17,0,0
BRDA:169,17,1,0
BRDA:173,18,0,0
BRDA:173,18,1,0
BRDA:175,19,0,0
BRDA:175,19,1,0
BRDA:188,20,0,0
BRDA:188,20,1,0
BRDA:189,21,0,0
BRDA:189,21,1,0
BRDA:219,22,0,0
BRDA:219,22,1,0
BRDA:219,23,0,0
BRDA:219,23,1,0
BRDA:278,24,0,0
BRDA:278,24,1,0
BRDA:283,25,0,0
BRDA:283,25,1,0
BRDA:283,26,0,0
BRDA:283,26,1,0
BRDA:334,27,0,0
BRDA:334,27,1,0
BRDA:344,28,0,0
BRDA:344,28,1,0
BRDA:362,29,0,0
BRDA:362,29,1,0
BRDA:378,30,0,0
BRDA:378,30,1,0
BRDA:378,30,2,0
BRDA:390,31,0,0
BRDA:390,31,1,0
BRDA:392,32,0,0
BRDA:392,32,1,0
BRDA:400,33,0,0
BRDA:400,33,1,0
BRDA:404,34,0,0
BRDA:404,34,1,0
BRDA:437,35,0,0
BRDA:437,35,1,0
BRDA:453,36,0,0
BRDA:453,36,1,0
BRDA:460,37,0,0
BRDA:460,37,1,0
BRDA:464,38,0,0
BRDA:464,38,1,0
BRF:86
BRH:0
end_of_record
TN:
SF:services\interfaces\IVisApiService.ts
FNF:0
FNH:0
LF:0
LH:0
BRF:0
BRH:0
end_of_record
